[0.013s] Invoking command in '/home/user/ros2_teaching/build/interfaces': CMAKE_PREFIX_PATH=${CMAKE_PREFIX_PATH}:/opt/ros/humble /usr/bin/cmake --build /home/user/ros2_teaching/build/interfaces -- -j8 -l8
[0.074s] [  3%] Built target interfaces__cpp
[0.075s] [ 12%] Built target interfaces__rosidl_generator_c
[0.086s] [ 12%] Built target ament_cmake_python_copy_interfaces
[0.104s] [ 22%] Built target interfaces__rosidl_typesupport_fastrtps_c
[0.106s] [ 32%] Built target interfaces__rosidl_typesupport_c
[0.106s] [ 41%] Built target interfaces__rosidl_typesupport_introspection_cpp
[0.107s] [ 51%] Built target interfaces__rosidl_typesupport_fastrtps_cpp
[0.107s] [ 70%] Built target interfaces__rosidl_typesupport_introspection_c
[0.108s] [ 70%] Built target interfaces__rosidl_typesupport_cpp
[0.145s] [ 70%] Built target interfaces
[0.171s] [ 74%] Built target interfaces__py
[0.192s] [ 80%] Built target interfaces__rosidl_generator_py
[0.216s] [ 96%] Built target interfaces__rosidl_typesupport_fastrtps_c__pyext
[0.219s] [100%] Built target interfaces__rosidl_typesupport_introspection_c__pyext
[0.220s] [100%] Built target interfaces__rosidl_typesupport_c__pyext
[0.336s] running egg_info
[0.337s] writing interfaces.egg-info/PKG-INFO
[0.338s] writing dependency_links to interfaces.egg-info/dependency_links.txt
[0.338s] writing top-level names to interfaces.egg-info/top_level.txt
[0.341s] reading manifest file 'interfaces.egg-info/SOURCES.txt'
[0.341s] writing manifest file 'interfaces.egg-info/SOURCES.txt'
[0.375s] [100%] Built target ament_cmake_python_build_interfaces_egg
[0.385s] Invoked command in '/home/user/ros2_teaching/build/interfaces' returned '0': CMAKE_PREFIX_PATH=${CMAKE_PREFIX_PATH}:/opt/ros/humble /usr/bin/cmake --build /home/user/ros2_teaching/build/interfaces -- -j8 -l8
[0.396s] Invoking command in '/home/user/ros2_teaching/build/interfaces': CMAKE_PREFIX_PATH=${CMAKE_PREFIX_PATH}:/opt/ros/humble /usr/bin/cmake --install /home/user/ros2_teaching/build/interfaces
[0.408s] -- Install configuration: ""
[0.409s] -- Installing: /home/user/ros2_teaching/install/interfaces/share/ament_index/resource_index/rosidl_interfaces/interfaces
[0.409s] -- Installing: /home/user/ros2_teaching/install/interfaces/include/interfaces/interfaces
[0.410s] -- Installing: /home/user/ros2_teaching/install/interfaces/include/interfaces/interfaces/msg
[0.410s] -- Installing: /home/user/ros2_teaching/install/interfaces/include/interfaces/interfaces/msg/rosidl_generator_c__visibility_control.h
[0.410s] -- Installing: /home/user/ros2_teaching/install/interfaces/include/interfaces/interfaces/srv
[0.410s] -- Installing: /home/user/ros2_teaching/install/interfaces/include/interfaces/interfaces/srv/distance.h
[0.411s] -- Installing: /home/user/ros2_teaching/install/interfaces/include/interfaces/interfaces/srv/detail
[0.412s] -- Installing: /home/user/ros2_teaching/install/interfaces/include/interfaces/interfaces/srv/detail/distance__functions.c
[0.412s] -- Installing: /home/user/ros2_teaching/install/interfaces/include/interfaces/interfaces/srv/detail/distance__struct.h
[0.412s] -- Installing: /home/user/ros2_teaching/install/interfaces/include/interfaces/interfaces/srv/detail/distance__functions.h
[0.412s] -- Installing: /home/user/ros2_teaching/install/interfaces/include/interfaces/interfaces/srv/detail/distance__type_support.h
[0.413s] -- Installing: /home/user/ros2_teaching/install/interfaces/share/interfaces/environment/library_path.sh
[0.414s] -- Installing: /home/user/ros2_teaching/install/interfaces/share/interfaces/environment/library_path.dsv
[0.414s] -- Installing: /home/user/ros2_teaching/install/interfaces/lib/libinterfaces__rosidl_generator_c.so
[0.416s] -- Set runtime path of "/home/user/ros2_teaching/install/interfaces/lib/libinterfaces__rosidl_generator_c.so" to ""
[0.416s] -- Up-to-date: /home/user/ros2_teaching/install/interfaces/include/interfaces/interfaces
[0.416s] -- Up-to-date: /home/user/ros2_teaching/install/interfaces/include/interfaces/interfaces/msg
[0.417s] -- Installing: /home/user/ros2_teaching/install/interfaces/include/interfaces/interfaces/msg/rosidl_typesupport_fastrtps_c__visibility_control.h
[0.417s] -- Up-to-date: /home/user/ros2_teaching/install/interfaces/include/interfaces/interfaces/srv
[0.417s] -- Up-to-date: /home/user/ros2_teaching/install/interfaces/include/interfaces/interfaces/srv/detail
[0.417s] -- Installing: /home/user/ros2_teaching/install/interfaces/include/interfaces/interfaces/srv/detail/distance__rosidl_typesupport_fastrtps_c.h
[0.417s] -- Installing: /home/user/ros2_teaching/install/interfaces/lib/libinterfaces__rosidl_typesupport_fastrtps_c.so
[0.418s] -- Set runtime path of "/home/user/ros2_teaching/install/interfaces/lib/libinterfaces__rosidl_typesupport_fastrtps_c.so" to ""
[0.419s] -- Up-to-date: /home/user/ros2_teaching/install/interfaces/include/interfaces/interfaces
[0.419s] -- Up-to-date: /home/user/ros2_teaching/install/interfaces/include/interfaces/interfaces/msg
[0.419s] -- Installing: /home/user/ros2_teaching/install/interfaces/include/interfaces/interfaces/msg/rosidl_generator_cpp__visibility_control.hpp
[0.419s] -- Up-to-date: /home/user/ros2_teaching/install/interfaces/include/interfaces/interfaces/srv
[0.419s] -- Up-to-date: /home/user/ros2_teaching/install/interfaces/include/interfaces/interfaces/srv/detail
[0.419s] -- Installing: /home/user/ros2_teaching/install/interfaces/include/interfaces/interfaces/srv/detail/distance__traits.hpp
[0.420s] -- Installing: /home/user/ros2_teaching/install/interfaces/include/interfaces/interfaces/srv/detail/distance__struct.hpp
[0.420s] -- Installing: /home/user/ros2_teaching/install/interfaces/include/interfaces/interfaces/srv/detail/distance__type_support.hpp
[0.421s] -- Installing: /home/user/ros2_teaching/install/interfaces/include/interfaces/interfaces/srv/detail/distance__builder.hpp
[0.421s] -- Installing: /home/user/ros2_teaching/install/interfaces/include/interfaces/interfaces/srv/distance.hpp
[0.422s] -- Up-to-date: /home/user/ros2_teaching/install/interfaces/include/interfaces/interfaces
[0.422s] -- Up-to-date: /home/user/ros2_teaching/install/interfaces/include/interfaces/interfaces/msg
[0.423s] -- Installing: /home/user/ros2_teaching/install/interfaces/include/interfaces/interfaces/msg/rosidl_typesupport_fastrtps_cpp__visibility_control.h
[0.423s] -- Up-to-date: /home/user/ros2_teaching/install/interfaces/include/interfaces/interfaces/srv
[0.423s] -- Up-to-date: /home/user/ros2_teaching/install/interfaces/include/interfaces/interfaces/srv/detail
[0.423s] -- Installing: /home/user/ros2_teaching/install/interfaces/include/interfaces/interfaces/srv/detail/dds_fastrtps
[0.424s] -- Installing: /home/user/ros2_teaching/install/interfaces/include/interfaces/interfaces/srv/detail/distance__rosidl_typesupport_fastrtps_cpp.hpp
[0.424s] -- Installing: /home/user/ros2_teaching/install/interfaces/lib/libinterfaces__rosidl_typesupport_fastrtps_cpp.so
[0.426s] -- Set runtime path of "/home/user/ros2_teaching/install/interfaces/lib/libinterfaces__rosidl_typesupport_fastrtps_cpp.so" to ""
[0.426s] -- Up-to-date: /home/user/ros2_teaching/install/interfaces/include/interfaces/interfaces
[0.426s] -- Up-to-date: /home/user/ros2_teaching/install/interfaces/include/interfaces/interfaces/msg
[0.426s] -- Installing: /home/user/ros2_teaching/install/interfaces/include/interfaces/interfaces/msg/rosidl_typesupport_introspection_c__visibility_control.h
[0.427s] -- Up-to-date: /home/user/ros2_teaching/install/interfaces/include/interfaces/interfaces/srv
[0.427s] -- Up-to-date: /home/user/ros2_teaching/install/interfaces/include/interfaces/interfaces/srv/detail
[0.427s] -- Installing: /home/user/ros2_teaching/install/interfaces/include/interfaces/interfaces/srv/detail/distance__rosidl_typesupport_introspection_c.h
[0.427s] -- Installing: /home/user/ros2_teaching/install/interfaces/include/interfaces/interfaces/srv/detail/distance__type_support.c
[0.428s] -- Installing: /home/user/ros2_teaching/install/interfaces/lib/libinterfaces__rosidl_typesupport_introspection_c.so
[0.429s] -- Set runtime path of "/home/user/ros2_teaching/install/interfaces/lib/libinterfaces__rosidl_typesupport_introspection_c.so" to ""
[0.429s] -- Installing: /home/user/ros2_teaching/install/interfaces/lib/libinterfaces__rosidl_typesupport_c.so
[0.430s] -- Set runtime path of "/home/user/ros2_teaching/install/interfaces/lib/libinterfaces__rosidl_typesupport_c.so" to ""
[0.430s] -- Up-to-date: /home/user/ros2_teaching/install/interfaces/include/interfaces/interfaces
[0.431s] -- Up-to-date: /home/user/ros2_teaching/install/interfaces/include/interfaces/interfaces/srv
[0.431s] -- Up-to-date: /home/user/ros2_teaching/install/interfaces/include/interfaces/interfaces/srv/detail
[0.431s] -- Installing: /home/user/ros2_teaching/install/interfaces/include/interfaces/interfaces/srv/detail/distance__type_support.cpp
[0.431s] -- Installing: /home/user/ros2_teaching/install/interfaces/include/interfaces/interfaces/srv/detail/distance__rosidl_typesupport_introspection_cpp.hpp
[0.432s] -- Installing: /home/user/ros2_teaching/install/interfaces/lib/libinterfaces__rosidl_typesupport_introspection_cpp.so
[0.432s] -- Set runtime path of "/home/user/ros2_teaching/install/interfaces/lib/libinterfaces__rosidl_typesupport_introspection_cpp.so" to ""
[0.432s] -- Installing: /home/user/ros2_teaching/install/interfaces/lib/libinterfaces__rosidl_typesupport_cpp.so
[0.433s] -- Set runtime path of "/home/user/ros2_teaching/install/interfaces/lib/libinterfaces__rosidl_typesupport_cpp.so" to ""
[0.433s] -- Installing: /home/user/ros2_teaching/install/interfaces/share/interfaces/environment/pythonpath.sh
[0.434s] -- Installing: /home/user/ros2_teaching/install/interfaces/share/interfaces/environment/pythonpath.dsv
[0.434s] -- Installing: /home/user/ros2_teaching/install/interfaces/local/lib/python3.10/dist-packages/interfaces-0.0.0-py3.10.egg-info
[0.434s] -- Installing: /home/user/ros2_teaching/install/interfaces/local/lib/python3.10/dist-packages/interfaces-0.0.0-py3.10.egg-info/SOURCES.txt
[0.435s] -- Installing: /home/user/ros2_teaching/install/interfaces/local/lib/python3.10/dist-packages/interfaces-0.0.0-py3.10.egg-info/dependency_links.txt
[0.435s] -- Installing: /home/user/ros2_teaching/install/interfaces/local/lib/python3.10/dist-packages/interfaces-0.0.0-py3.10.egg-info/PKG-INFO
[0.435s] -- Installing: /home/user/ros2_teaching/install/interfaces/local/lib/python3.10/dist-packages/interfaces-0.0.0-py3.10.egg-info/top_level.txt
[0.435s] -- Installing: /home/user/ros2_teaching/install/interfaces/local/lib/python3.10/dist-packages/interfaces
[0.435s] -- Installing: /home/user/ros2_teaching/install/interfaces/local/lib/python3.10/dist-packages/interfaces/libinterfaces__rosidl_generator_py.so
[0.435s] -- Installing: /home/user/ros2_teaching/install/interfaces/local/lib/python3.10/dist-packages/interfaces/interfaces_s__rosidl_typesupport_introspection_c.cpython-310-x86_64-linux-gnu.so
[0.436s] -- Installing: /home/user/ros2_teaching/install/interfaces/local/lib/python3.10/dist-packages/interfaces/__init__.py
[0.436s] -- Installing: /home/user/ros2_teaching/install/interfaces/local/lib/python3.10/dist-packages/interfaces/_interfaces_s.ep.rosidl_typesupport_c.c
[0.437s] -- Installing: /home/user/ros2_teaching/install/interfaces/local/lib/python3.10/dist-packages/interfaces/_interfaces_s.ep.rosidl_typesupport_introspection_c.c
[0.437s] -- Installing: /home/user/ros2_teaching/install/interfaces/local/lib/python3.10/dist-packages/interfaces/interfaces_s__rosidl_typesupport_fastrtps_c.cpython-310-x86_64-linux-gnu.so
[0.438s] -- Installing: /home/user/ros2_teaching/install/interfaces/local/lib/python3.10/dist-packages/interfaces/_interfaces_s.ep.rosidl_typesupport_fastrtps_c.c
[0.438s] -- Installing: /home/user/ros2_teaching/install/interfaces/local/lib/python3.10/dist-packages/interfaces/srv
[0.438s] -- Installing: /home/user/ros2_teaching/install/interfaces/local/lib/python3.10/dist-packages/interfaces/srv/__init__.py
[0.438s] -- Installing: /home/user/ros2_teaching/install/interfaces/local/lib/python3.10/dist-packages/interfaces/srv/_distance.py
[0.438s] -- Installing: /home/user/ros2_teaching/install/interfaces/local/lib/python3.10/dist-packages/interfaces/srv/_distance_s.c
[0.439s] -- Installing: /home/user/ros2_teaching/install/interfaces/local/lib/python3.10/dist-packages/interfaces/interfaces_s__rosidl_typesupport_c.cpython-310-x86_64-linux-gnu.so
[0.485s] Listing '/home/user/ros2_teaching/install/interfaces/local/lib/python3.10/dist-packages/interfaces'...
[0.485s] Compiling '/home/user/ros2_teaching/install/interfaces/local/lib/python3.10/dist-packages/interfaces/__init__.py'...
[0.485s] Listing '/home/user/ros2_teaching/install/interfaces/local/lib/python3.10/dist-packages/interfaces/srv'...
[0.485s] Compiling '/home/user/ros2_teaching/install/interfaces/local/lib/python3.10/dist-packages/interfaces/srv/__init__.py'...
[0.485s] Compiling '/home/user/ros2_teaching/install/interfaces/local/lib/python3.10/dist-packages/interfaces/srv/_distance.py'...
[0.490s] -- Installing: /home/user/ros2_teaching/install/interfaces/local/lib/python3.10/dist-packages/interfaces/interfaces_s__rosidl_typesupport_fastrtps_c.cpython-310-x86_64-linux-gnu.so
[0.490s] -- Set runtime path of "/home/user/ros2_teaching/install/interfaces/local/lib/python3.10/dist-packages/interfaces/interfaces_s__rosidl_typesupport_fastrtps_c.cpython-310-x86_64-linux-gnu.so" to ""
[0.491s] -- Installing: /home/user/ros2_teaching/install/interfaces/local/lib/python3.10/dist-packages/interfaces/interfaces_s__rosidl_typesupport_introspection_c.cpython-310-x86_64-linux-gnu.so
[0.491s] -- Set runtime path of "/home/user/ros2_teaching/install/interfaces/local/lib/python3.10/dist-packages/interfaces/interfaces_s__rosidl_typesupport_introspection_c.cpython-310-x86_64-linux-gnu.so" to ""
[0.491s] -- Installing: /home/user/ros2_teaching/install/interfaces/local/lib/python3.10/dist-packages/interfaces/interfaces_s__rosidl_typesupport_c.cpython-310-x86_64-linux-gnu.so
[0.491s] -- Set runtime path of "/home/user/ros2_teaching/install/interfaces/local/lib/python3.10/dist-packages/interfaces/interfaces_s__rosidl_typesupport_c.cpython-310-x86_64-linux-gnu.so" to ""
[0.492s] -- Installing: /home/user/ros2_teaching/install/interfaces/lib/libinterfaces__rosidl_generator_py.so
[0.492s] -- Set runtime path of "/home/user/ros2_teaching/install/interfaces/lib/libinterfaces__rosidl_generator_py.so" to ""
[0.492s] -- Installing: /home/user/ros2_teaching/install/interfaces/share/interfaces/srv/Distance.idl
[0.492s] -- Installing: /home/user/ros2_teaching/install/interfaces/share/interfaces/srv/Distance.srv
[0.493s] -- Installing: /home/user/ros2_teaching/install/interfaces/share/interfaces/srv/Distance_Request.msg
[0.493s] -- Installing: /home/user/ros2_teaching/install/interfaces/share/interfaces/srv/Distance_Response.msg
[0.493s] -- Installing: /home/user/ros2_teaching/install/interfaces/share/ament_index/resource_index/package_run_dependencies/interfaces
[0.494s] -- Installing: /home/user/ros2_teaching/install/interfaces/share/ament_index/resource_index/parent_prefix_path/interfaces
[0.494s] -- Installing: /home/user/ros2_teaching/install/interfaces/share/interfaces/environment/ament_prefix_path.sh
[0.494s] -- Installing: /home/user/ros2_teaching/install/interfaces/share/interfaces/environment/ament_prefix_path.dsv
[0.494s] -- Installing: /home/user/ros2_teaching/install/interfaces/share/interfaces/environment/path.sh
[0.494s] -- Installing: /home/user/ros2_teaching/install/interfaces/share/interfaces/environment/path.dsv
[0.495s] -- Installing: /home/user/ros2_teaching/install/interfaces/share/interfaces/local_setup.bash
[0.495s] -- Installing: /home/user/ros2_teaching/install/interfaces/share/interfaces/local_setup.sh
[0.496s] -- Installing: /home/user/ros2_teaching/install/interfaces/share/interfaces/local_setup.zsh
[0.496s] -- Installing: /home/user/ros2_teaching/install/interfaces/share/interfaces/local_setup.dsv
[0.496s] -- Installing: /home/user/ros2_teaching/install/interfaces/share/interfaces/package.dsv
[0.496s] -- Installing: /home/user/ros2_teaching/install/interfaces/share/ament_index/resource_index/packages/interfaces
[0.497s] -- Installing: /home/user/ros2_teaching/install/interfaces/share/interfaces/cmake/export_interfaces__rosidl_generator_cExport.cmake
[0.497s] -- Installing: /home/user/ros2_teaching/install/interfaces/share/interfaces/cmake/export_interfaces__rosidl_generator_cExport-noconfig.cmake
[0.497s] -- Installing: /home/user/ros2_teaching/install/interfaces/share/interfaces/cmake/export_interfaces__rosidl_typesupport_fastrtps_cExport.cmake
[0.497s] -- Installing: /home/user/ros2_teaching/install/interfaces/share/interfaces/cmake/export_interfaces__rosidl_typesupport_fastrtps_cExport-noconfig.cmake
[0.497s] -- Installing: /home/user/ros2_teaching/install/interfaces/share/interfaces/cmake/export_interfaces__rosidl_generator_cppExport.cmake
[0.498s] -- Installing: /home/user/ros2_teaching/install/interfaces/share/interfaces/cmake/export_interfaces__rosidl_typesupport_fastrtps_cppExport.cmake
[0.498s] -- Installing: /home/user/ros2_teaching/install/interfaces/share/interfaces/cmake/export_interfaces__rosidl_typesupport_fastrtps_cppExport-noconfig.cmake
[0.498s] -- Installing: /home/user/ros2_teaching/install/interfaces/share/interfaces/cmake/interfaces__rosidl_typesupport_introspection_cExport.cmake
[0.498s] -- Installing: /home/user/ros2_teaching/install/interfaces/share/interfaces/cmake/interfaces__rosidl_typesupport_introspection_cExport-noconfig.cmake
[0.498s] -- Installing: /home/user/ros2_teaching/install/interfaces/share/interfaces/cmake/interfaces__rosidl_typesupport_cExport.cmake
[0.498s] -- Installing: /home/user/ros2_teaching/install/interfaces/share/interfaces/cmake/interfaces__rosidl_typesupport_cExport-noconfig.cmake
[0.499s] -- Installing: /home/user/ros2_teaching/install/interfaces/share/interfaces/cmake/interfaces__rosidl_typesupport_introspection_cppExport.cmake
[0.499s] -- Installing: /home/user/ros2_teaching/install/interfaces/share/interfaces/cmake/interfaces__rosidl_typesupport_introspection_cppExport-noconfig.cmake
[0.499s] -- Installing: /home/user/ros2_teaching/install/interfaces/share/interfaces/cmake/interfaces__rosidl_typesupport_cppExport.cmake
[0.499s] -- Installing: /home/user/ros2_teaching/install/interfaces/share/interfaces/cmake/interfaces__rosidl_typesupport_cppExport-noconfig.cmake
[0.499s] -- Installing: /home/user/ros2_teaching/install/interfaces/share/interfaces/cmake/export_interfaces__rosidl_generator_pyExport.cmake
[0.500s] -- Installing: /home/user/ros2_teaching/install/interfaces/share/interfaces/cmake/export_interfaces__rosidl_generator_pyExport-noconfig.cmake
[0.500s] -- Installing: /home/user/ros2_teaching/install/interfaces/share/interfaces/cmake/rosidl_cmake-extras.cmake
[0.500s] -- Installing: /home/user/ros2_teaching/install/interfaces/share/interfaces/cmake/ament_cmake_export_dependencies-extras.cmake
[0.500s] -- Installing: /home/user/ros2_teaching/install/interfaces/share/interfaces/cmake/ament_cmake_export_include_directories-extras.cmake
[0.501s] -- Installing: /home/user/ros2_teaching/install/interfaces/share/interfaces/cmake/ament_cmake_export_libraries-extras.cmake
[0.501s] -- Installing: /home/user/ros2_teaching/install/interfaces/share/interfaces/cmake/ament_cmake_export_targets-extras.cmake
[0.501s] -- Installing: /home/user/ros2_teaching/install/interfaces/share/interfaces/cmake/rosidl_cmake_export_typesupport_targets-extras.cmake
[0.501s] -- Installing: /home/user/ros2_teaching/install/interfaces/share/interfaces/cmake/rosidl_cmake_export_typesupport_libraries-extras.cmake
[0.501s] -- Installing: /home/user/ros2_teaching/install/interfaces/share/interfaces/cmake/interfacesConfig.cmake
[0.502s] -- Installing: /home/user/ros2_teaching/install/interfaces/share/interfaces/cmake/interfacesConfig-version.cmake
[0.502s] -- Installing: /home/user/ros2_teaching/install/interfaces/share/interfaces/package.xml
[0.504s] Invoked command in '/home/user/ros2_teaching/build/interfaces' returned '0': CMAKE_PREFIX_PATH=${CMAKE_PREFIX_PATH}:/opt/ros/humble /usr/bin/cmake --install /home/user/ros2_teaching/build/interfaces
