[0.011s] Invoking command in '/home/user/ros2_teaching/build/homework': CMAKE_PREFIX_PATH=/home/user/ros2_teaching/install/interfaces:/home/user/ros2_teaching/install/homework:/opt/ros/humble /usr/bin/cmake --build /home/user/ros2_teaching/build/homework -- -j8 -l8
[0.052s] [35m[1mConsolidate compiler generated dependencies of target Client[0m
[0.063s] [ 25%] Built target Publisher
[0.064s] [ 75%] Built target Subscriber
[0.064s] [ 75%] Built target Service
[0.066s] [ 87%] [32mBuilding CXX object CMakeFiles/Client.dir/src/client.cpp.o[0m
[3.106s] [100%] [32m[1mLinking CXX executable Client[0m
[3.247s] [100%] Built target Client
[3.256s] Invoked command in '/home/user/ros2_teaching/build/homework' returned '0': CMAKE_PREFIX_PATH=/home/user/ros2_teaching/install/interfaces:/home/user/ros2_teaching/install/homework:/opt/ros/humble /usr/bin/cmake --build /home/user/ros2_teaching/build/homework -- -j8 -l8
[3.264s] Invoking command in '/home/user/ros2_teaching/build/homework': CMAKE_PREFIX_PATH=/home/user/ros2_teaching/install/interfaces:/home/user/ros2_teaching/install/homework:/opt/ros/humble /usr/bin/cmake --install /home/user/ros2_teaching/build/homework
[3.269s] -- Install configuration: ""
[3.269s] -- Up-to-date: /home/user/ros2_teaching/install/homework/lib/homework/Publisher
[3.269s] -- Up-to-date: /home/user/ros2_teaching/install/homework/lib/homework/Subscriber
[3.269s] -- Up-to-date: /home/user/ros2_teaching/install/homework/lib/homework/Service
[3.269s] -- Installing: /home/user/ros2_teaching/install/homework/lib/homework/Client
[3.270s] -- Set runtime path of "/home/user/ros2_teaching/install/homework/lib/homework/Client" to ""
[3.270s] -- Up-to-date: /home/user/ros2_teaching/install/homework/share/ament_index/resource_index/package_run_dependencies/homework
[3.270s] -- Up-to-date: /home/user/ros2_teaching/install/homework/share/ament_index/resource_index/parent_prefix_path/homework
[3.270s] -- Up-to-date: /home/user/ros2_teaching/install/homework/share/homework/environment/ament_prefix_path.sh
[3.270s] -- Up-to-date: /home/user/ros2_teaching/install/homework/share/homework/environment/ament_prefix_path.dsv
[3.270s] -- Up-to-date: /home/user/ros2_teaching/install/homework/share/homework/environment/path.sh
[3.270s] -- Up-to-date: /home/user/ros2_teaching/install/homework/share/homework/environment/path.dsv
[3.270s] -- Up-to-date: /home/user/ros2_teaching/install/homework/share/homework/local_setup.bash
[3.270s] -- Up-to-date: /home/user/ros2_teaching/install/homework/share/homework/local_setup.sh
[3.270s] -- Up-to-date: /home/user/ros2_teaching/install/homework/share/homework/local_setup.zsh
[3.270s] -- Up-to-date: /home/user/ros2_teaching/install/homework/share/homework/local_setup.dsv
[3.270s] -- Installing: /home/user/ros2_teaching/install/homework/share/homework/package.dsv
[3.270s] -- Up-to-date: /home/user/ros2_teaching/install/homework/share/ament_index/resource_index/packages/homework
[3.271s] -- Up-to-date: /home/user/ros2_teaching/install/homework/share/homework/cmake/homeworkConfig.cmake
[3.271s] -- Up-to-date: /home/user/ros2_teaching/install/homework/share/homework/cmake/homeworkConfig-version.cmake
[3.271s] -- Up-to-date: /home/user/ros2_teaching/install/homework/share/homework/package.xml
[3.272s] Invoked command in '/home/user/ros2_teaching/build/homework' returned '0': CMAKE_PREFIX_PATH=/home/user/ros2_teaching/install/interfaces:/home/user/ros2_teaching/install/homework:/opt/ros/humble /usr/bin/cmake --install /home/user/ros2_teaching/build/homework
