[0.095s] DEBUG:colcon:Command line arguments: ['/usr/bin/colcon', 'build']
[0.095s] DEBUG:colcon:Parsed command line arguments: Namespace(log_base=None, log_level=None, verb_name='build', build_base='build', install_base='install', merge_install=False, symlink_install=False, test_result_base=None, continue_on_error=False, executor='parallel', parallel_workers=8, event_handlers=None, ignore_user_meta=False, metas=['./colcon.meta'], base_paths=['.'], packages_ignore=None, packages_ignore_regex=None, paths=None, packages_up_to=None, packages_up_to_regex=None, packages_above=None, packages_above_and_dependencies=None, packages_above_depth=None, packages_select_by_dep=None, packages_skip_by_dep=None, packages_skip_up_to=None, packages_select_build_failed=False, packages_skip_build_finished=False, packages_select_test_failures=False, packages_skip_test_passed=False, packages_select=None, packages_skip=None, packages_select_regex=None, packages_skip_regex=None, packages_start=None, packages_end=None, cmake_args=None, cmake_target=None, cmake_target_skip_unavailable=False, cmake_clean_cache=False, cmake_clean_first=False, cmake_force_configure=False, ament_cmake_args=None, catkin_cmake_args=None, catkin_skip_building_tests=False, mixin_files=None, mixin=None, verb_parser=<colcon_mixin.mixin.mixin_argument.MixinArgumentDecorator object at 0x7118bc08b760>, verb_extension=<colcon_core.verb.build.BuildVerb object at 0x7118bc1cc700>, main=<bound method BuildVerb.main of <colcon_core.verb.build.BuildVerb object at 0x7118bc1cc700>>, mixin_verb=('build',))
[0.214s] Level 1:colcon.colcon_core.package_discovery:discover_packages(colcon_meta) check parameters
[0.214s] Level 1:colcon.colcon_core.package_discovery:discover_packages(recursive) check parameters
[0.214s] Level 1:colcon.colcon_core.package_discovery:discover_packages(ignore) check parameters
[0.214s] Level 1:colcon.colcon_core.package_discovery:discover_packages(path) check parameters
[0.214s] Level 1:colcon.colcon_core.package_discovery:discover_packages(colcon_meta) discover
[0.214s] Level 1:colcon.colcon_core.package_discovery:discover_packages(recursive) discover
[0.214s] INFO:colcon.colcon_core.package_discovery:Crawling recursively for packages in '/home/user/ros2_teaching'
[0.214s] Level 1:colcon.colcon_core.package_identification:_identify(.) by extensions ['ignore', 'ignore_ament_install']
[0.214s] Level 1:colcon.colcon_core.package_identification:_identify(.) by extension 'ignore'
[0.214s] Level 1:colcon.colcon_core.package_identification:_identify(.) by extension 'ignore_ament_install'
[0.214s] Level 1:colcon.colcon_core.package_identification:_identify(.) by extensions ['colcon_pkg']
[0.214s] Level 1:colcon.colcon_core.package_identification:_identify(.) by extension 'colcon_pkg'
[0.214s] Level 1:colcon.colcon_core.package_identification:_identify(.) by extensions ['colcon_meta']
[0.214s] Level 1:colcon.colcon_core.package_identification:_identify(.) by extension 'colcon_meta'
[0.214s] Level 1:colcon.colcon_core.package_identification:_identify(.) by extensions ['ros']
[0.214s] Level 1:colcon.colcon_core.package_identification:_identify(.) by extension 'ros'
[0.228s] Level 1:colcon.colcon_core.package_identification:_identify(.) by extensions ['cmake', 'python']
[0.229s] Level 1:colcon.colcon_core.package_identification:_identify(.) by extension 'cmake'
[0.229s] Level 1:colcon.colcon_core.package_identification:_identify(.) by extension 'python'
[0.229s] Level 1:colcon.colcon_core.package_identification:_identify(.) by extensions ['python_setup_py']
[0.229s] Level 1:colcon.colcon_core.package_identification:_identify(.) by extension 'python_setup_py'
[0.229s] Level 1:colcon.colcon_core.package_identification:_identify(build) by extensions ['ignore', 'ignore_ament_install']
[0.229s] Level 1:colcon.colcon_core.package_identification:_identify(build) by extension 'ignore'
[0.229s] Level 1:colcon.colcon_core.package_identification:_identify(build) ignored
[0.229s] Level 1:colcon.colcon_core.package_identification:_identify(docker) by extensions ['ignore', 'ignore_ament_install']
[0.229s] Level 1:colcon.colcon_core.package_identification:_identify(docker) by extension 'ignore'
[0.229s] Level 1:colcon.colcon_core.package_identification:_identify(docker) by extension 'ignore_ament_install'
[0.229s] Level 1:colcon.colcon_core.package_identification:_identify(docker) by extensions ['colcon_pkg']
[0.229s] Level 1:colcon.colcon_core.package_identification:_identify(docker) by extension 'colcon_pkg'
[0.229s] Level 1:colcon.colcon_core.package_identification:_identify(docker) by extensions ['colcon_meta']
[0.229s] Level 1:colcon.colcon_core.package_identification:_identify(docker) by extension 'colcon_meta'
[0.229s] Level 1:colcon.colcon_core.package_identification:_identify(docker) by extensions ['ros']
[0.229s] Level 1:colcon.colcon_core.package_identification:_identify(docker) by extension 'ros'
[0.229s] Level 1:colcon.colcon_core.package_identification:_identify(docker) by extensions ['cmake', 'python']
[0.229s] Level 1:colcon.colcon_core.package_identification:_identify(docker) by extension 'cmake'
[0.229s] Level 1:colcon.colcon_core.package_identification:_identify(docker) by extension 'python'
[0.229s] Level 1:colcon.colcon_core.package_identification:_identify(docker) by extensions ['python_setup_py']
[0.229s] Level 1:colcon.colcon_core.package_identification:_identify(docker) by extension 'python_setup_py'
[0.229s] Level 1:colcon.colcon_core.package_identification:_identify(install) by extensions ['ignore', 'ignore_ament_install']
[0.230s] Level 1:colcon.colcon_core.package_identification:_identify(install) by extension 'ignore'
[0.230s] Level 1:colcon.colcon_core.package_identification:_identify(install) ignored
[0.230s] Level 1:colcon.colcon_core.package_identification:_identify(log) by extensions ['ignore', 'ignore_ament_install']
[0.230s] Level 1:colcon.colcon_core.package_identification:_identify(log) by extension 'ignore'
[0.230s] Level 1:colcon.colcon_core.package_identification:_identify(log) ignored
[0.230s] Level 1:colcon.colcon_core.package_identification:_identify(src) by extensions ['ignore', 'ignore_ament_install']
[0.230s] Level 1:colcon.colcon_core.package_identification:_identify(src) by extension 'ignore'
[0.230s] Level 1:colcon.colcon_core.package_identification:_identify(src) by extension 'ignore_ament_install'
[0.230s] Level 1:colcon.colcon_core.package_identification:_identify(src) by extensions ['colcon_pkg']
[0.230s] Level 1:colcon.colcon_core.package_identification:_identify(src) by extension 'colcon_pkg'
[0.230s] Level 1:colcon.colcon_core.package_identification:_identify(src) by extensions ['colcon_meta']
[0.230s] Level 1:colcon.colcon_core.package_identification:_identify(src) by extension 'colcon_meta'
[0.230s] Level 1:colcon.colcon_core.package_identification:_identify(src) by extensions ['ros']
[0.230s] Level 1:colcon.colcon_core.package_identification:_identify(src) by extension 'ros'
[0.230s] Level 1:colcon.colcon_core.package_identification:_identify(src) by extensions ['cmake', 'python']
[0.230s] Level 1:colcon.colcon_core.package_identification:_identify(src) by extension 'cmake'
[0.230s] Level 1:colcon.colcon_core.package_identification:_identify(src) by extension 'python'
[0.230s] Level 1:colcon.colcon_core.package_identification:_identify(src) by extensions ['python_setup_py']
[0.230s] Level 1:colcon.colcon_core.package_identification:_identify(src) by extension 'python_setup_py'
[0.230s] Level 1:colcon.colcon_core.package_identification:_identify(src/homework) by extensions ['ignore', 'ignore_ament_install']
[0.230s] Level 1:colcon.colcon_core.package_identification:_identify(src/homework) by extension 'ignore'
[0.230s] Level 1:colcon.colcon_core.package_identification:_identify(src/homework) by extension 'ignore_ament_install'
[0.230s] Level 1:colcon.colcon_core.package_identification:_identify(src/homework) by extensions ['colcon_pkg']
[0.230s] Level 1:colcon.colcon_core.package_identification:_identify(src/homework) by extension 'colcon_pkg'
[0.230s] Level 1:colcon.colcon_core.package_identification:_identify(src/homework) by extensions ['colcon_meta']
[0.230s] Level 1:colcon.colcon_core.package_identification:_identify(src/homework) by extension 'colcon_meta'
[0.230s] Level 1:colcon.colcon_core.package_identification:_identify(src/homework) by extensions ['ros']
[0.230s] Level 1:colcon.colcon_core.package_identification:_identify(src/homework) by extension 'ros'
[0.232s] DEBUG:colcon.colcon_core.package_identification:Package 'src/homework' with type 'ros.ament_cmake' and name 'homework'
[0.233s] Level 1:colcon.colcon_core.package_discovery:discover_packages(recursive) using defaults
[0.233s] Level 1:colcon.colcon_core.package_discovery:discover_packages(ignore) discover
[0.233s] Level 1:colcon.colcon_core.package_discovery:discover_packages(ignore) using defaults
[0.233s] Level 1:colcon.colcon_core.package_discovery:discover_packages(path) discover
[0.233s] Level 1:colcon.colcon_core.package_discovery:discover_packages(path) using defaults
[0.250s] Level 5:colcon.colcon_core.verb:set package 'homework' build argument 'cmake_args' from command line to 'None'
[0.250s] Level 5:colcon.colcon_core.verb:set package 'homework' build argument 'cmake_target' from command line to 'None'
[0.250s] Level 5:colcon.colcon_core.verb:set package 'homework' build argument 'cmake_target_skip_unavailable' from command line to 'False'
[0.250s] Level 5:colcon.colcon_core.verb:set package 'homework' build argument 'cmake_clean_cache' from command line to 'False'
[0.250s] Level 5:colcon.colcon_core.verb:set package 'homework' build argument 'cmake_clean_first' from command line to 'False'
[0.250s] Level 5:colcon.colcon_core.verb:set package 'homework' build argument 'cmake_force_configure' from command line to 'False'
[0.250s] Level 5:colcon.colcon_core.verb:set package 'homework' build argument 'ament_cmake_args' from command line to 'None'
[0.250s] Level 5:colcon.colcon_core.verb:set package 'homework' build argument 'catkin_cmake_args' from command line to 'None'
[0.250s] Level 5:colcon.colcon_core.verb:set package 'homework' build argument 'catkin_skip_building_tests' from command line to 'False'
[0.250s] DEBUG:colcon.colcon_core.verb:Building package 'homework' with the following arguments: {'ament_cmake_args': None, 'build_base': '/home/user/ros2_teaching/build/homework', 'catkin_cmake_args': None, 'catkin_skip_building_tests': False, 'cmake_args': None, 'cmake_clean_cache': False, 'cmake_clean_first': False, 'cmake_force_configure': False, 'cmake_target': None, 'cmake_target_skip_unavailable': False, 'install_base': '/home/user/ros2_teaching/install/homework', 'merge_install': False, 'path': '/home/user/ros2_teaching/src/homework', 'symlink_install': False, 'test_result_base': None}
[0.250s] INFO:colcon.colcon_core.executor:Executing jobs using 'parallel' executor
[0.251s] DEBUG:colcon.colcon_parallel_executor.executor.parallel:run_until_complete
[0.251s] INFO:colcon.colcon_ros.task.ament_cmake.build:Building ROS package in '/home/user/ros2_teaching/src/homework' with build type 'ament_cmake'
[0.251s] INFO:colcon.colcon_cmake.task.cmake.build:Building CMake package in '/home/user/ros2_teaching/src/homework'
[0.255s] INFO:colcon.colcon_core.plugin_system:Skipping extension 'colcon_core.shell.bat': Not used on non-Windows systems
[0.255s] INFO:colcon.colcon_core.shell:Skip shell extension 'powershell' for command environment: Not usable outside of PowerShell
[0.255s] DEBUG:colcon.colcon_core.shell:Skip shell extension 'dsv' for command environment
[0.263s] DEBUG:colcon.colcon_core.event_handler.log_command:Invoking command in '/home/user/ros2_teaching/build/homework': CMAKE_PREFIX_PATH=/opt/ros/humble /usr/bin/cmake --build /home/user/ros2_teaching/build/homework -- -j8 -l8
[7.787s] DEBUG:colcon.colcon_core.event_handler.log_command:Invoked command in '/home/user/ros2_teaching/build/homework' returned '0': CMAKE_PREFIX_PATH=/opt/ros/humble /usr/bin/cmake --build /home/user/ros2_teaching/build/homework -- -j8 -l8
[7.800s] DEBUG:colcon.colcon_core.event_handler.log_command:Invoking command in '/home/user/ros2_teaching/build/homework': CMAKE_PREFIX_PATH=/opt/ros/humble /usr/bin/cmake --install /home/user/ros2_teaching/build/homework
[7.812s] Level 1:colcon.colcon_core.environment:create_environment_scripts_only(homework)
[7.812s] DEBUG:colcon.colcon_core.event_handler.log_command:Invoked command in '/home/user/ros2_teaching/build/homework' returned '0': CMAKE_PREFIX_PATH=/opt/ros/humble /usr/bin/cmake --install /home/user/ros2_teaching/build/homework
[7.814s] Level 1:colcon.colcon_core.environment:checking '/home/user/ros2_teaching/install/homework' for CMake module files
[7.814s] Level 1:colcon.colcon_core.environment:checking '/home/user/ros2_teaching/install/homework' for CMake config files
[7.814s] Level 1:colcon.colcon_core.shell:create_environment_hook('homework', 'cmake_prefix_path')
[7.815s] INFO:colcon.colcon_core.shell:Creating environment hook '/home/user/ros2_teaching/install/homework/share/homework/hook/cmake_prefix_path.ps1'
[7.815s] INFO:colcon.colcon_core.shell:Creating environment descriptor '/home/user/ros2_teaching/install/homework/share/homework/hook/cmake_prefix_path.dsv'
[7.816s] INFO:colcon.colcon_core.shell:Creating environment hook '/home/user/ros2_teaching/install/homework/share/homework/hook/cmake_prefix_path.sh'
[7.817s] Level 1:colcon.colcon_core.environment:checking '/home/user/ros2_teaching/install/homework/lib'
[7.817s] Level 1:colcon.colcon_core.environment:checking '/home/user/ros2_teaching/install/homework/bin'
[7.817s] Level 1:colcon.colcon_core.environment:checking '/home/user/ros2_teaching/install/homework/lib/pkgconfig/homework.pc'
[7.818s] Level 1:colcon.colcon_core.environment:checking '/home/user/ros2_teaching/install/homework/lib/python3.10/site-packages'
[7.819s] Level 1:colcon.colcon_core.environment:checking '/home/user/ros2_teaching/install/homework/bin'
[7.819s] INFO:colcon.colcon_core.shell:Creating package script '/home/user/ros2_teaching/install/homework/share/homework/package.ps1'
[7.819s] INFO:colcon.colcon_core.shell:Creating package descriptor '/home/user/ros2_teaching/install/homework/share/homework/package.dsv'
[7.820s] INFO:colcon.colcon_core.shell:Creating package script '/home/user/ros2_teaching/install/homework/share/homework/package.sh'
[7.820s] INFO:colcon.colcon_core.shell:Creating package script '/home/user/ros2_teaching/install/homework/share/homework/package.bash'
[7.821s] INFO:colcon.colcon_core.shell:Creating package script '/home/user/ros2_teaching/install/homework/share/homework/package.zsh'
[7.821s] Level 1:colcon.colcon_core.environment:create_file_with_runtime_dependencies(/home/user/ros2_teaching/install/homework/share/colcon-core/packages/homework)
[7.822s] Level 1:colcon.colcon_core.environment:create_environment_scripts_only(homework)
[7.822s] Level 1:colcon.colcon_core.environment:checking '/home/user/ros2_teaching/install/homework' for CMake module files
[7.822s] Level 1:colcon.colcon_core.environment:checking '/home/user/ros2_teaching/install/homework' for CMake config files
[7.822s] Level 1:colcon.colcon_core.shell:create_environment_hook('homework', 'cmake_prefix_path')
[7.822s] INFO:colcon.colcon_core.shell:Creating environment hook '/home/user/ros2_teaching/install/homework/share/homework/hook/cmake_prefix_path.ps1'
[7.823s] INFO:colcon.colcon_core.shell:Creating environment descriptor '/home/user/ros2_teaching/install/homework/share/homework/hook/cmake_prefix_path.dsv'
[7.823s] INFO:colcon.colcon_core.shell:Creating environment hook '/home/user/ros2_teaching/install/homework/share/homework/hook/cmake_prefix_path.sh'
[7.823s] Level 1:colcon.colcon_core.environment:checking '/home/user/ros2_teaching/install/homework/lib'
[7.823s] Level 1:colcon.colcon_core.environment:checking '/home/user/ros2_teaching/install/homework/bin'
[7.823s] Level 1:colcon.colcon_core.environment:checking '/home/user/ros2_teaching/install/homework/lib/pkgconfig/homework.pc'
[7.823s] Level 1:colcon.colcon_core.environment:checking '/home/user/ros2_teaching/install/homework/lib/python3.10/site-packages'
[7.823s] Level 1:colcon.colcon_core.environment:checking '/home/user/ros2_teaching/install/homework/bin'
[7.824s] INFO:colcon.colcon_core.shell:Creating package script '/home/user/ros2_teaching/install/homework/share/homework/package.ps1'
[7.824s] INFO:colcon.colcon_core.shell:Creating package descriptor '/home/user/ros2_teaching/install/homework/share/homework/package.dsv'
[7.824s] INFO:colcon.colcon_core.shell:Creating package script '/home/user/ros2_teaching/install/homework/share/homework/package.sh'
[7.825s] INFO:colcon.colcon_core.shell:Creating package script '/home/user/ros2_teaching/install/homework/share/homework/package.bash'
[7.825s] INFO:colcon.colcon_core.shell:Creating package script '/home/user/ros2_teaching/install/homework/share/homework/package.zsh'
[7.825s] Level 1:colcon.colcon_core.environment:create_file_with_runtime_dependencies(/home/user/ros2_teaching/install/homework/share/colcon-core/packages/homework)
[7.825s] DEBUG:colcon.colcon_parallel_executor.executor.parallel:closing loop
[7.825s] DEBUG:colcon.colcon_parallel_executor.executor.parallel:loop closed
[7.825s] DEBUG:colcon.colcon_parallel_executor.executor.parallel:run_until_complete finished with '0'
[7.826s] DEBUG:colcon.colcon_core.event_reactor:joining thread
[7.846s] INFO:colcon.colcon_core.plugin_system:Skipping extension 'colcon_notification.desktop_notification.notify_send': Could not find 'notify-send'
[7.846s] INFO:colcon.colcon_core.plugin_system:Skipping extension 'colcon_notification.desktop_notification.terminal_notifier': Not used on non-Darwin systems
[7.846s] INFO:colcon.colcon_core.plugin_system:Skipping extension 'colcon_notification.desktop_notification.win32': Not used on non-Windows systems
[7.846s] INFO:colcon.colcon_notification.desktop_notification:Sending desktop notification using 'notify2'
[7.849s] DEBUG:colcon.colcon_notification.desktop_notification.notify2:Failed to initialize notify2: org.freedesktop.DBus.Error.Spawn.ExecFailed: /usr/bin/dbus-launch terminated abnormally without any error message
[7.850s] DEBUG:colcon.colcon_core.event_reactor:joined thread
[7.851s] INFO:colcon.colcon_core.shell:Creating prefix script '/home/user/ros2_teaching/install/local_setup.ps1'
[7.852s] INFO:colcon.colcon_core.shell:Creating prefix util module '/home/user/ros2_teaching/install/_local_setup_util_ps1.py'
[7.854s] INFO:colcon.colcon_core.shell:Creating prefix chain script '/home/user/ros2_teaching/install/setup.ps1'
[7.855s] INFO:colcon.colcon_core.shell:Creating prefix script '/home/user/ros2_teaching/install/local_setup.sh'
[7.855s] INFO:colcon.colcon_core.shell:Creating prefix util module '/home/user/ros2_teaching/install/_local_setup_util_sh.py'
[7.855s] INFO:colcon.colcon_core.shell:Creating prefix chain script '/home/user/ros2_teaching/install/setup.sh'
[7.856s] INFO:colcon.colcon_core.shell:Creating prefix script '/home/user/ros2_teaching/install/local_setup.bash'
[7.856s] INFO:colcon.colcon_core.shell:Creating prefix chain script '/home/user/ros2_teaching/install/setup.bash'
[7.857s] INFO:colcon.colcon_core.shell:Creating prefix script '/home/user/ros2_teaching/install/local_setup.zsh'
[7.857s] INFO:colcon.colcon_core.shell:Creating prefix chain script '/home/user/ros2_teaching/install/setup.zsh'
