[0.011s] Invoking command in '/home/user/ros2_teaching/build/homework': CMAKE_PREFIX_PATH=/home/user/ros2_teaching/install/interfaces:/home/user/ros2_teaching/install/homework:/opt/ros/humble /usr/bin/cmake --build /home/user/ros2_teaching/build/homework -- -j8 -l8
[0.050s] [35m[1mConsolidate compiler generated dependencies of target Client[0m
[0.063s] [ 75%] Built target Publisher
[0.063s] [ 75%] Built target Subscriber
[0.063s] [ 75%] Built target Service
[0.065s] [ 87%] [32mBuilding CXX object CMakeFiles/Client.dir/src/client.cpp.o[0m
[1.973s] [01m[K/home/user/ros2_teaching/src/homework/src/client.cpp:[m[K In member function ‘[01m[Kvoid client::timer_callback()[m[K’:
[1.974s] [01m[K/home/user/ros2_teaching/src/homework/src/client.cpp:31:28:[m[K [01;31m[Kerror: [m[K‘[01m[Kresponse_callback[m[K’ is not a member of ‘[01m[Kclient[m[K’
[1.974s]    31 |         std::bind(&client::[01;31m[Kresponse_callback[m[K, this, std::placeholders::_1)
[1.974s]       |                            [01;31m[K^~~~~~~~~~~~~~~~~[m[K
[1.974s] [01m[K/home/user/ros2_teaching/src/homework/src/client.cpp:[m[K At global scope:
[1.974s] [01m[K/home/user/ros2_teaching/src/homework/src/client.cpp:38:6:[m[K [01;31m[Kerror: [m[Kno declaration matches ‘[01m[Kvoid client::response_callback(rclcpp::Client<interfaces::srv::Distance>::SharedFuture)[m[K’
[1.974s]    38 | void [01;31m[Kclient[m[K::response_callback(
[1.974s]       |      [01;31m[K^~~~~~[m[K
[1.974s] [01m[K/home/user/ros2_teaching/src/homework/src/client.cpp:38:6:[m[K [01;36m[Knote: [m[Kno functions named ‘[01m[Kvoid client::response_callback(rclcpp::Client<interfaces::srv::Distance>::SharedFuture)[m[K’
[1.974s] In file included from [01m[K/home/user/ros2_teaching/src/homework/src/client.cpp:1[m[K:
[1.974s] [01m[K/home/user/ros2_teaching/src/homework/include/homework/service_hw.h:29:7:[m[K [01;36m[Knote: [m[K‘[01m[Kclass client[m[K’ defined here
[1.974s]    29 | class [01;36m[Kclient[m[K : public rclcpp::Node{
[1.974s]       |       [01;36m[K^~~~~~[m[K
[2.489s] gmake[2]: *** [CMakeFiles/Client.dir/build.make:76: CMakeFiles/Client.dir/src/client.cpp.o] Error 1
[2.489s] gmake[1]: *** [CMakeFiles/Makefile2:221: CMakeFiles/Client.dir/all] Error 2
[2.490s] gmake: *** [Makefile:146: all] Error 2
[2.492s] Invoked command in '/home/user/ros2_teaching/build/homework' returned '2': CMAKE_PREFIX_PATH=/home/user/ros2_teaching/install/interfaces:/home/user/ros2_teaching/install/homework:/opt/ros/humble /usr/bin/cmake --build /home/user/ros2_teaching/build/homework -- -j8 -l8
