[0.015s] Invoking command in '/home/user/ros2_teaching/build/homework': CMAKE_PREFIX_PATH=/home/user/ros2_teaching/install/interfaces:/home/user/ros2_teaching/install/homework:/opt/ros/humble /usr/bin/cmake --build /home/user/ros2_teaching/build/homework -- -j8 -l8
[0.133s] [ 50%] Built target Client
[0.134s] [ 50%] Built target Server
[0.134s] [ 75%] Built target Subscriber
[0.138s] [100%] Built target Publisher
[0.159s] Invoked command in '/home/user/ros2_teaching/build/homework' returned '0': CMAKE_PREFIX_PATH=/home/user/ros2_teaching/install/interfaces:/home/user/ros2_teaching/install/homework:/opt/ros/humble /usr/bin/cmake --build /home/user/ros2_teaching/build/homework -- -j8 -l8
[0.162s] Invoking command in '/home/user/ros2_teaching/build/homework': CMAKE_PREFIX_PATH=/home/user/ros2_teaching/install/interfaces:/home/user/ros2_teaching/install/homework:/opt/ros/humble /usr/bin/cmake --install /home/user/ros2_teaching/build/homework
[0.177s] -- Install configuration: ""
[0.178s] -- Up-to-date: /home/user/ros2_teaching/install/homework/lib/homework/Publisher
[0.178s] -- Up-to-date: /home/user/ros2_teaching/install/homework/lib/homework/Subscriber
[0.179s] -- Up-to-date: /home/user/ros2_teaching/install/homework/lib/homework/Server
[0.180s] -- Up-to-date: /home/user/ros2_teaching/install/homework/lib/homework/Client
[0.180s] -- Up-to-date: /home/user/ros2_teaching/install/homework/share/homework/launch
[0.180s] -- Installing: /home/user/ros2_teaching/install/homework/share/homework/launch/launch_hw.launch
[0.181s] -- Up-to-date: /home/user/ros2_teaching/install/homework/share/ament_index/resource_index/package_run_dependencies/homework
[0.181s] -- Up-to-date: /home/user/ros2_teaching/install/homework/share/ament_index/resource_index/parent_prefix_path/homework
[0.181s] -- Up-to-date: /home/user/ros2_teaching/install/homework/share/homework/environment/ament_prefix_path.sh
[0.182s] -- Up-to-date: /home/user/ros2_teaching/install/homework/share/homework/environment/ament_prefix_path.dsv
[0.182s] -- Up-to-date: /home/user/ros2_teaching/install/homework/share/homework/environment/path.sh
[0.182s] -- Up-to-date: /home/user/ros2_teaching/install/homework/share/homework/environment/path.dsv
[0.182s] -- Up-to-date: /home/user/ros2_teaching/install/homework/share/homework/local_setup.bash
[0.182s] -- Up-to-date: /home/user/ros2_teaching/install/homework/share/homework/local_setup.sh
[0.183s] -- Up-to-date: /home/user/ros2_teaching/install/homework/share/homework/local_setup.zsh
[0.183s] -- Up-to-date: /home/user/ros2_teaching/install/homework/share/homework/local_setup.dsv
[0.183s] -- Installing: /home/user/ros2_teaching/install/homework/share/homework/package.dsv
[0.183s] -- Up-to-date: /home/user/ros2_teaching/install/homework/share/ament_index/resource_index/packages/homework
[0.183s] -- Up-to-date: /home/user/ros2_teaching/install/homework/share/homework/cmake/homeworkConfig.cmake
[0.184s] -- Up-to-date: /home/user/ros2_teaching/install/homework/share/homework/cmake/homeworkConfig-version.cmake
[0.184s] -- Up-to-date: /home/user/ros2_teaching/install/homework/share/homework/package.xml
[0.188s] Invoked command in '/home/user/ros2_teaching/build/homework' returned '0': CMAKE_PREFIX_PATH=/home/user/ros2_teaching/install/interfaces:/home/user/ros2_teaching/install/homework:/opt/ros/humble /usr/bin/cmake --install /home/user/ros2_teaching/build/homework
