[35m[1mConsolidate compiler generated dependencies of target Server[0m
[35m[1mConsolidate compiler generated dependencies of target Client[0m
[ 50%] Built target Publisher
[ 50%] Built target Subscriber
[ 62%] [32mBuilding CXX object CMakeFiles/Server.dir/src/server.cpp.o[0m
[ 75%] [32mBuilding CXX object CMakeFiles/Client.dir/src/client.cpp.o[0m
[ 87%] [32m[1mLinking CXX executable Server[0m
[100%] [32m[1mLinking CXX executable Client[0m
[100%] Built target Server
[100%] Built target Client
-- Install configuration: ""
-- Up-to-date: /home/user/ros2_teaching/install/homework/lib/homework/Publisher
-- Up-to-date: /home/user/ros2_teaching/install/homework/lib/homework/Subscriber
-- Installing: /home/user/ros2_teaching/install/homework/lib/homework/Server
-- Set runtime path of "/home/user/ros2_teaching/install/homework/lib/homework/Server" to ""
-- Installing: /home/user/ros2_teaching/install/homework/lib/homework/Client
-- Set runtime path of "/home/user/ros2_teaching/install/homework/lib/homework/Client" to ""
[31mCMake Error at cmake_install.cmake:126 (file):
  file INSTALL cannot find
  "/home/user/ros2_teaching/src/homework/launch_folder": No such file or
  directory.

[0m
