[0.018s] Invoking command in '/home/user/ros2_teaching/build/homework': CMAKE_PREFIX_PATH=/home/user/ros2_teaching/install/interfaces:/home/user/ros2_teaching/install/homework:/opt/ros/humble /usr/bin/cmake --build /home/user/ros2_teaching/build/homework -- -j8 -l8
[0.082s] [35m[1mConsolidate compiler generated dependencies of target Server[0m
[0.082s] [35m[1mConsolidate compiler generated dependencies of target Client[0m
[0.097s] [ 50%] Built target Publisher
[0.098s] [ 50%] Built target Subscriber
[0.103s] [ 62%] [32mBuilding CXX object CMakeFiles/Server.dir/src/server.cpp.o[0m
[0.106s] [ 75%] [32mBuilding CXX object CMakeFiles/Client.dir/src/client.cpp.o[0m
[4.129s] [ 87%] [32m[1mLinking CXX executable Server[0m
[4.314s] [100%] [32m[1mLinking CXX executable Client[0m
[4.358s] [100%] Built target Server
[4.523s] [100%] Built target Client
[4.535s] Invoked command in '/home/user/ros2_teaching/build/homework' returned '0': CMAKE_PREFIX_PATH=/home/user/ros2_teaching/install/interfaces:/home/user/ros2_teaching/install/homework:/opt/ros/humble /usr/bin/cmake --build /home/user/ros2_teaching/build/homework -- -j8 -l8
[4.536s] Invoking command in '/home/user/ros2_teaching/build/homework': CMAKE_PREFIX_PATH=/home/user/ros2_teaching/install/interfaces:/home/user/ros2_teaching/install/homework:/opt/ros/humble /usr/bin/cmake --install /home/user/ros2_teaching/build/homework
[4.546s] -- Install configuration: ""
[4.550s] -- Up-to-date: /home/user/ros2_teaching/install/homework/lib/homework/Publisher
[4.550s] -- Up-to-date: /home/user/ros2_teaching/install/homework/lib/homework/Subscriber
[4.551s] -- Installing: /home/user/ros2_teaching/install/homework/lib/homework/Server
[4.553s] -- Set runtime path of "/home/user/ros2_teaching/install/homework/lib/homework/Server" to ""
[4.553s] -- Installing: /home/user/ros2_teaching/install/homework/lib/homework/Client
[4.555s] -- Set runtime path of "/home/user/ros2_teaching/install/homework/lib/homework/Client" to ""
[4.555s] [31mCMake Error at cmake_install.cmake:126 (file):
[4.555s]   file INSTALL cannot find
[4.555s]   "/home/user/ros2_teaching/src/homework/launch_folder": No such file or
[4.556s]   directory.
[4.556s] 
[4.556s] [0m
[4.558s] Invoked command in '/home/user/ros2_teaching/build/homework' returned '1': CMAKE_PREFIX_PATH=/home/user/ros2_teaching/install/interfaces:/home/user/ros2_teaching/install/homework:/opt/ros/humble /usr/bin/cmake --install /home/user/ros2_teaching/build/homework
