[35m[1mConsolidate compiler generated dependencies of target Client[0m
[35m[1mConsolidate compiler generated dependencies of target Service[0m
[ 25%] Built target Subscriber
[ 50%] Built target Publisher
[ 62%] [32mBuilding CXX object CMakeFiles/Client.dir/src/client.cpp.o[0m
[ 75%] [32mBuilding CXX object CMakeFiles/Service.dir/src/service.cpp.o[0m
In file included from [01m[K/usr/include/c++/11/pstl/glue_algorithm_defs.h:13[m[K,
                 from [01m[K/usr/include/c++/11/algorithm:74[m[K,
                 from [01m[K/opt/ros/humble/include/rclcpp/rclcpp/executor.hpp:18[m[K,
                 from [01m[K/opt/ros/humble/include/rclcpp/rclcpp/executors/multi_threaded_executor.hpp:25[m[K,
                 from [01m[K/opt/ros/humble/include/rclcpp/rclcpp/executors.hpp:21[m[K,
                 from [01m[K/opt/ros/humble/include/rclcpp/rclcpp/rclcpp.hpp:155[m[K,
                 from [01m[K/home/user/ros2_teaching/src/homework/include/homework/service_hw.h:2[m[K,
                 from [01m[K/home/user/ros2_teaching/src/homework/src/client.cpp:1[m[K:
/usr/include/c++/11/functional: In instantiation of ‘[01m[Kstruct std::_Bind_check_arity<void (client::*)(std::shared_ptr<interfaces::srv::Distance_Request_<std::allocator<void> > >, std::shared_ptr<interfaces::srv::Distance_Response_<std::allocator<void> > >), client*>[m[K’:
[01m[K/usr/include/c++/11/functional:768:12:[m[K   required from ‘[01m[Kstruct std::_Bind_helper<false, void (client::*)(std::shared_ptr<interfaces::srv::Distance_Request_<std::allocator<void> > >, std::shared_ptr<interfaces::srv::Distance_Response_<std::allocator<void> > >), client*>[m[K’
[01m[K/usr/include/c++/11/functional:789:5:[m[K   required by substitution of ‘[01m[Ktemplate<class _Func, class ... _BoundArgs> typename std::_Bind_helper<std::__is_socketlike<_Func>::value, _Func, _BoundArgs ...>::type std::bind(_Func&&, _BoundArgs&& ...) [with _Func = void (client::*)(std::shared_ptr<interfaces::srv::Distance_Request_<std::allocator<void> > >, std::shared_ptr<interfaces::srv::Distance_Response_<std::allocator<void> > >); _BoundArgs = {client*}][m[K’
[01m[K/home/user/ros2_teaching/src/homework/src/client.cpp:6:53:[m[K   required from here
[01m[K/usr/include/c++/11/functional:756:21:[m[K [01;31m[Kerror: [m[Kstatic assertion failed: Wrong number of arguments for pointer-to-member
  755 |       static_assert(_Varargs::[01;31m[Kvalue[m[K
      |                               [01;31m[K~~~~~[m[K
  756 | [01;31m[K                    ? sizeof...(_BoundArgs) >= _Arity::value + 1[m[K
      |                     [01;31m[K^~~~~~~~~~~~~~~~~~~~~~~~~~~~~~~~~~~~~~~~~~~~[m[K
  757 | [01;31m[K                    : sizeof...(_BoundArgs) == _Arity::value + 1[m[K,
      |                     [01;31m[K~~~~~~~~~~~~~~~~~~~~~~~~~~~~~~~~~~~~~~~~~~~~[m[K
[01m[K/usr/include/c++/11/functional:756:21:[m[K [01;36m[Knote: [m[K‘[01m[K(false ? (1 >= (((long unsigned int)std::integral_constant<long unsigned int, 2>::value) + 1)) : (1 == (((long unsigned int)std::integral_constant<long unsigned int, 2>::value) + 1)))[m[K’ evaluates to false
[01m[K/home/user/ros2_teaching/src/homework/src/client.cpp:[m[K In constructor ‘[01m[Kclient::client()[m[K’:
[01m[K/home/user/ros2_teaching/src/homework/src/client.cpp:6:36:[m[K [01;31m[Kerror: [m[Kno matching function for call to ‘[01m[Kclient::create_wall_timer(std::chrono::milliseconds, std::_Bind_helper<false, void (client::*)(std::shared_ptr<interfaces::srv::Distance_Request_<std::allocator<void> > >, std::shared_ptr<interfaces::srv::Distance_Response_<std::allocator<void> > >), client*>::type)[m[K’
    6 |    timer_ = [01;31m[Kthis->create_wall_timer(500ms, std::bind(&client::timer_callback, this))[m[K;
      |             [01;31m[K~~~~~~~~~~~~~~~~~~~~~~~^~~~~~~~~~~~~~~~~~~~~~~~~~~~~~~~~~~~~~~~~~~~~~~~~[m[K
In file included from [01m[K/opt/ros/humble/include/rclcpp/rclcpp/executors/single_threaded_executor.hpp:28[m[K,
                 from [01m[K/opt/ros/humble/include/rclcpp/rclcpp/executors.hpp:22[m[K,
                 from [01m[K/opt/ros/humble/include/rclcpp/rclcpp/rclcpp.hpp:155[m[K,
                 from [01m[K/home/user/ros2_teaching/src/homework/include/homework/service_hw.h:2[m[K,
                 from [01m[K/home/user/ros2_teaching/src/homework/src/client.cpp:1[m[K:
[01m[K/opt/ros/humble/include/rclcpp/rclcpp/node.hpp:238:3:[m[K [01;36m[Knote: [m[Kcandidate: ‘[01m[Ktemplate<class DurationRepT, class DurationT, class CallbackT> typename rclcpp::WallTimer<CallbackT>::SharedPtr rclcpp::Node::create_wall_timer(std::chrono::duration<_Rep1, _Period1>, CallbackT, rclcpp::CallbackGroup::SharedPtr)[m[K’
  238 |   [01;36m[Kcreate_wall_timer[m[K(
      |   [01;36m[K^~~~~~~~~~~~~~~~~[m[K
[01m[K/opt/ros/humble/include/rclcpp/rclcpp/node.hpp:238:3:[m[K [01;36m[Knote: [m[K  template argument deduction/substitution failed:
In file included from [01m[K/opt/ros/humble/include/rclcpp/rclcpp/node.hpp:1321[m[K,
                 from [01m[K/opt/ros/humble/include/rclcpp/rclcpp/executors/single_threaded_executor.hpp:28[m[K,
                 from [01m[K/opt/ros/humble/include/rclcpp/rclcpp/executors.hpp:22[m[K,
                 from [01m[K/opt/ros/humble/include/rclcpp/rclcpp/rclcpp.hpp:155[m[K,
                 from [01m[K/home/user/ros2_teaching/src/homework/include/homework/service_hw.h:2[m[K,
                 from [01m[K/home/user/ros2_teaching/src/homework/src/client.cpp:1[m[K:
/opt/ros/humble/include/rclcpp/rclcpp/node_impl.hpp: In substitution of ‘[01m[Ktemplate<class DurationRepT, class DurationT, class CallbackT> typename rclcpp::WallTimer<CallbackT>::SharedPtr rclcpp::Node::create_wall_timer(std::chrono::duration<_Rep1, _Period1>, CallbackT, rclcpp::CallbackGroup::SharedPtr) [with DurationRepT = long int; DurationT = std::ratio<1, 1000>; CallbackT = std::_Bind<void (client::*(client*))(std::shared_ptr<interfaces::srv::Distance_Request_<std::allocator<void> > >, std::shared_ptr<interfaces::srv::Distance_Response_<std::allocator<void> > >)>][m[K’:
[01m[K/home/user/ros2_teaching/src/homework/src/client.cpp:6:36:[m[K   required from here
[01m[K/opt/ros/humble/include/rclcpp/rclcpp/node_impl.hpp:110:1:[m[K [01;31m[Kerror: [m[Kno type named ‘[01m[Ktype[m[K’ in ‘[01m[Kstruct std::enable_if<false, void>[m[K’
  110 | [01;31m[KNode[m[K::create_wall_timer(
      | [01;31m[K^~~~[m[K
[01m[K/opt/ros/humble/include/rclcpp/rclcpp/node_impl.hpp:110:1:[m[K [01;31m[Kerror: [m[Kno type named ‘[01m[Ktype[m[K’ in ‘[01m[Kstruct std::enable_if<false, void>[m[K’
[01m[K/opt/ros/humble/include/rclcpp/rclcpp/node_impl.hpp:110:1:[m[K [01;36m[Knote: [m[Kinvalid template non-type parameter
[01m[K/home/user/ros2_teaching/src/homework/src/client.cpp:[m[K In member function ‘[01m[Kvoid client::timer_callback(std::shared_ptr<interfaces::srv::Distance_Request_<std::allocator<void> > >, std::shared_ptr<interfaces::srv::Distance_Response_<std::allocator<void> > >)[m[K’:
[01m[K/home/user/ros2_teaching/src/homework/src/client.cpp:18:21:[m[K [01;31m[Kerror: [m[K‘[01m[Ktemplate<class ServiceT> class rclcpp::Client[m[K’ used without template arguments
   18 |     while (!rclcpp::[01;31m[KClient[m[K::wait_for_service(1s)) {
      |                     [01;31m[K^~~~~~[m[K
In file included from [01m[K/opt/ros/humble/include/rclcpp/rclcpp/callback_group.hpp:24[m[K,
                 from [01m[K/opt/ros/humble/include/rclcpp/rclcpp/any_executable.hpp:20[m[K,
                 from [01m[K/opt/ros/humble/include/rclcpp/rclcpp/memory_strategy.hpp:25[m[K,
                 from [01m[K/opt/ros/humble/include/rclcpp/rclcpp/memory_strategies.hpp:18[m[K,
                 from [01m[K/opt/ros/humble/include/rclcpp/rclcpp/executor_options.hpp:20[m[K,
                 from [01m[K/opt/ros/humble/include/rclcpp/rclcpp/executor.hpp:37[m[K,
                 from [01m[K/opt/ros/humble/include/rclcpp/rclcpp/executors/multi_threaded_executor.hpp:25[m[K,
                 from [01m[K/opt/ros/humble/include/rclcpp/rclcpp/executors.hpp:21[m[K,
                 from [01m[K/opt/ros/humble/include/rclcpp/rclcpp/rclcpp.hpp:155[m[K,
                 from [01m[K/home/user/ros2_teaching/src/homework/include/homework/service_hw.h:2[m[K,
                 from [01m[K/home/user/ros2_teaching/src/homework/src/client.cpp:1[m[K:
/opt/ros/humble/include/rclcpp/rclcpp/client.hpp: In instantiation of ‘[01m[Kclass rclcpp::Client<geometry_msgs::msg::Point_<std::allocator<void> > >[m[K’:
[01m[K/home/user/ros2_teaching/src/homework/src/client.cpp:26:60:[m[K   required from here
[01m[K/opt/ros/humble/include/rclcpp/rclcpp/client.hpp:374:9:[m[K [01;31m[Kerror: [m[Kno type named ‘[01m[KRequest[m[K’ in ‘[01m[Kstruct geometry_msgs::msg::Point_<std::allocator<void> >[m[K’
  374 |   using [01;31m[KRequest[m[K = typename ServiceT::Request;
      |         [01;31m[K^~~~~~~[m[K
[01m[K/opt/ros/humble/include/rclcpp/rclcpp/client.hpp:375:9:[m[K [01;31m[Kerror: [m[Kno type named ‘[01m[KResponse[m[K’ in ‘[01m[Kstruct geometry_msgs::msg::Point_<std::allocator<void> >[m[K’
  375 |   using [01;31m[KResponse[m[K = typename ServiceT::Response;
      |         [01;31m[K^~~~~~~~[m[K
[01m[K/opt/ros/humble/include/rclcpp/rclcpp/client.hpp:377:9:[m[K [01;31m[Kerror: [m[Kno type named ‘[01m[KRequest[m[K’ in ‘[01m[Kstruct geometry_msgs::msg::Point_<std::allocator<void> >[m[K’
  377 |   using [01;31m[KSharedRequest[m[K = typename ServiceT::Request::SharedPtr;
      |         [01;31m[K^~~~~~~~~~~~~[m[K
[01m[K/opt/ros/humble/include/rclcpp/rclcpp/client.hpp:378:9:[m[K [01;31m[Kerror: [m[Kno type named ‘[01m[KResponse[m[K’ in ‘[01m[Kstruct geometry_msgs::msg::Point_<std::allocator<void> >[m[K’
  378 |   using [01;31m[KSharedResponse[m[K = typename ServiceT::Response::SharedPtr;
      |         [01;31m[K^~~~~~~~~~~~~~[m[K
[01m[K/opt/ros/humble/include/rclcpp/rclcpp/client.hpp:380:9:[m[K [01;31m[Kerror: [m[Kno type named ‘[01m[KResponse[m[K’ in ‘[01m[Kstruct geometry_msgs::msg::Point_<std::allocator<void> >[m[K’
  380 |   using [01;31m[KPromise[m[K = std::promise<SharedResponse>;
      |         [01;31m[K^~~~~~~[m[K
[01m[K/opt/ros/humble/include/rclcpp/rclcpp/client.hpp:381:9:[m[K [01;31m[Kerror: [m[Kno type named ‘[01m[KRequest[m[K’ in ‘[01m[Kstruct geometry_msgs::msg::Point_<std::allocator<void> >[m[K’
  381 |   using [01;31m[KPromiseWithRequest[m[K = std::promise<std::pair<SharedRequest, SharedResponse>>;
      |         [01;31m[K^~~~~~~~~~~~~~~~~~[m[K
[01m[K/opt/ros/humble/include/rclcpp/rclcpp/client.hpp:383:9:[m[K [01;31m[Kerror: [m[Kno type named ‘[01m[KResponse[m[K’ in ‘[01m[Kstruct geometry_msgs::msg::Point_<std::allocator<void> >[m[K’
  383 |   using [01;31m[KSharedPromise[m[K = std::shared_ptr<Promise>;
      |         [01;31m[K^~~~~~~~~~~~~[m[K
[01m[K/opt/ros/humble/include/rclcpp/rclcpp/client.hpp:384:9:[m[K [01;31m[Kerror: [m[Kno type named ‘[01m[KRequest[m[K’ in ‘[01m[Kstruct geometry_msgs::msg::Point_<std::allocator<void> >[m[K’
  384 |   using [01;31m[KSharedPromiseWithRequest[m[K = std::shared_ptr<PromiseWithRequest>;
      |         [01;31m[K^~~~~~~~~~~~~~~~~~~~~~~~[m[K
[01m[K/opt/ros/humble/include/rclcpp/rclcpp/client.hpp:386:9:[m[K [01;31m[Kerror: [m[Kno type named ‘[01m[KResponse[m[K’ in ‘[01m[Kstruct geometry_msgs::msg::Point_<std::allocator<void> >[m[K’
  386 |   using [01;31m[KFuture[m[K = std::future<SharedResponse>;
      |         [01;31m[K^~~~~~[m[K
[01m[K/opt/ros/humble/include/rclcpp/rclcpp/client.hpp:387:9:[m[K [01;31m[Kerror: [m[Kno type named ‘[01m[KResponse[m[K’ in ‘[01m[Kstruct geometry_msgs::msg::Point_<std::allocator<void> >[m[K’
  387 |   using [01;31m[KSharedFuture[m[K = std::shared_future<SharedResponse>;
      |         [01;31m[K^~~~~~~~~~~~[m[K
[01m[K/opt/ros/humble/include/rclcpp/rclcpp/client.hpp:388:9:[m[K [01;31m[Kerror: [m[Kno type named ‘[01m[KRequest[m[K’ in ‘[01m[Kstruct geometry_msgs::msg::Point_<std::allocator<void> >[m[K’
  388 |   using [01;31m[KSharedFutureWithRequest[m[K = std::shared_future<std::pair<SharedRequest, SharedResponse>>;
      |         [01;31m[K^~~~~~~~~~~~~~~~~~~~~~~[m[K
[01m[K/opt/ros/humble/include/rclcpp/rclcpp/client.hpp:390:9:[m[K [01;31m[Kerror: [m[Kno type named ‘[01m[KResponse[m[K’ in ‘[01m[Kstruct geometry_msgs::msg::Point_<std::allocator<void> >[m[K’
  390 |   using [01;31m[KCallbackType[m[K = std::function<void (SharedFuture)>;
      |         [01;31m[K^~~~~~~~~~~~[m[K
[01m[K/opt/ros/humble/include/rclcpp/rclcpp/client.hpp:391:9:[m[K [01;31m[Kerror: [m[Kno type named ‘[01m[KRequest[m[K’ in ‘[01m[Kstruct geometry_msgs::msg::Point_<std::allocator<void> >[m[K’
  391 |   using [01;31m[KCallbackWithRequestType[m[K = std::function<void (SharedFutureWithRequest)>;
      |         [01;31m[K^~~~~~~~~~~~~~~~~~~~~~~[m[K
[01m[K/opt/ros/humble/include/rclcpp/rclcpp/client.hpp:513:3:[m[K [01;31m[Kerror: [m[Kno type named ‘[01m[KResponse[m[K’ in ‘[01m[Kstruct geometry_msgs::msg::Point_<std::allocator<void> >[m[K’
  513 |   [01;31m[Ktake_response[m[K(typename ServiceT::Response & response_out, rmw_request_id_t & request_header_out)
      |   [01;31m[K^~~~~~~~~~~~~[m[K
[01m[K/opt/ros/humble/include/rclcpp/rclcpp/client.hpp:643:3:[m[K [01;31m[Kerror: [m[Kno type named ‘[01m[KResponse[m[K’ in ‘[01m[Kstruct geometry_msgs::msg::Point_<std::allocator<void> >[m[K’
  643 |   [01;31m[Kasync_send_request[m[K(SharedRequest request, CallbackT && cb)
      |   [01;31m[K^~~~~~~~~~~~~~~~~~[m[K
[01m[K/opt/ros/humble/include/rclcpp/rclcpp/client.hpp:674:3:[m[K [01;31m[Kerror: [m[Kno type named ‘[01m[KRequest[m[K’ in ‘[01m[Kstruct geometry_msgs::msg::Point_<std::allocator<void> >[m[K’
  674 |   [01;31m[Kasync_send_request[m[K(SharedRequest request, CallbackT && cb)
      |   [01;31m[K^~~~~~~~~~~~~~~~~~[m[K
[01m[K/opt/ros/humble/include/rclcpp/rclcpp/client.hpp:784:9:[m[K [01;31m[Kerror: [m[Kno type named ‘[01m[KResponse[m[K’ in ‘[01m[Kstruct geometry_msgs::msg::Point_<std::allocator<void> >[m[K’
  784 |   using [01;31m[KCallbackTypeValueVariant[m[K = std::tuple<CallbackType, SharedFuture, Promise>;
      |         [01;31m[K^~~~~~~~~~~~~~~~~~~~~~~~[m[K
[01m[K/opt/ros/humble/include/rclcpp/rclcpp/client.hpp:785:9:[m[K [01;31m[Kerror: [m[Kno type named ‘[01m[KRequest[m[K’ in ‘[01m[Kstruct geometry_msgs::msg::Point_<std::allocator<void> >[m[K’
  785 |   using [01;31m[KCallbackWithRequestTypeValueVariant[m[K = std::tuple<
      |         [01;31m[K^~~~~~~~~~~~~~~~~~~~~~~~~~~~~~~~~~~[m[K
[01m[K/opt/ros/humble/include/rclcpp/rclcpp/client.hpp:788:9:[m[K [01;31m[Kerror: [m[Kno type named ‘[01m[KResponse[m[K’ in ‘[01m[Kstruct geometry_msgs::msg::Point_<std::allocator<void> >[m[K’
  788 |   using [01;31m[KCallbackInfoVariant[m[K = std::variant<
      |         [01;31m[K^~~~~~~~~~~~~~~~~~~[m[K
[01m[K/opt/ros/humble/include/rclcpp/rclcpp/client.hpp:809:3:[m[K [01;31m[Kerror: [m[Kno type named ‘[01m[KResponse[m[K’ in ‘[01m[Kstruct geometry_msgs::msg::Point_<std::allocator<void> >[m[K’
  809 |   [01;31m[Kget_and_erase_pending_request[m[K(int64_t request_number)
      |   [01;31m[K^~~~~~~~~~~~~~~~~~~~~~~~~~~~~[m[K
[01m[K/opt/ros/humble/include/rclcpp/rclcpp/client.hpp:831:3:[m[K [01;31m[Kerror: [m[Kno type named ‘[01m[KResponse[m[K’ in ‘[01m[Kstruct geometry_msgs::msg::Point_<std::allocator<void> >[m[K’
  831 |   [01;31m[Kpending_requests_[m[K;
      |   [01;31m[K^~~~~~~~~~~~~~~~~[m[K
[01m[K/home/user/ros2_teaching/src/homework/src/client.cpp:26:62:[m[K [01;31m[Kerror: [m[K‘[01m[Kasync_send_request[m[K’ is not a member of ‘[01m[Krclcpp::Client<geometry_msgs::msg::Point_<std::allocator<void> > >[m[K’
   26 |     auto result = rclcpp::Client<geometry_msgs::msg::Point>::[01;31m[Kasync_send_request[m[K(request);
      |                                                              [01;31m[K^~~~~~~~~~~~~~~~~~[m[K
[01m[K/home/user/ros2_teaching/src/homework/src/client.cpp:29:51:[m[K [01;31m[Kerror: [m[Kqualified-id in declaration before ‘[01m[K([m[K’ token
   29 |     if (rclcpp::Client::spin_until_future_complete[01;31m[K([m[Kthis, result) == rclcpp::FutureReturnCode::SUCCESS)
      |                                                   [01;31m[K^[m[K
In file included from [01m[K/usr/include/c++/11/pstl/glue_algorithm_defs.h:13[m[K,
                 from [01m[K/usr/include/c++/11/algorithm:74[m[K,
                 from [01m[K/opt/ros/humble/include/rclcpp/rclcpp/executor.hpp:18[m[K,
                 from [01m[K/opt/ros/humble/include/rclcpp/rclcpp/executors/multi_threaded_executor.hpp:25[m[K,
                 from [01m[K/opt/ros/humble/include/rclcpp/rclcpp/executors.hpp:21[m[K,
                 from [01m[K/opt/ros/humble/include/rclcpp/rclcpp/rclcpp.hpp:155[m[K,
                 from [01m[K/home/user/ros2_teaching/src/homework/include/homework/service_hw.h:2[m[K,
                 from [01m[K/home/user/ros2_teaching/src/homework/src/service.cpp:1[m[K:
/usr/include/c++/11/functional: In instantiation of ‘[01m[Kstruct std::_Bind_check_arity<void (service::*)(std::shared_ptr<interfaces::srv::Distance_Request_<std::allocator<void> > >, std::shared_ptr<interfaces::srv::Distance_Response_<std::allocator<void> > >), service*, const std::_Placeholder<1>&>[m[K’:
[01m[K/usr/include/c++/11/functional:768:12:[m[K   required from ‘[01m[Kstruct std::_Bind_helper<false, void (service::*)(std::shared_ptr<interfaces::srv::Distance_Request_<std::allocator<void> > >, std::shared_ptr<interfaces::srv::Distance_Response_<std::allocator<void> > >), service*, const std::_Placeholder<1>&>[m[K’
[01m[K/usr/include/c++/11/functional:789:5:[m[K   required by substitution of ‘[01m[Ktemplate<class _Func, class ... _BoundArgs> typename std::_Bind_helper<std::__is_socketlike<_Func>::value, _Func, _BoundArgs ...>::type std::bind(_Func&&, _BoundArgs&& ...) [with _Func = void (service::*)(std::shared_ptr<interfaces::srv::Distance_Request_<std::allocator<void> > >, std::shared_ptr<interfaces::srv::Distance_Response_<std::allocator<void> > >); _BoundArgs = {service*, const std::_Placeholder<1>&}][m[K’
[01m[K/home/user/ros2_teaching/src/homework/src/service.cpp:5:98:[m[K   required from here
[01m[K/usr/include/c++/11/functional:756:21:[m[K [01;31m[Kerror: [m[Kstatic assertion failed: Wrong number of arguments for pointer-to-member
  755 |       static_assert(_Varargs::[01;31m[Kvalue[m[K
      |                               [01;31m[K~~~~~[m[K
  756 | [01;31m[K                    ? sizeof...(_BoundArgs) >= _Arity::value + 1[m[K
      |                     [01;31m[K^~~~~~~~~~~~~~~~~~~~~~~~~~~~~~~~~~~~~~~~~~~~[m[K
  757 | [01;31m[K                    : sizeof...(_BoundArgs) == _Arity::value + 1[m[K,
      |                     [01;31m[K~~~~~~~~~~~~~~~~~~~~~~~~~~~~~~~~~~~~~~~~~~~~[m[K
[01m[K/usr/include/c++/11/functional:756:21:[m[K [01;36m[Knote: [m[K‘[01m[K(false ? (2 >= (((long unsigned int)std::integral_constant<long unsigned int, 2>::value) + 1)) : (2 == (((long unsigned int)std::integral_constant<long unsigned int, 2>::value) + 1)))[m[K’ evaluates to false
[01m[K/home/user/ros2_teaching/src/homework/src/service.cpp:[m[K In constructor ‘[01m[Kservice::service()[m[K’:
[01m[K/home/user/ros2_teaching/src/homework/src/service.cpp:5:62:[m[K [01;31m[Kerror: [m[Kno matching function for call to ‘[01m[Kservice::create_service<interfaces::srv::Distance>(const char [19], int, std::_Bind_helper<false, void (service::*)(std::shared_ptr<interfaces::srv::Distance_Request_<std::allocator<void> > >, std::shared_ptr<interfaces::srv::Distance_Response_<std::allocator<void> > >), service*, const std::_Placeholder<1>&>::type)[m[K’
    5 |    service_ = [01;31m[Kthis->create_service<interfaces::srv::Distance>("calculate_distance", 10, std::bind(&service::response_callback, this, _1))[m[K;
      |               [01;31m[K~~~~~~~~~~~~~~~~~~~~~~~~~~~~~~~~~~~~~~~~~~~~~~~^~~~~~~~~~~~~~~~~~~~~~~~~~~~~~~~~~~~~~~~~~~~~~~~~~~~~~~~~~~~~~~~~~~~~~~~~~~~[m[K
In file included from [01m[K/opt/ros/humble/include/rclcpp/rclcpp/executors/single_threaded_executor.hpp:28[m[K,
                 from [01m[K/opt/ros/humble/include/rclcpp/rclcpp/executors.hpp:22[m[K,
                 from [01m[K/opt/ros/humble/include/rclcpp/rclcpp/rclcpp.hpp:155[m[K,
                 from [01m[K/home/user/ros2_teaching/src/homework/include/homework/service_hw.h:2[m[K,
                 from [01m[K/home/user/ros2_teaching/src/homework/src/service.cpp:1[m[K:
[01m[K/opt/ros/humble/include/rclcpp/rclcpp/node.hpp:267:3:[m[K [01;36m[Knote: [m[Kcandidate: ‘[01m[Ktemplate<class ServiceT, class CallbackT> typename rclcpp::Service<ServiceT>::SharedPtr rclcpp::Node::create_service(const string&, CallbackT&&, const rmw_qos_profile_t&, rclcpp::CallbackGroup::SharedPtr)[m[K’
  267 |   [01;36m[Kcreate_service[m[K(
      |   [01;36m[K^~~~~~~~~~~~~~[m[K
[01m[K/opt/ros/humble/include/rclcpp/rclcpp/node.hpp:267:3:[m[K [01;36m[Knote: [m[K  template argument deduction/substitution failed:
[01m[K/home/user/ros2_teaching/src/homework/src/service.cpp:5:98:[m[K [01;36m[Knote: [m[K  cannot convert ‘[01m[Kstd::bind(_Func&&, _BoundArgs&& ...) [with _Func = void (service::*)(std::shared_ptr<interfaces::srv::Distance_Request_<std::allocator<void> > >, std::shared_ptr<interfaces::srv::Distance_Response_<std::allocator<void> > >); _BoundArgs = {service*, const std::_Placeholder<1>&}; typename std::_Bind_helper<std::__is_socketlike<_Func>::value, _Func, _BoundArgs ...>::type = std::_Bind_helper<false, void (service::*)(std::shared_ptr<interfaces::srv::Distance_Request_<std::allocator<void> > >, std::shared_ptr<interfaces::srv::Distance_Response_<std::allocator<void> > >), service*, const std::_Placeholder<1>&>::type; std::__is_socketlike<_Func> = std::__is_socketlike<void (service::*)(std::shared_ptr<interfaces::srv::Distance_Request_<std::allocator<void> > >, std::shared_ptr<interfaces::srv::Distance_Response_<std::allocator<void> > >), void (service::*)(std::shared_ptr<interfaces::srv::Distance_Request_<std::allocator<void> > >, std::shared_ptr<interfaces::srv::Distance_Response_<std::allocator<void> > >)>; typename std::decay<_Tp>::type = void (service::*)(std::shared_ptr<interfaces::srv::Distance_Request_<std::allocator<void> > >, std::shared_ptr<interfaces::srv::Distance_Response_<std::allocator<void> > >)](((service*)this), std::placeholders::_1)[m[K’ (type ‘[01m[Kstd::_Bind_helper<false, void (service::*)(std::shared_ptr<interfaces::srv::Distance_Request_<std::allocator<void> > >, std::shared_ptr<interfaces::srv::Distance_Response_<std::allocator<void> > >), service*, const std::_Placeholder<1>&>::type[m[K’) to type ‘[01m[Kconst rmw_qos_profile_t&[m[K’ {aka ‘[01m[Kconst rmw_qos_profile_s&[m[K’}
    5 |    service_ = this->create_service<interfaces::srv::Distance>("calculate_distance", 10, [01;36m[Kstd::bind(&service::response_callback, this, _1)[m[K);
      |                                                                                         [01;36m[K~~~~~~~~~^~~~~~~~~~~~~~~~~~~~~~~~~~~~~~~~~~~~~~~[m[K
gmake[2]: *** [CMakeFiles/Client.dir/build.make:76: CMakeFiles/Client.dir/src/client.cpp.o] Error 1
gmake[2]: *** [CMakeFiles/Service.dir/build.make:76: CMakeFiles/Service.dir/src/service.cpp.o] Error 1
gmake[1]: *** [CMakeFiles/Makefile2:221: CMakeFiles/Client.dir/all] Error 2
gmake[1]: *** Waiting for unfinished jobs....
gmake[1]: *** [CMakeFiles/Makefile2:195: CMakeFiles/Service.dir/all] Error 2
gmake: *** [Makefile:146: all] Error 2
