[0.013s] Invoking command in '/home/user/ros2_teaching/build/homework': CMAKE_PREFIX_PATH=/home/user/ros2_teaching/install/interfaces:/home/user/ros2_teaching/install/homework:/opt/ros/humble /usr/bin/cmake --build /home/user/ros2_teaching/build/homework -- -j8 -l8
[0.128s] [ 25%] Built target Publisher
[0.130s] [ 50%] Built target Server
[0.133s] [ 75%] Built target Subscriber
[0.133s] [100%] Built target Client
[0.143s] Invoked command in '/home/user/ros2_teaching/build/homework' returned '0': CMAKE_PREFIX_PATH=/home/user/ros2_teaching/install/interfaces:/home/user/ros2_teaching/install/homework:/opt/ros/humble /usr/bin/cmake --build /home/user/ros2_teaching/build/homework -- -j8 -l8
[0.145s] Invoking command in '/home/user/ros2_teaching/build/homework': CMAKE_PREFIX_PATH=/home/user/ros2_teaching/install/interfaces:/home/user/ros2_teaching/install/homework:/opt/ros/humble /usr/bin/cmake --install /home/user/ros2_teaching/build/homework
[0.152s] -- Install configuration: ""
[0.152s] -- Installing: /home/user/ros2_teaching/install/homework/lib/homework/Publisher
[0.159s] -- Set runtime path of "/home/user/ros2_teaching/install/homework/lib/homework/Publisher" to ""
[0.159s] -- Installing: /home/user/ros2_teaching/install/homework/lib/homework/Subscriber
[0.164s] -- Set runtime path of "/home/user/ros2_teaching/install/homework/lib/homework/Subscriber" to ""
[0.164s] -- Installing: /home/user/ros2_teaching/install/homework/lib/homework/Server
[0.166s] -- Set runtime path of "/home/user/ros2_teaching/install/homework/lib/homework/Server" to ""
[0.166s] -- Installing: /home/user/ros2_teaching/install/homework/lib/homework/Client
[0.167s] -- Set runtime path of "/home/user/ros2_teaching/install/homework/lib/homework/Client" to ""
[0.167s] -- Installing: /home/user/ros2_teaching/install/homework/share/homework/launch
[0.168s] -- Installing: /home/user/ros2_teaching/install/homework/share/homework/launch/launch_hw.launch
[0.168s] -- Installing: /home/user/ros2_teaching/install/homework/share/ament_index/resource_index/package_run_dependencies/homework
[0.168s] -- Installing: /home/user/ros2_teaching/install/homework/share/ament_index/resource_index/parent_prefix_path/homework
[0.168s] -- Installing: /home/user/ros2_teaching/install/homework/share/homework/environment/ament_prefix_path.sh
[0.168s] -- Installing: /home/user/ros2_teaching/install/homework/share/homework/environment/ament_prefix_path.dsv
[0.169s] -- Installing: /home/user/ros2_teaching/install/homework/share/homework/environment/path.sh
[0.169s] -- Installing: /home/user/ros2_teaching/install/homework/share/homework/environment/path.dsv
[0.169s] -- Installing: /home/user/ros2_teaching/install/homework/share/homework/local_setup.bash
[0.170s] -- Installing: /home/user/ros2_teaching/install/homework/share/homework/local_setup.sh
[0.170s] -- Installing: /home/user/ros2_teaching/install/homework/share/homework/local_setup.zsh
[0.170s] -- Installing: /home/user/ros2_teaching/install/homework/share/homework/local_setup.dsv
[0.171s] -- Installing: /home/user/ros2_teaching/install/homework/share/homework/package.dsv
[0.171s] -- Installing: /home/user/ros2_teaching/install/homework/share/ament_index/resource_index/packages/homework
[0.171s] -- Installing: /home/user/ros2_teaching/install/homework/share/homework/cmake/homeworkConfig.cmake
[0.171s] -- Installing: /home/user/ros2_teaching/install/homework/share/homework/cmake/homeworkConfig-version.cmake
[0.171s] -- Installing: /home/user/ros2_teaching/install/homework/share/homework/package.xml
[0.177s] Invoked command in '/home/user/ros2_teaching/build/homework' returned '0': CMAKE_PREFIX_PATH=/home/user/ros2_teaching/install/interfaces:/home/user/ros2_teaching/install/homework:/opt/ros/humble /usr/bin/cmake --install /home/user/ros2_teaching/build/homework
