[0.015s] Invoking command in '/home/user/ros2_teaching/build/homework': CMAKE_PREFIX_PATH=/home/user/ros2_teaching/install/interfaces:/home/user/ros2_teaching/install/homework:/opt/ros/humble /usr/bin/cmake --build /home/user/ros2_teaching/build/homework -- -j8 -l8
[0.044s] -- Found ament_cmake: 1.3.11 (/opt/ros/humble/share/ament_cmake/cmake)
[0.199s] -- Found std_msgs: 4.9.0 (/opt/ros/humble/share/std_msgs/cmake)
[0.229s] -- Found rosidl_generator_c: 3.1.6 (/opt/ros/humble/share/rosidl_generator_c/cmake)
[0.233s] -- Found rosidl_adapter: 3.1.6 (/opt/ros/humble/share/rosidl_adapter/cmake)
[0.240s] -- Found rosidl_generator_cpp: 3.1.6 (/opt/ros/humble/share/rosidl_generator_cpp/cmake)
[0.251s] -- Using all available rosidl_typesupport_c: rosidl_typesupport_fastrtps_c;rosidl_typesupport_introspection_c
[0.263s] -- Using all available rosidl_typesupport_cpp: rosidl_typesupport_fastrtps_cpp;rosidl_typesupport_introspection_cpp
[0.286s] -- Found geometry_msgs: 4.9.0 (/opt/ros/humble/share/geometry_msgs/cmake)
[0.300s] -- Found rclcpp: 16.0.12 (/opt/ros/humble/share/rclcpp/cmake)
[0.325s] -- Found rmw_implementation_cmake: 6.1.2 (/opt/ros/humble/share/rmw_implementation_cmake/cmake)
[0.327s] -- Found rmw_fastrtps_cpp: 6.2.7 (/opt/ros/humble/share/rmw_fastrtps_cpp/cmake)
[0.465s] -- Using RMW implementation 'rmw_fastrtps_cpp' as default
[0.505s] -- Found interfaces: 0.0.0 (/home/user/ros2_teaching/install/interfaces/share/interfaces/cmake)
[0.521s] -- Found ament_lint_auto: 0.12.12 (/opt/ros/humble/share/ament_lint_auto/cmake)
[0.609s] -- Added test 'cppcheck' to perform static code analysis on C / C++ code
[0.609s] -- Configured cppcheck include dirs: /home/user/ros2_teaching/src/homework/include
[0.609s] -- Configured cppcheck exclude dirs and/or files: 
[0.610s] -- Added test 'lint_cmake' to check CMake code style
[0.611s] -- Added test 'uncrustify' to check C / C++ code style
[0.611s] -- Configured uncrustify additional arguments: 
[0.612s] -- Added test 'xmllint' to check XML markup files
[0.613s] -- Configuring done
[0.647s] -- Generating done
[0.657s] -- Build files have been written to: /home/user/ros2_teaching/build/homework
[0.685s] [35m[1mConsolidate compiler generated dependencies of target Server[0m
[0.686s] [35m[1mConsolidate compiler generated dependencies of target Subscriber[0m
[0.686s] [35m[1mConsolidate compiler generated dependencies of target Publisher[0m
[0.688s] [35m[1mConsolidate compiler generated dependencies of target Client[0m
[0.709s] [ 25%] Built target Subscriber
[0.712s] [ 75%] Built target Server
[0.712s] [ 75%] Built target Publisher
[0.712s] [100%] Built target Client
[0.723s] Invoked command in '/home/user/ros2_teaching/build/homework' returned '0': CMAKE_PREFIX_PATH=/home/user/ros2_teaching/install/interfaces:/home/user/ros2_teaching/install/homework:/opt/ros/humble /usr/bin/cmake --build /home/user/ros2_teaching/build/homework -- -j8 -l8
[0.725s] Invoking command in '/home/user/ros2_teaching/build/homework': CMAKE_PREFIX_PATH=/home/user/ros2_teaching/install/interfaces:/home/user/ros2_teaching/install/homework:/opt/ros/humble /usr/bin/cmake --install /home/user/ros2_teaching/build/homework
[0.733s] -- Install configuration: ""
[0.733s] -- Up-to-date: /home/user/ros2_teaching/install/homework/lib/homework/Publisher
[0.733s] -- Up-to-date: /home/user/ros2_teaching/install/homework/lib/homework/Subscriber
[0.733s] -- Up-to-date: /home/user/ros2_teaching/install/homework/lib/homework/Server
[0.734s] -- Up-to-date: /home/user/ros2_teaching/install/homework/lib/homework/Client
[0.734s] -- Installing: /home/user/ros2_teaching/install/homework/share/homework/launch
[0.734s] -- Installing: /home/user/ros2_teaching/install/homework/share/homework/launch/launch_hw.launch
[0.734s] -- Installing: /home/user/ros2_teaching/install/homework/share/ament_index/resource_index/package_run_dependencies/homework
[0.735s] -- Up-to-date: /home/user/ros2_teaching/install/homework/share/ament_index/resource_index/parent_prefix_path/homework
[0.735s] -- Up-to-date: /home/user/ros2_teaching/install/homework/share/homework/environment/ament_prefix_path.sh
[0.735s] -- Installing: /home/user/ros2_teaching/install/homework/share/homework/environment/ament_prefix_path.dsv
[0.736s] -- Up-to-date: /home/user/ros2_teaching/install/homework/share/homework/environment/path.sh
[0.736s] -- Installing: /home/user/ros2_teaching/install/homework/share/homework/environment/path.dsv
[0.736s] -- Up-to-date: /home/user/ros2_teaching/install/homework/share/homework/local_setup.bash
[0.736s] -- Up-to-date: /home/user/ros2_teaching/install/homework/share/homework/local_setup.sh
[0.736s] -- Up-to-date: /home/user/ros2_teaching/install/homework/share/homework/local_setup.zsh
[0.736s] -- Installing: /home/user/ros2_teaching/install/homework/share/homework/local_setup.dsv
[0.736s] -- Installing: /home/user/ros2_teaching/install/homework/share/homework/package.dsv
[0.736s] -- Up-to-date: /home/user/ros2_teaching/install/homework/share/ament_index/resource_index/packages/homework
[0.736s] -- Up-to-date: /home/user/ros2_teaching/install/homework/share/homework/cmake/homeworkConfig.cmake
[0.736s] -- Up-to-date: /home/user/ros2_teaching/install/homework/share/homework/cmake/homeworkConfig-version.cmake
[0.736s] -- Installing: /home/user/ros2_teaching/install/homework/share/homework/package.xml
[0.738s] Invoked command in '/home/user/ros2_teaching/build/homework' returned '0': CMAKE_PREFIX_PATH=/home/user/ros2_teaching/install/interfaces:/home/user/ros2_teaching/install/homework:/opt/ros/humble /usr/bin/cmake --install /home/user/ros2_teaching/build/homework
