[0.096s] DEBUG:colcon:Command line arguments: ['/usr/bin/colcon', 'build']
[0.097s] DEBUG:colcon:Parsed command line arguments: Namespace(log_base=None, log_level=None, verb_name='build', build_base='build', install_base='install', merge_install=False, symlink_install=False, test_result_base=None, continue_on_error=False, executor='parallel', parallel_workers=8, event_handlers=None, ignore_user_meta=False, metas=['./colcon.meta'], base_paths=['.'], packages_ignore=None, packages_ignore_regex=None, paths=None, packages_up_to=None, packages_up_to_regex=None, packages_above=None, packages_above_and_dependencies=None, packages_above_depth=None, packages_select_by_dep=None, packages_skip_by_dep=None, packages_skip_up_to=None, packages_select_build_failed=False, packages_skip_build_finished=False, packages_select_test_failures=False, packages_skip_test_passed=False, packages_select=None, packages_skip=None, packages_select_regex=None, packages_skip_regex=None, packages_start=None, packages_end=None, cmake_args=None, cmake_target=None, cmake_target_skip_unavailable=False, cmake_clean_cache=False, cmake_clean_first=False, cmake_force_configure=False, ament_cmake_args=None, catkin_cmake_args=None, catkin_skip_building_tests=False, mixin_files=None, mixin=None, verb_parser=<colcon_mixin.mixin.mixin_argument.MixinArgumentDecorator object at 0x774cf873fa00>, verb_extension=<colcon_core.verb.build.BuildVerb object at 0x774cf88889a0>, main=<bound method BuildVerb.main of <colcon_core.verb.build.BuildVerb object at 0x774cf88889a0>>, mixin_verb=('build',))
[0.225s] Level 1:colcon.colcon_core.package_discovery:discover_packages(colcon_meta) check parameters
[0.226s] Level 1:colcon.colcon_core.package_discovery:discover_packages(recursive) check parameters
[0.226s] Level 1:colcon.colcon_core.package_discovery:discover_packages(ignore) check parameters
[0.226s] Level 1:colcon.colcon_core.package_discovery:discover_packages(path) check parameters
[0.226s] Level 1:colcon.colcon_core.package_discovery:discover_packages(colcon_meta) discover
[0.226s] Level 1:colcon.colcon_core.package_discovery:discover_packages(recursive) discover
[0.226s] INFO:colcon.colcon_core.package_discovery:Crawling recursively for packages in '/home/user/ros2_teaching'
[0.226s] Level 1:colcon.colcon_core.package_identification:_identify(.) by extensions ['ignore', 'ignore_ament_install']
[0.226s] Level 1:colcon.colcon_core.package_identification:_identify(.) by extension 'ignore'
[0.226s] Level 1:colcon.colcon_core.package_identification:_identify(.) by extension 'ignore_ament_install'
[0.226s] Level 1:colcon.colcon_core.package_identification:_identify(.) by extensions ['colcon_pkg']
[0.226s] Level 1:colcon.colcon_core.package_identification:_identify(.) by extension 'colcon_pkg'
[0.226s] Level 1:colcon.colcon_core.package_identification:_identify(.) by extensions ['colcon_meta']
[0.226s] Level 1:colcon.colcon_core.package_identification:_identify(.) by extension 'colcon_meta'
[0.226s] Level 1:colcon.colcon_core.package_identification:_identify(.) by extensions ['ros']
[0.226s] Level 1:colcon.colcon_core.package_identification:_identify(.) by extension 'ros'
[0.238s] Level 1:colcon.colcon_core.package_identification:_identify(.) by extensions ['cmake', 'python']
[0.238s] Level 1:colcon.colcon_core.package_identification:_identify(.) by extension 'cmake'
[0.238s] Level 1:colcon.colcon_core.package_identification:_identify(.) by extension 'python'
[0.238s] Level 1:colcon.colcon_core.package_identification:_identify(.) by extensions ['python_setup_py']
[0.239s] Level 1:colcon.colcon_core.package_identification:_identify(.) by extension 'python_setup_py'
[0.239s] Level 1:colcon.colcon_core.package_identification:_identify(build) by extensions ['ignore', 'ignore_ament_install']
[0.239s] Level 1:colcon.colcon_core.package_identification:_identify(build) by extension 'ignore'
[0.239s] Level 1:colcon.colcon_core.package_identification:_identify(build) ignored
[0.239s] Level 1:colcon.colcon_core.package_identification:_identify(docker) by extensions ['ignore', 'ignore_ament_install']
[0.239s] Level 1:colcon.colcon_core.package_identification:_identify(docker) by extension 'ignore'
[0.239s] Level 1:colcon.colcon_core.package_identification:_identify(docker) by extension 'ignore_ament_install'
[0.239s] Level 1:colcon.colcon_core.package_identification:_identify(docker) by extensions ['colcon_pkg']
[0.239s] Level 1:colcon.colcon_core.package_identification:_identify(docker) by extension 'colcon_pkg'
[0.239s] Level 1:colcon.colcon_core.package_identification:_identify(docker) by extensions ['colcon_meta']
[0.239s] Level 1:colcon.colcon_core.package_identification:_identify(docker) by extension 'colcon_meta'
[0.239s] Level 1:colcon.colcon_core.package_identification:_identify(docker) by extensions ['ros']
[0.239s] Level 1:colcon.colcon_core.package_identification:_identify(docker) by extension 'ros'
[0.239s] Level 1:colcon.colcon_core.package_identification:_identify(docker) by extensions ['cmake', 'python']
[0.239s] Level 1:colcon.colcon_core.package_identification:_identify(docker) by extension 'cmake'
[0.239s] Level 1:colcon.colcon_core.package_identification:_identify(docker) by extension 'python'
[0.239s] Level 1:colcon.colcon_core.package_identification:_identify(docker) by extensions ['python_setup_py']
[0.239s] Level 1:colcon.colcon_core.package_identification:_identify(docker) by extension 'python_setup_py'
[0.240s] Level 1:colcon.colcon_core.package_identification:_identify(install) by extensions ['ignore', 'ignore_ament_install']
[0.240s] Level 1:colcon.colcon_core.package_identification:_identify(install) by extension 'ignore'
[0.240s] Level 1:colcon.colcon_core.package_identification:_identify(install) ignored
[0.240s] Level 1:colcon.colcon_core.package_identification:_identify(log) by extensions ['ignore', 'ignore_ament_install']
[0.240s] Level 1:colcon.colcon_core.package_identification:_identify(log) by extension 'ignore'
[0.240s] Level 1:colcon.colcon_core.package_identification:_identify(log) ignored
[0.240s] Level 1:colcon.colcon_core.package_identification:_identify(src) by extensions ['ignore', 'ignore_ament_install']
[0.240s] Level 1:colcon.colcon_core.package_identification:_identify(src) by extension 'ignore'
[0.240s] Level 1:colcon.colcon_core.package_identification:_identify(src) by extension 'ignore_ament_install'
[0.240s] Level 1:colcon.colcon_core.package_identification:_identify(src) by extensions ['colcon_pkg']
[0.240s] Level 1:colcon.colcon_core.package_identification:_identify(src) by extension 'colcon_pkg'
[0.240s] Level 1:colcon.colcon_core.package_identification:_identify(src) by extensions ['colcon_meta']
[0.240s] Level 1:colcon.colcon_core.package_identification:_identify(src) by extension 'colcon_meta'
[0.240s] Level 1:colcon.colcon_core.package_identification:_identify(src) by extensions ['ros']
[0.240s] Level 1:colcon.colcon_core.package_identification:_identify(src) by extension 'ros'
[0.240s] Level 1:colcon.colcon_core.package_identification:_identify(src) by extensions ['cmake', 'python']
[0.240s] Level 1:colcon.colcon_core.package_identification:_identify(src) by extension 'cmake'
[0.240s] Level 1:colcon.colcon_core.package_identification:_identify(src) by extension 'python'
[0.240s] Level 1:colcon.colcon_core.package_identification:_identify(src) by extensions ['python_setup_py']
[0.240s] Level 1:colcon.colcon_core.package_identification:_identify(src) by extension 'python_setup_py'
[0.241s] Level 1:colcon.colcon_core.package_identification:_identify(src/homework) by extensions ['ignore', 'ignore_ament_install']
[0.241s] Level 1:colcon.colcon_core.package_identification:_identify(src/homework) by extension 'ignore'
[0.241s] Level 1:colcon.colcon_core.package_identification:_identify(src/homework) by extension 'ignore_ament_install'
[0.241s] Level 1:colcon.colcon_core.package_identification:_identify(src/homework) by extensions ['colcon_pkg']
[0.241s] Level 1:colcon.colcon_core.package_identification:_identify(src/homework) by extension 'colcon_pkg'
[0.241s] Level 1:colcon.colcon_core.package_identification:_identify(src/homework) by extensions ['colcon_meta']
[0.241s] Level 1:colcon.colcon_core.package_identification:_identify(src/homework) by extension 'colcon_meta'
[0.241s] Level 1:colcon.colcon_core.package_identification:_identify(src/homework) by extensions ['ros']
[0.241s] Level 1:colcon.colcon_core.package_identification:_identify(src/homework) by extension 'ros'
[0.243s] DEBUG:colcon.colcon_core.package_identification:Package 'src/homework' with type 'ros.ament_cmake' and name 'homework'
[0.243s] Level 1:colcon.colcon_core.package_identification:_identify(src/interfaces) by extensions ['ignore', 'ignore_ament_install']
[0.244s] Level 1:colcon.colcon_core.package_identification:_identify(src/interfaces) by extension 'ignore'
[0.244s] Level 1:colcon.colcon_core.package_identification:_identify(src/interfaces) by extension 'ignore_ament_install'
[0.244s] Level 1:colcon.colcon_core.package_identification:_identify(src/interfaces) by extensions ['colcon_pkg']
[0.244s] Level 1:colcon.colcon_core.package_identification:_identify(src/interfaces) by extension 'colcon_pkg'
[0.244s] Level 1:colcon.colcon_core.package_identification:_identify(src/interfaces) by extensions ['colcon_meta']
[0.244s] Level 1:colcon.colcon_core.package_identification:_identify(src/interfaces) by extension 'colcon_meta'
[0.244s] Level 1:colcon.colcon_core.package_identification:_identify(src/interfaces) by extensions ['ros']
[0.244s] Level 1:colcon.colcon_core.package_identification:_identify(src/interfaces) by extension 'ros'
[0.245s] DEBUG:colcon.colcon_core.package_identification:Package 'src/interfaces' with type 'ros.ament_cmake' and name 'interfaces'
[0.245s] Level 1:colcon.colcon_core.package_discovery:discover_packages(recursive) using defaults
[0.245s] Level 1:colcon.colcon_core.package_discovery:discover_packages(ignore) discover
[0.245s] Level 1:colcon.colcon_core.package_discovery:discover_packages(ignore) using defaults
[0.245s] Level 1:colcon.colcon_core.package_discovery:discover_packages(path) discover
[0.245s] Level 1:colcon.colcon_core.package_discovery:discover_packages(path) using defaults
[0.264s] Level 5:colcon.colcon_core.verb:set package 'interfaces' build argument 'cmake_args' from command line to 'None'
[0.264s] Level 5:colcon.colcon_core.verb:set package 'interfaces' build argument 'cmake_target' from command line to 'None'
[0.264s] Level 5:colcon.colcon_core.verb:set package 'interfaces' build argument 'cmake_target_skip_unavailable' from command line to 'False'
[0.264s] Level 5:colcon.colcon_core.verb:set package 'interfaces' build argument 'cmake_clean_cache' from command line to 'False'
[0.264s] Level 5:colcon.colcon_core.verb:set package 'interfaces' build argument 'cmake_clean_first' from command line to 'False'
[0.264s] Level 5:colcon.colcon_core.verb:set package 'interfaces' build argument 'cmake_force_configure' from command line to 'False'
[0.264s] Level 5:colcon.colcon_core.verb:set package 'interfaces' build argument 'ament_cmake_args' from command line to 'None'
[0.264s] Level 5:colcon.colcon_core.verb:set package 'interfaces' build argument 'catkin_cmake_args' from command line to 'None'
[0.264s] Level 5:colcon.colcon_core.verb:set package 'interfaces' build argument 'catkin_skip_building_tests' from command line to 'False'
[0.264s] DEBUG:colcon.colcon_core.verb:Building package 'interfaces' with the following arguments: {'ament_cmake_args': None, 'build_base': '/home/user/ros2_teaching/build/interfaces', 'catkin_cmake_args': None, 'catkin_skip_building_tests': False, 'cmake_args': None, 'cmake_clean_cache': False, 'cmake_clean_first': False, 'cmake_force_configure': False, 'cmake_target': None, 'cmake_target_skip_unavailable': False, 'install_base': '/home/user/ros2_teaching/install/interfaces', 'merge_install': False, 'path': '/home/user/ros2_teaching/src/interfaces', 'symlink_install': False, 'test_result_base': None}
[0.264s] Level 5:colcon.colcon_core.verb:set package 'homework' build argument 'cmake_args' from command line to 'None'
[0.264s] Level 5:colcon.colcon_core.verb:set package 'homework' build argument 'cmake_target' from command line to 'None'
[0.265s] Level 5:colcon.colcon_core.verb:set package 'homework' build argument 'cmake_target_skip_unavailable' from command line to 'False'
[0.265s] Level 5:colcon.colcon_core.verb:set package 'homework' build argument 'cmake_clean_cache' from command line to 'False'
[0.265s] Level 5:colcon.colcon_core.verb:set package 'homework' build argument 'cmake_clean_first' from command line to 'False'
[0.265s] Level 5:colcon.colcon_core.verb:set package 'homework' build argument 'cmake_force_configure' from command line to 'False'
[0.265s] Level 5:colcon.colcon_core.verb:set package 'homework' build argument 'ament_cmake_args' from command line to 'None'
[0.265s] Level 5:colcon.colcon_core.verb:set package 'homework' build argument 'catkin_cmake_args' from command line to 'None'
[0.265s] Level 5:colcon.colcon_core.verb:set package 'homework' build argument 'catkin_skip_building_tests' from command line to 'False'
[0.265s] DEBUG:colcon.colcon_core.verb:Building package 'homework' with the following arguments: {'ament_cmake_args': None, 'build_base': '/home/user/ros2_teaching/build/homework', 'catkin_cmake_args': None, 'catkin_skip_building_tests': False, 'cmake_args': None, 'cmake_clean_cache': False, 'cmake_clean_first': False, 'cmake_force_configure': False, 'cmake_target': None, 'cmake_target_skip_unavailable': False, 'install_base': '/home/user/ros2_teaching/install/homework', 'merge_install': False, 'path': '/home/user/ros2_teaching/src/homework', 'symlink_install': False, 'test_result_base': None}
[0.265s] INFO:colcon.colcon_core.executor:Executing jobs using 'parallel' executor
[0.266s] DEBUG:colcon.colcon_parallel_executor.executor.parallel:run_until_complete
[0.266s] INFO:colcon.colcon_ros.task.ament_cmake.build:Building ROS package in '/home/user/ros2_teaching/src/interfaces' with build type 'ament_cmake'
[0.266s] INFO:colcon.colcon_cmake.task.cmake.build:Building CMake package in '/home/user/ros2_teaching/src/interfaces'
[0.268s] INFO:colcon.colcon_core.plugin_system:Skipping extension 'colcon_core.shell.bat': Not used on non-Windows systems
[0.268s] INFO:colcon.colcon_core.shell:Skip shell extension 'powershell' for command environment: Not usable outside of PowerShell
[0.268s] DEBUG:colcon.colcon_core.shell:Skip shell extension 'dsv' for command environment
[0.278s] DEBUG:colcon.colcon_core.event_handler.log_command:Invoking command in '/home/user/ros2_teaching/build/interfaces': CMAKE_PREFIX_PATH=${CMAKE_PREFIX_PATH}:/opt/ros/humble /usr/bin/cmake --build /home/user/ros2_teaching/build/interfaces -- -j8 -l8
[0.696s] DEBUG:colcon.colcon_core.event_handler.log_command:Invoked command in '/home/user/ros2_teaching/build/interfaces' returned '0': CMAKE_PREFIX_PATH=${CMAKE_PREFIX_PATH}:/opt/ros/humble /usr/bin/cmake --build /home/user/ros2_teaching/build/interfaces -- -j8 -l8
[0.715s] DEBUG:colcon.colcon_core.event_handler.log_command:Invoking command in '/home/user/ros2_teaching/build/interfaces': CMAKE_PREFIX_PATH=${CMAKE_PREFIX_PATH}:/opt/ros/humble /usr/bin/cmake --install /home/user/ros2_teaching/build/interfaces
[0.788s] Level 1:colcon.colcon_core.environment:create_environment_scripts_only(interfaces)
[0.788s] DEBUG:colcon.colcon_core.event_handler.log_command:Invoked command in '/home/user/ros2_teaching/build/interfaces' returned '0': CMAKE_PREFIX_PATH=${CMAKE_PREFIX_PATH}:/opt/ros/humble /usr/bin/cmake --install /home/user/ros2_teaching/build/interfaces
[0.790s] Level 1:colcon.colcon_core.environment:checking '/home/user/ros2_teaching/install/interfaces' for CMake module files
[0.791s] Level 1:colcon.colcon_core.environment:checking '/home/user/ros2_teaching/install/interfaces' for CMake config files
[0.791s] Level 1:colcon.colcon_core.shell:create_environment_hook('interfaces', 'cmake_prefix_path')
[0.792s] INFO:colcon.colcon_core.shell:Creating environment hook '/home/user/ros2_teaching/install/interfaces/share/interfaces/hook/cmake_prefix_path.ps1'
[0.794s] INFO:colcon.colcon_core.shell:Creating environment descriptor '/home/user/ros2_teaching/install/interfaces/share/interfaces/hook/cmake_prefix_path.dsv'
[0.795s] INFO:colcon.colcon_core.shell:Creating environment hook '/home/user/ros2_teaching/install/interfaces/share/interfaces/hook/cmake_prefix_path.sh'
[0.796s] Level 1:colcon.colcon_core.environment:checking '/home/user/ros2_teaching/install/interfaces/lib'
[0.797s] Level 1:colcon.colcon_core.shell:create_environment_hook('interfaces', 'ld_library_path_lib')
[0.797s] INFO:colcon.colcon_core.shell:Creating environment hook '/home/user/ros2_teaching/install/interfaces/share/interfaces/hook/ld_library_path_lib.ps1'
[0.797s] INFO:colcon.colcon_core.shell:Creating environment descriptor '/home/user/ros2_teaching/install/interfaces/share/interfaces/hook/ld_library_path_lib.dsv'
[0.798s] INFO:colcon.colcon_core.shell:Creating environment hook '/home/user/ros2_teaching/install/interfaces/share/interfaces/hook/ld_library_path_lib.sh'
[0.798s] Level 1:colcon.colcon_core.environment:checking '/home/user/ros2_teaching/install/interfaces/bin'
[0.798s] Level 1:colcon.colcon_core.environment:checking '/home/user/ros2_teaching/install/interfaces/lib/pkgconfig/interfaces.pc'
[0.801s] Level 1:colcon.colcon_core.environment:checking '/home/user/ros2_teaching/install/interfaces/lib/python3.10/site-packages'
[0.802s] Level 1:colcon.colcon_core.environment:checking '/home/user/ros2_teaching/install/interfaces/bin'
[0.802s] INFO:colcon.colcon_core.shell:Creating package script '/home/user/ros2_teaching/install/interfaces/share/interfaces/package.ps1'
[0.803s] INFO:colcon.colcon_core.shell:Creating package descriptor '/home/user/ros2_teaching/install/interfaces/share/interfaces/package.dsv'
[0.804s] INFO:colcon.colcon_core.shell:Creating package script '/home/user/ros2_teaching/install/interfaces/share/interfaces/package.sh'
[0.805s] INFO:colcon.colcon_core.shell:Creating package script '/home/user/ros2_teaching/install/interfaces/share/interfaces/package.bash'
[0.806s] INFO:colcon.colcon_core.shell:Creating package script '/home/user/ros2_teaching/install/interfaces/share/interfaces/package.zsh'
[0.808s] Level 1:colcon.colcon_core.environment:create_file_with_runtime_dependencies(/home/user/ros2_teaching/install/interfaces/share/colcon-core/packages/interfaces)
[0.809s] Level 1:colcon.colcon_core.environment:create_environment_scripts_only(interfaces)
[0.809s] Level 1:colcon.colcon_core.environment:checking '/home/user/ros2_teaching/install/interfaces' for CMake module files
[0.810s] Level 1:colcon.colcon_core.environment:checking '/home/user/ros2_teaching/install/interfaces' for CMake config files
[0.810s] Level 1:colcon.colcon_core.shell:create_environment_hook('interfaces', 'cmake_prefix_path')
[0.811s] INFO:colcon.colcon_core.shell:Creating environment hook '/home/user/ros2_teaching/install/interfaces/share/interfaces/hook/cmake_prefix_path.ps1'
[0.812s] INFO:colcon.colcon_core.shell:Creating environment descriptor '/home/user/ros2_teaching/install/interfaces/share/interfaces/hook/cmake_prefix_path.dsv'
[0.812s] INFO:colcon.colcon_core.shell:Creating environment hook '/home/user/ros2_teaching/install/interfaces/share/interfaces/hook/cmake_prefix_path.sh'
[0.813s] Level 1:colcon.colcon_core.environment:checking '/home/user/ros2_teaching/install/interfaces/lib'
[0.813s] Level 1:colcon.colcon_core.shell:create_environment_hook('interfaces', 'ld_library_path_lib')
[0.813s] INFO:colcon.colcon_core.shell:Creating environment hook '/home/user/ros2_teaching/install/interfaces/share/interfaces/hook/ld_library_path_lib.ps1'
[0.814s] INFO:colcon.colcon_core.shell:Creating environment descriptor '/home/user/ros2_teaching/install/interfaces/share/interfaces/hook/ld_library_path_lib.dsv'
[0.814s] INFO:colcon.colcon_core.shell:Creating environment hook '/home/user/ros2_teaching/install/interfaces/share/interfaces/hook/ld_library_path_lib.sh'
[0.814s] Level 1:colcon.colcon_core.environment:checking '/home/user/ros2_teaching/install/interfaces/bin'
[0.814s] Level 1:colcon.colcon_core.environment:checking '/home/user/ros2_teaching/install/interfaces/lib/pkgconfig/interfaces.pc'
[0.815s] Level 1:colcon.colcon_core.environment:checking '/home/user/ros2_teaching/install/interfaces/lib/python3.10/site-packages'
[0.815s] Level 1:colcon.colcon_core.environment:checking '/home/user/ros2_teaching/install/interfaces/bin'
[0.815s] INFO:colcon.colcon_core.shell:Creating package script '/home/user/ros2_teaching/install/interfaces/share/interfaces/package.ps1'
[0.816s] INFO:colcon.colcon_core.shell:Creating package descriptor '/home/user/ros2_teaching/install/interfaces/share/interfaces/package.dsv'
[0.816s] INFO:colcon.colcon_core.shell:Creating package script '/home/user/ros2_teaching/install/interfaces/share/interfaces/package.sh'
[0.816s] INFO:colcon.colcon_core.shell:Creating package script '/home/user/ros2_teaching/install/interfaces/share/interfaces/package.bash'
[0.817s] INFO:colcon.colcon_core.shell:Creating package script '/home/user/ros2_teaching/install/interfaces/share/interfaces/package.zsh'
[0.817s] Level 1:colcon.colcon_core.environment:create_file_with_runtime_dependencies(/home/user/ros2_teaching/install/interfaces/share/colcon-core/packages/interfaces)
[0.817s] INFO:colcon.colcon_ros.task.ament_cmake.build:Building ROS package in '/home/user/ros2_teaching/src/homework' with build type 'ament_cmake'
[0.817s] INFO:colcon.colcon_cmake.task.cmake.build:Building CMake package in '/home/user/ros2_teaching/src/homework'
[0.818s] INFO:colcon.colcon_core.shell:Skip shell extension 'powershell' for command environment: Not usable outside of PowerShell
[0.818s] DEBUG:colcon.colcon_core.shell:Skip shell extension 'dsv' for command environment
[0.832s] DEBUG:colcon.colcon_core.event_handler.log_command:Invoking command in '/home/user/ros2_teaching/build/homework': CMAKE_PREFIX_PATH=/home/user/ros2_teaching/install/interfaces:/home/user/ros2_teaching/install/homework:/opt/ros/humble /usr/bin/cmake --build /home/user/ros2_teaching/build/homework -- -j8 -l8
[0.916s] DEBUG:colcon.colcon_core.event_handler.log_command:Invoked command in '/home/user/ros2_teaching/build/homework' returned '0': CMAKE_PREFIX_PATH=/home/user/ros2_teaching/install/interfaces:/home/user/ros2_teaching/install/homework:/opt/ros/humble /usr/bin/cmake --build /home/user/ros2_teaching/build/homework -- -j8 -l8
[0.918s] DEBUG:colcon.colcon_core.event_handler.log_command:Invoking command in '/home/user/ros2_teaching/build/homework': CMAKE_PREFIX_PATH=/home/user/ros2_teaching/install/interfaces:/home/user/ros2_teaching/install/homework:/opt/ros/humble /usr/bin/cmake --install /home/user/ros2_teaching/build/homework
[0.936s] Level 1:colcon.colcon_core.environment:create_environment_scripts_only(homework)
[0.938s] Level 1:colcon.colcon_core.environment:checking '/home/user/ros2_teaching/install/homework' for CMake module files
[0.939s] DEBUG:colcon.colcon_core.event_handler.log_command:Invoked command in '/home/user/ros2_teaching/build/homework' returned '0': CMAKE_PREFIX_PATH=/home/user/ros2_teaching/install/interfaces:/home/user/ros2_teaching/install/homework:/opt/ros/humble /usr/bin/cmake --install /home/user/ros2_teaching/build/homework
[0.939s] Level 1:colcon.colcon_core.environment:checking '/home/user/ros2_teaching/install/homework' for CMake config files
[0.940s] Level 1:colcon.colcon_core.shell:create_environment_hook('homework', 'cmake_prefix_path')
[0.940s] INFO:colcon.colcon_core.shell:Creating environment hook '/home/user/ros2_teaching/install/homework/share/homework/hook/cmake_prefix_path.ps1'
[0.941s] INFO:colcon.colcon_core.shell:Creating environment descriptor '/home/user/ros2_teaching/install/homework/share/homework/hook/cmake_prefix_path.dsv'
[0.942s] INFO:colcon.colcon_core.shell:Creating environment hook '/home/user/ros2_teaching/install/homework/share/homework/hook/cmake_prefix_path.sh'
[0.943s] Level 1:colcon.colcon_core.environment:checking '/home/user/ros2_teaching/install/homework/lib'
[0.943s] Level 1:colcon.colcon_core.environment:checking '/home/user/ros2_teaching/install/homework/bin'
[0.943s] Level 1:colcon.colcon_core.environment:checking '/home/user/ros2_teaching/install/homework/lib/pkgconfig/homework.pc'
[0.944s] Level 1:colcon.colcon_core.environment:checking '/home/user/ros2_teaching/install/homework/lib/python3.10/site-packages'
[0.944s] Level 1:colcon.colcon_core.environment:checking '/home/user/ros2_teaching/install/homework/bin'
[0.944s] INFO:colcon.colcon_core.shell:Creating package script '/home/user/ros2_teaching/install/homework/share/homework/package.ps1'
[0.945s] INFO:colcon.colcon_core.shell:Creating package descriptor '/home/user/ros2_teaching/install/homework/share/homework/package.dsv'
[0.946s] INFO:colcon.colcon_core.shell:Creating package script '/home/user/ros2_teaching/install/homework/share/homework/package.sh'
[0.947s] INFO:colcon.colcon_core.shell:Creating package script '/home/user/ros2_teaching/install/homework/share/homework/package.bash'
[0.948s] INFO:colcon.colcon_core.shell:Creating package script '/home/user/ros2_teaching/install/homework/share/homework/package.zsh'
[0.948s] Level 1:colcon.colcon_core.environment:create_file_with_runtime_dependencies(/home/user/ros2_teaching/install/homework/share/colcon-core/packages/homework)
[0.949s] Level 1:colcon.colcon_core.environment:create_environment_scripts_only(homework)
[0.950s] Level 1:colcon.colcon_core.environment:checking '/home/user/ros2_teaching/install/homework' for CMake module files
[0.951s] Level 1:colcon.colcon_core.environment:checking '/home/user/ros2_teaching/install/homework' for CMake config files
[0.951s] Level 1:colcon.colcon_core.shell:create_environment_hook('homework', 'cmake_prefix_path')
[0.952s] INFO:colcon.colcon_core.shell:Creating environment hook '/home/user/ros2_teaching/install/homework/share/homework/hook/cmake_prefix_path.ps1'
[0.952s] INFO:colcon.colcon_core.shell:Creating environment descriptor '/home/user/ros2_teaching/install/homework/share/homework/hook/cmake_prefix_path.dsv'
[0.953s] INFO:colcon.colcon_core.shell:Creating environment hook '/home/user/ros2_teaching/install/homework/share/homework/hook/cmake_prefix_path.sh'
[0.954s] Level 1:colcon.colcon_core.environment:checking '/home/user/ros2_teaching/install/homework/lib'
[0.954s] Level 1:colcon.colcon_core.environment:checking '/home/user/ros2_teaching/install/homework/bin'
[0.954s] Level 1:colcon.colcon_core.environment:checking '/home/user/ros2_teaching/install/homework/lib/pkgconfig/homework.pc'
[0.955s] Level 1:colcon.colcon_core.environment:checking '/home/user/ros2_teaching/install/homework/lib/python3.10/site-packages'
[0.955s] Level 1:colcon.colcon_core.environment:checking '/home/user/ros2_teaching/install/homework/bin'
[0.956s] INFO:colcon.colcon_core.shell:Creating package script '/home/user/ros2_teaching/install/homework/share/homework/package.ps1'
[0.957s] INFO:colcon.colcon_core.shell:Creating package descriptor '/home/user/ros2_teaching/install/homework/share/homework/package.dsv'
[0.957s] INFO:colcon.colcon_core.shell:Creating package script '/home/user/ros2_teaching/install/homework/share/homework/package.sh'
[0.958s] INFO:colcon.colcon_core.shell:Creating package script '/home/user/ros2_teaching/install/homework/share/homework/package.bash'
[0.959s] INFO:colcon.colcon_core.shell:Creating package script '/home/user/ros2_teaching/install/homework/share/homework/package.zsh'
[0.960s] Level 1:colcon.colcon_core.environment:create_file_with_runtime_dependencies(/home/user/ros2_teaching/install/homework/share/colcon-core/packages/homework)
[0.960s] DEBUG:colcon.colcon_parallel_executor.executor.parallel:closing loop
[0.961s] DEBUG:colcon.colcon_parallel_executor.executor.parallel:loop closed
[0.961s] DEBUG:colcon.colcon_parallel_executor.executor.parallel:run_until_complete finished with '0'
[0.961s] DEBUG:colcon.colcon_core.event_reactor:joining thread
[0.990s] INFO:colcon.colcon_core.plugin_system:Skipping extension 'colcon_notification.desktop_notification.notify_send': Could not find 'notify-send'
[0.990s] INFO:colcon.colcon_core.plugin_system:Skipping extension 'colcon_notification.desktop_notification.terminal_notifier': Not used on non-Darwin systems
[0.990s] INFO:colcon.colcon_core.plugin_system:Skipping extension 'colcon_notification.desktop_notification.win32': Not used on non-Windows systems
[0.990s] INFO:colcon.colcon_notification.desktop_notification:Sending desktop notification using 'notify2'
[0.995s] DEBUG:colcon.colcon_notification.desktop_notification.notify2:Failed to initialize notify2: org.freedesktop.DBus.Error.Spawn.ExecFailed: /usr/bin/dbus-launch terminated abnormally without any error message
[0.996s] DEBUG:colcon.colcon_core.event_reactor:joined thread
[0.997s] INFO:colcon.colcon_core.shell:Creating prefix script '/home/user/ros2_teaching/install/local_setup.ps1'
[0.999s] INFO:colcon.colcon_core.shell:Creating prefix util module '/home/user/ros2_teaching/install/_local_setup_util_ps1.py'
[1.002s] INFO:colcon.colcon_core.shell:Creating prefix chain script '/home/user/ros2_teaching/install/setup.ps1'
[1.003s] INFO:colcon.colcon_core.shell:Creating prefix script '/home/user/ros2_teaching/install/local_setup.sh'
[1.004s] INFO:colcon.colcon_core.shell:Creating prefix util module '/home/user/ros2_teaching/install/_local_setup_util_sh.py'
[1.005s] INFO:colcon.colcon_core.shell:Creating prefix chain script '/home/user/ros2_teaching/install/setup.sh'
[1.006s] INFO:colcon.colcon_core.shell:Creating prefix script '/home/user/ros2_teaching/install/local_setup.bash'
[1.006s] INFO:colcon.colcon_core.shell:Creating prefix chain script '/home/user/ros2_teaching/install/setup.bash'
[1.008s] INFO:colcon.colcon_core.shell:Creating prefix script '/home/user/ros2_teaching/install/local_setup.zsh'
[1.008s] INFO:colcon.colcon_core.shell:Creating prefix chain script '/home/user/ros2_teaching/install/setup.zsh'
