[0.011s] Invoking command in '/home/user/ros2_teaching/build/homework': CMAKE_PREFIX_PATH=/home/user/ros2_teaching/install/interfaces:/home/user/ros2_teaching/install/homework:/opt/ros/humble /usr/bin/cmake --build /home/user/ros2_teaching/build/homework -- -j8 -l8
[0.038s] -- Found ament_cmake: 1.3.11 (/opt/ros/humble/share/ament_cmake/cmake)
[0.139s] -- Found std_msgs: 4.9.0 (/opt/ros/humble/share/std_msgs/cmake)
[0.157s] -- Found rosidl_generator_c: 3.1.6 (/opt/ros/humble/share/rosidl_generator_c/cmake)
[0.159s] -- Found rosidl_adapter: 3.1.6 (/opt/ros/humble/share/rosidl_adapter/cmake)
[0.164s] -- Found rosidl_generator_cpp: 3.1.6 (/opt/ros/humble/share/rosidl_generator_cpp/cmake)
[0.172s] -- Using all available rosidl_typesupport_c: rosidl_typesupport_fastrtps_c;rosidl_typesupport_introspection_c
[0.181s] -- Using all available rosidl_typesupport_cpp: rosidl_typesupport_fastrtps_cpp;rosidl_typesupport_introspection_cpp
[0.197s] -- Found geometry_msgs: 4.9.0 (/opt/ros/humble/share/geometry_msgs/cmake)
[0.205s] -- Found rclcpp: 16.0.12 (/opt/ros/humble/share/rclcpp/cmake)
[0.229s] -- Found rmw_implementation_cmake: 6.1.2 (/opt/ros/humble/share/rmw_implementation_cmake/cmake)
[0.230s] -- Found rmw_fastrtps_cpp: 6.2.7 (/opt/ros/humble/share/rmw_fastrtps_cpp/cmake)
[0.326s] -- Using RMW implementation 'rmw_fastrtps_cpp' as default
[0.353s] -- Found interfaces: 0.0.0 (/home/user/ros2_teaching/install/interfaces/share/interfaces/cmake)
[0.365s] [31mCMake Error at CMakeLists.txt:32 (install):
[0.365s]   install TARGETS given target "Service" which does not exist.
[0.365s] 
[0.365s] [0m
[0.365s] -- Found ament_lint_auto: 0.12.12 (/opt/ros/humble/share/ament_lint_auto/cmake)
[0.420s] -- Added test 'cppcheck' to perform static code analysis on C / C++ code
[0.420s] -- Configured cppcheck include dirs: /home/user/ros2_teaching/src/homework/include
[0.420s] -- Configured cppcheck exclude dirs and/or files: 
[0.421s] -- Added test 'lint_cmake' to check CMake code style
[0.421s] -- Added test 'uncrustify' to check C / C++ code style
[0.421s] -- Configured uncrustify additional arguments: 
[0.422s] -- Added test 'xmllint' to check XML markup files
[0.423s] -- Configuring incomplete, errors occurred!
[0.423s] See also "/home/user/ros2_teaching/build/homework/CMakeFiles/CMakeOutput.log".
[0.429s] gmake: *** [Makefile:390: cmake_check_build_system] Error 1
[0.431s] Invoked command in '/home/user/ros2_teaching/build/homework' returned '2': CMAKE_PREFIX_PATH=/home/user/ros2_teaching/install/interfaces:/home/user/ros2_teaching/install/homework:/opt/ros/humble /usr/bin/cmake --build /home/user/ros2_teaching/build/homework -- -j8 -l8
