[0.010s] Invoking command in '/home/user/ros2_teaching/build/homework': CMAKE_PREFIX_PATH=/home/user/ros2_teaching/install/interfaces:/home/user/ros2_teaching/install/homework:/opt/ros/humble /usr/bin/cmake --build /home/user/ros2_teaching/build/homework -- -j8 -l8
[0.049s] [35m[1mConsolidate compiler generated dependencies of target Client[0m
[0.062s] [ 50%] Built target Subscriber
[0.062s] [ 50%] [32mBuilding CXX object CMakeFiles/Service.dir/src/service.cpp.o[0m
[0.062s] [ 62%] Built target Publisher
[0.066s] [ 75%] [32mBuilding CXX object CMakeFiles/Client.dir/src/client.cpp.o[0m
[3.163s] [ 87%] [32m[1mLinking CXX executable Service[0m
[3.315s] [100%] [32m[1mLinking CXX executable Client[0m
[3.315s] [100%] Built target Service
[3.479s] [100%] Built target Client
[3.497s] Invoked command in '/home/user/ros2_teaching/build/homework' returned '0': CMAKE_PREFIX_PATH=/home/user/ros2_teaching/install/interfaces:/home/user/ros2_teaching/install/homework:/opt/ros/humble /usr/bin/cmake --build /home/user/ros2_teaching/build/homework -- -j8 -l8
[3.506s] Invoking command in '/home/user/ros2_teaching/build/homework': CMAKE_PREFIX_PATH=/home/user/ros2_teaching/install/interfaces:/home/user/ros2_teaching/install/homework:/opt/ros/humble /usr/bin/cmake --install /home/user/ros2_teaching/build/homework
[3.514s] -- Install configuration: ""
[3.514s] -- Up-to-date: /home/user/ros2_teaching/install/homework/lib/homework/Publisher
[3.514s] -- Up-to-date: /home/user/ros2_teaching/install/homework/lib/homework/Subscriber
[3.514s] -- Installing: /home/user/ros2_teaching/install/homework/lib/homework/Service
[3.515s] -- Set runtime path of "/home/user/ros2_teaching/install/homework/lib/homework/Service" to ""
[3.515s] -- Installing: /home/user/ros2_teaching/install/homework/lib/homework/Client
[3.516s] -- Set runtime path of "/home/user/ros2_teaching/install/homework/lib/homework/Client" to ""
[3.516s] -- Up-to-date: /home/user/ros2_teaching/install/homework/share/ament_index/resource_index/package_run_dependencies/homework
[3.516s] -- Up-to-date: /home/user/ros2_teaching/install/homework/share/ament_index/resource_index/parent_prefix_path/homework
[3.516s] -- Up-to-date: /home/user/ros2_teaching/install/homework/share/homework/environment/ament_prefix_path.sh
[3.516s] -- Up-to-date: /home/user/ros2_teaching/install/homework/share/homework/environment/ament_prefix_path.dsv
[3.516s] -- Up-to-date: /home/user/ros2_teaching/install/homework/share/homework/environment/path.sh
[3.516s] -- Up-to-date: /home/user/ros2_teaching/install/homework/share/homework/environment/path.dsv
[3.517s] -- Up-to-date: /home/user/ros2_teaching/install/homework/share/homework/local_setup.bash
[3.517s] -- Up-to-date: /home/user/ros2_teaching/install/homework/share/homework/local_setup.sh
[3.517s] -- Up-to-date: /home/user/ros2_teaching/install/homework/share/homework/local_setup.zsh
[3.517s] -- Up-to-date: /home/user/ros2_teaching/install/homework/share/homework/local_setup.dsv
[3.517s] -- Installing: /home/user/ros2_teaching/install/homework/share/homework/package.dsv
[3.517s] -- Up-to-date: /home/user/ros2_teaching/install/homework/share/ament_index/resource_index/packages/homework
[3.517s] -- Up-to-date: /home/user/ros2_teaching/install/homework/share/homework/cmake/homeworkConfig.cmake
[3.517s] -- Up-to-date: /home/user/ros2_teaching/install/homework/share/homework/cmake/homeworkConfig-version.cmake
[3.518s] -- Up-to-date: /home/user/ros2_teaching/install/homework/share/homework/package.xml
[3.520s] Invoked command in '/home/user/ros2_teaching/build/homework' returned '0': CMAKE_PREFIX_PATH=/home/user/ros2_teaching/install/interfaces:/home/user/ros2_teaching/install/homework:/opt/ros/humble /usr/bin/cmake --install /home/user/ros2_teaching/build/homework
