[0.010s] Invoking command in '/home/user/ros2_teaching/build/homework': CMAKE_PREFIX_PATH=${CMAKE_PREFIX_PATH}:/opt/ros/humble /usr/bin/cmake --build /home/user/ros2_teaching/build/homework -- -j8 -l8
[0.051s] [35m[1mConsolidate compiler generated dependencies of target Service[0m
[0.052s] [35m[1mConsolidate compiler generated dependencies of target Client[0m
[0.064s] [ 25%] Built target Subscriber
[0.065s] [ 37%] [32mBuilding CXX object CMakeFiles/Service.dir/src/service.cpp.o[0m
[0.065s] [ 62%] Built target Publisher
[0.066s] [ 75%] [32mBuilding CXX object CMakeFiles/Client.dir/src/client.cpp.o[0m
[2.232s] In file included from [01m[K/usr/include/c++/11/pstl/glue_algorithm_defs.h:13[m[K,
[2.232s]                  from [01m[K/usr/include/c++/11/algorithm:74[m[K,
[2.232s]                  from [01m[K/opt/ros/humble/include/rclcpp/rclcpp/executor.hpp:18[m[K,
[2.233s]                  from [01m[K/opt/ros/humble/include/rclcpp/rclcpp/executors/multi_threaded_executor.hpp:25[m[K,
[2.233s]                  from [01m[K/opt/ros/humble/include/rclcpp/rclcpp/executors.hpp:21[m[K,
[2.233s]                  from [01m[K/opt/ros/humble/include/rclcpp/rclcpp/rclcpp.hpp:155[m[K,
[2.233s]                  from [01m[K/home/user/ros2_teaching/src/homework/include/homework/service_hw.h:2[m[K,
[2.233s]                  from [01m[K/home/user/ros2_teaching/src/homework/src/client.cpp:1[m[K:
[2.233s] /usr/include/c++/11/functional: In instantiation of ‘[01m[Kstruct std::_Bind_check_arity<void (client::*)(std::shared_ptr<interfaces::srv::Distance_Request_<std::allocator<void> > >, std::shared_ptr<interfaces::srv::Distance_Response_<std::allocator<void> > >), client*>[m[K’:
[2.233s] [01m[K/usr/include/c++/11/functional:768:12:[m[K   required from ‘[01m[Kstruct std::_Bind_helper<false, void (client::*)(std::shared_ptr<interfaces::srv::Distance_Request_<std::allocator<void> > >, std::shared_ptr<interfaces::srv::Distance_Response_<std::allocator<void> > >), client*>[m[K’
[2.233s] [01m[K/usr/include/c++/11/functional:789:5:[m[K   required by substitution of ‘[01m[Ktemplate<class _Func, class ... _BoundArgs> typename std::_Bind_helper<std::__is_socketlike<_Func>::value, _Func, _BoundArgs ...>::type std::bind(_Func&&, _BoundArgs&& ...) [with _Func = void (client::*)(std::shared_ptr<interfaces::srv::Distance_Request_<std::allocator<void> > >, std::shared_ptr<interfaces::srv::Distance_Response_<std::allocator<void> > >); _BoundArgs = {client*}][m[K’
[2.233s] [01m[K/home/user/ros2_teaching/src/homework/src/client.cpp:6:53:[m[K   required from here
[2.234s] [01m[K/usr/include/c++/11/functional:756:21:[m[K [01;31m[Kerror: [m[Kstatic assertion failed: Wrong number of arguments for pointer-to-member
[2.234s]   755 |       static_assert(_Varargs::[01;31m[Kvalue[m[K
[2.234s]       |                               [01;31m[K~~~~~[m[K
[2.234s]   756 | [01;31m[K                    ? sizeof...(_BoundArgs) >= _Arity::value + 1[m[K
[2.234s]       |                     [01;31m[K^~~~~~~~~~~~~~~~~~~~~~~~~~~~~~~~~~~~~~~~~~~~[m[K
[2.234s]   757 | [01;31m[K                    : sizeof...(_BoundArgs) == _Arity::value + 1[m[K,
[2.234s]       |                     [01;31m[K~~~~~~~~~~~~~~~~~~~~~~~~~~~~~~~~~~~~~~~~~~~~[m[K
[2.234s] [01m[K/usr/include/c++/11/functional:756:21:[m[K [01;36m[Knote: [m[K‘[01m[K(false ? (1 >= (((long unsigned int)std::integral_constant<long unsigned int, 2>::value) + 1)) : (1 == (((long unsigned int)std::integral_constant<long unsigned int, 2>::value) + 1)))[m[K’ evaluates to false
[2.238s] In file included from [01m[K/usr/include/c++/11/pstl/glue_algorithm_defs.h:13[m[K,
[2.238s]                  from [01m[K/usr/include/c++/11/algorithm:74[m[K,
[2.238s]                  from [01m[K/opt/ros/humble/include/rclcpp/rclcpp/executor.hpp:18[m[K,
[2.238s]                  from [01m[K/opt/ros/humble/include/rclcpp/rclcpp/executors/multi_threaded_executor.hpp:25[m[K,
[2.238s]                  from [01m[K/opt/ros/humble/include/rclcpp/rclcpp/executors.hpp:21[m[K,
[2.238s]                  from [01m[K/opt/ros/humble/include/rclcpp/rclcpp/rclcpp.hpp:155[m[K,
[2.238s]                  from [01m[K/home/user/ros2_teaching/src/homework/include/homework/service_hw.h:2[m[K,
[2.238s]                  from [01m[K/home/user/ros2_teaching/src/homework/src/service.cpp:1[m[K:
[2.238s] /usr/include/c++/11/functional: In instantiation of ‘[01m[Kstruct std::_Bind_check_arity<void (service::*)(std::shared_ptr<interfaces::srv::Distance_Request_<std::allocator<void> > >, std::shared_ptr<interfaces::srv::Distance_Response_<std::allocator<void> > >), service*>[m[K’:
[2.238s] [01m[K/usr/include/c++/11/functional:768:12:[m[K   required from ‘[01m[Kstruct std::_Bind_helper<false, void (service::*)(std::shared_ptr<interfaces::srv::Distance_Request_<std::allocator<void> > >, std::shared_ptr<interfaces::srv::Distance_Response_<std::allocator<void> > >), service*>[m[K’
[2.238s] [01m[K/usr/include/c++/11/functional:789:5:[m[K   required by substitution of ‘[01m[Ktemplate<class _Func, class ... _BoundArgs> typename std::_Bind_helper<std::__is_socketlike<_Func>::value, _Func, _BoundArgs ...>::type std::bind(_Func&&, _BoundArgs&& ...) [with _Func = void (service::*)(std::shared_ptr<interfaces::srv::Distance_Request_<std::allocator<void> > >, std::shared_ptr<interfaces::srv::Distance_Response_<std::allocator<void> > >); _BoundArgs = {service*}][m[K’
[2.238s] [01m[K/home/user/ros2_teaching/src/homework/src/service.cpp:5:94:[m[K   required from here
[2.238s] [01m[K/usr/include/c++/11/functional:756:21:[m[K [01;31m[Kerror: [m[Kstatic assertion failed: Wrong number of arguments for pointer-to-member
[2.238s]   755 |       static_assert(_Varargs::[01;31m[Kvalue[m[K
[2.238s]       |                               [01;31m[K~~~~~[m[K
[2.238s]   756 | [01;31m[K                    ? sizeof...(_BoundArgs) >= _Arity::value + 1[m[K
[2.238s]       |                     [01;31m[K^~~~~~~~~~~~~~~~~~~~~~~~~~~~~~~~~~~~~~~~~~~~[m[K
[2.238s]   757 | [01;31m[K                    : sizeof...(_BoundArgs) == _Arity::value + 1[m[K,
[2.238s]       |                     [01;31m[K~~~~~~~~~~~~~~~~~~~~~~~~~~~~~~~~~~~~~~~~~~~~[m[K
[2.238s] [01m[K/usr/include/c++/11/functional:756:21:[m[K [01;36m[Knote: [m[K‘[01m[K(false ? (1 >= (((long unsigned int)std::integral_constant<long unsigned int, 2>::value) + 1)) : (1 == (((long unsigned int)std::integral_constant<long unsigned int, 2>::value) + 1)))[m[K’ evaluates to false
[2.240s] [01m[K/home/user/ros2_teaching/src/homework/src/client.cpp:[m[K In constructor ‘[01m[Kclient::client()[m[K’:
[2.241s] [01m[K/home/user/ros2_teaching/src/homework/src/client.cpp:6:36:[m[K [01;31m[Kerror: [m[Kno matching function for call to ‘[01m[Kclient::create_wall_timer(std::chrono::milliseconds, std::_Bind_helper<false, void (client::*)(std::shared_ptr<interfaces::srv::Distance_Request_<std::allocator<void> > >, std::shared_ptr<interfaces::srv::Distance_Response_<std::allocator<void> > >), client*>::type)[m[K’
[2.241s]     6 |    timer_ = [01;31m[Kthis->create_wall_timer(500ms, std::bind(&client::timer_callback, this))[m[K;
[2.241s]       |             [01;31m[K~~~~~~~~~~~~~~~~~~~~~~~^~~~~~~~~~~~~~~~~~~~~~~~~~~~~~~~~~~~~~~~~~~~~~~~~[m[K
[2.241s] In file included from [01m[K/opt/ros/humble/include/rclcpp/rclcpp/executors/single_threaded_executor.hpp:28[m[K,
[2.241s]                  from [01m[K/opt/ros/humble/include/rclcpp/rclcpp/executors.hpp:22[m[K,
[2.241s]                  from [01m[K/opt/ros/humble/include/rclcpp/rclcpp/rclcpp.hpp:155[m[K,
[2.241s]                  from [01m[K/home/user/ros2_teaching/src/homework/include/homework/service_hw.h:2[m[K,
[2.241s]                  from [01m[K/home/user/ros2_teaching/src/homework/src/client.cpp:1[m[K:
[2.241s] [01m[K/opt/ros/humble/include/rclcpp/rclcpp/node.hpp:238:3:[m[K [01;36m[Knote: [m[Kcandidate: ‘[01m[Ktemplate<class DurationRepT, class DurationT, class CallbackT> typename rclcpp::WallTimer<CallbackT>::SharedPtr rclcpp::Node::create_wall_timer(std::chrono::duration<_Rep1, _Period1>, CallbackT, rclcpp::CallbackGroup::SharedPtr)[m[K’
[2.241s]   238 |   [01;36m[Kcreate_wall_timer[m[K(
[2.241s]       |   [01;36m[K^~~~~~~~~~~~~~~~~[m[K
[2.241s] [01m[K/opt/ros/humble/include/rclcpp/rclcpp/node.hpp:238:3:[m[K [01;36m[Knote: [m[K  template argument deduction/substitution failed:
[2.241s] In file included from [01m[K/opt/ros/humble/include/rclcpp/rclcpp/node.hpp:1321[m[K,
[2.241s]                  from [01m[K/opt/ros/humble/include/rclcpp/rclcpp/executors/single_threaded_executor.hpp:28[m[K,
[2.241s]                  from [01m[K/opt/ros/humble/include/rclcpp/rclcpp/executors.hpp:22[m[K,
[2.241s]                  from [01m[K/opt/ros/humble/include/rclcpp/rclcpp/rclcpp.hpp:155[m[K,
[2.241s]                  from [01m[K/home/user/ros2_teaching/src/homework/include/homework/service_hw.h:2[m[K,
[2.241s]                  from [01m[K/home/user/ros2_teaching/src/homework/src/client.cpp:1[m[K:
[2.241s] /opt/ros/humble/include/rclcpp/rclcpp/node_impl.hpp: In substitution of ‘[01m[Ktemplate<class DurationRepT, class DurationT, class CallbackT> typename rclcpp::WallTimer<CallbackT>::SharedPtr rclcpp::Node::create_wall_timer(std::chrono::duration<_Rep1, _Period1>, CallbackT, rclcpp::CallbackGroup::SharedPtr) [with DurationRepT = long int; DurationT = std::ratio<1, 1000>; CallbackT = std::_Bind<void (client::*(client*))(std::shared_ptr<interfaces::srv::Distance_Request_<std::allocator<void> > >, std::shared_ptr<interfaces::srv::Distance_Response_<std::allocator<void> > >)>][m[K’:
[2.241s] [01m[K/home/user/ros2_teaching/src/homework/src/client.cpp:6:36:[m[K   required from here
[2.241s] [01m[K/opt/ros/humble/include/rclcpp/rclcpp/node_impl.hpp:110:1:[m[K [01;31m[Kerror: [m[Kno type named ‘[01m[Ktype[m[K’ in ‘[01m[Kstruct std::enable_if<false, void>[m[K’
[2.241s]   110 | [01;31m[KNode[m[K::create_wall_timer(
[2.241s]       | [01;31m[K^~~~[m[K
[2.242s] [01m[K/opt/ros/humble/include/rclcpp/rclcpp/node_impl.hpp:110:1:[m[K [01;31m[Kerror: [m[Kno type named ‘[01m[Ktype[m[K’ in ‘[01m[Kstruct std::enable_if<false, void>[m[K’
[2.242s] [01m[K/opt/ros/humble/include/rclcpp/rclcpp/node_impl.hpp:110:1:[m[K [01;36m[Knote: [m[Kinvalid template non-type parameter
[2.242s] [01m[K/home/user/ros2_teaching/src/homework/src/client.cpp:[m[K In member function ‘[01m[Kvoid client::timer_callback(std::shared_ptr<interfaces::srv::Distance_Request_<std::allocator<void> > >, std::shared_ptr<interfaces::srv::Distance_Response_<std::allocator<void> > >)[m[K’:
[2.242s] [01m[K/home/user/ros2_teaching/src/homework/src/client.cpp:18:21:[m[K [01;31m[Kerror: [m[K‘[01m[Kwait_for_service[m[K’ is not a member of ‘[01m[Kclient[m[K’
[2.242s]    18 |     while (!client::[01;31m[Kwait_for_service[m[K(1s)) {
[2.242s]       |                     [01;31m[K^~~~~~~~~~~~~~~~[m[K
[2.242s] [01m[K/home/user/ros2_teaching/src/homework/src/client.cpp:26:27:[m[K [01;31m[Kerror: [m[K‘[01m[Kasync_send_request[m[K’ is not a member of ‘[01m[Kclient[m[K’
[2.242s]    26 |     auto result = client::[01;31m[Kasync_send_request[m[K(request);
[2.242s]       |                           [01;31m[K^~~~~~~~~~~~~~~~~~[m[K
[2.479s] In file included from [01m[K/opt/ros/humble/include/rclcpp/rclcpp/service.hpp:36[m[K,
[2.479s]                  from [01m[K/opt/ros/humble/include/rclcpp/rclcpp/callback_group.hpp:28[m[K,
[2.479s]                  from [01m[K/opt/ros/humble/include/rclcpp/rclcpp/any_executable.hpp:20[m[K,
[2.479s]                  from [01m[K/opt/ros/humble/include/rclcpp/rclcpp/memory_strategy.hpp:25[m[K,
[2.479s]                  from [01m[K/opt/ros/humble/include/rclcpp/rclcpp/memory_strategies.hpp:18[m[K,
[2.479s]                  from [01m[K/opt/ros/humble/include/rclcpp/rclcpp/executor_options.hpp:20[m[K,
[2.480s]                  from [01m[K/opt/ros/humble/include/rclcpp/rclcpp/executor.hpp:37[m[K,
[2.480s]                  from [01m[K/opt/ros/humble/include/rclcpp/rclcpp/executors/multi_threaded_executor.hpp:25[m[K,
[2.480s]                  from [01m[K/opt/ros/humble/include/rclcpp/rclcpp/executors.hpp:21[m[K,
[2.480s]                  from [01m[K/opt/ros/humble/include/rclcpp/rclcpp/rclcpp.hpp:155[m[K,
[2.480s]                  from [01m[K/home/user/ros2_teaching/src/homework/include/homework/service_hw.h:2[m[K,
[2.480s]                  from [01m[K/home/user/ros2_teaching/src/homework/src/service.cpp:1[m[K:
[2.480s] /opt/ros/humble/include/rclcpp/rclcpp/any_service_callback.hpp: In instantiation of ‘[01m[Kvoid rclcpp::AnyServiceCallback<ServiceT>::set(CallbackT&&) [with CallbackT = std::_Bind<void (service::*(service*))(std::shared_ptr<interfaces::srv::Distance_Request_<std::allocator<void> > >, std::shared_ptr<interfaces::srv::Distance_Response_<std::allocator<void> > >)>; typename std::enable_if<(! rclcpp::detail::can_be_nullptr<CallbackT>::value), int>::type <anonymous> = 0; ServiceT = interfaces::srv::Distance][m[K’:
[2.480s] [01m[K/opt/ros/humble/include/rclcpp/rclcpp/create_service.hpp:43:27:[m[K   required from ‘[01m[Ktypename rclcpp::Service<ServiceT>::SharedPtr rclcpp::create_service(std::shared_ptr<rclcpp::node_interfaces::NodeBaseInterface>, std::shared_ptr<rclcpp::node_interfaces::NodeServicesInterface>, const string&, CallbackT&&, const rmw_qos_profile_t&, rclcpp::CallbackGroup::SharedPtr) [with ServiceT = interfaces::srv::Distance; CallbackT = std::_Bind<void (service::*(service*))(std::shared_ptr<interfaces::srv::Distance_Request_<std::allocator<void> > >, std::shared_ptr<interfaces::srv::Distance_Response_<std::allocator<void> > >)>; typename rclcpp::Service<ServiceT>::SharedPtr = std::shared_ptr<rclcpp::Service<interfaces::srv::Distance> >; std::string = std::__cxx11::basic_string<char>; rmw_qos_profile_t = rmw_qos_profile_s; rclcpp::CallbackGroup::SharedPtr = std::shared_ptr<rclcpp::CallbackGroup>][m[K’
[2.480s] [01m[K/opt/ros/humble/include/rclcpp/rclcpp/node_impl.hpp:147:53:[m[K   required from ‘[01m[Ktypename rclcpp::Service<ServiceT>::SharedPtr rclcpp::Node::create_service(const string&, CallbackT&&, const rmw_qos_profile_t&, rclcpp::CallbackGroup::SharedPtr) [with ServiceT = interfaces::srv::Distance; CallbackT = std::_Bind<void (service::*(service*))(std::shared_ptr<interfaces::srv::Distance_Request_<std::allocator<void> > >, std::shared_ptr<interfaces::srv::Distance_Response_<std::allocator<void> > >)>; typename rclcpp::Service<ServiceT>::SharedPtr = std::shared_ptr<rclcpp::Service<interfaces::srv::Distance> >; std::string = std::__cxx11::basic_string<char>; rmw_qos_profile_t = rmw_qos_profile_s; rclcpp::CallbackGroup::SharedPtr = std::shared_ptr<rclcpp::CallbackGroup>][m[K’
[2.480s] [01m[K/home/user/ros2_teaching/src/homework/src/service.cpp:5:62:[m[K   required from here
[2.480s] [01m[K/opt/ros/humble/include/rclcpp/rclcpp/any_service_callback.hpp:78:52:[m[K [01;31m[Kerror: [m[Kno matching function for call to ‘[01m[Kstd::variant<std::monostate, std::function<void(std::shared_ptr<interfaces::srv::Distance_Request_<std::allocator<void> > >, std::shared_ptr<interfaces::srv::Distance_Response_<std::allocator<void> > >)>, std::function<void(std::shared_ptr<rmw_request_id_s>, std::shared_ptr<interfaces::srv::Distance_Request_<std::allocator<void> > >, std::shared_ptr<interfaces::srv::Distance_Response_<std::allocator<void> > >)>, std::function<void(std::shared_ptr<rmw_request_id_s>, std::shared_ptr<interfaces::srv::Distance_Request_<std::allocator<void> > >)>, std::function<void(std::shared_ptr<rclcpp::Service<interfaces::srv::Distance> >, std::shared_ptr<rmw_request_id_s>, std::shared_ptr<interfaces::srv::Distance_Request_<std::allocator<void> > >)> >::emplace<rclcpp::AnyServiceCallback<interfaces::srv::Distance>::SharedPtrCallback>(std::_Bind<void (service::*(service*))(std::shared_ptr<interfaces::srv::Distance_Request_<std::allocator<void> > >, std::shared_ptr<interfaces::srv::Distance_Response_<std::allocator<void> > >)>&)[m[K’
[2.480s]    78 |       [01;31m[Kcallback_.template emplace<SharedPtrCallback>(callback)[m[K;
[2.480s]       |       [01;31m[K~~~~~~~~~~~~~~~~~~~~~~~~~~~~~~~~~~~~~~~~~~~~~^~~~~~~~~~[m[K
[2.480s] In file included from [01m[K/opt/ros/humble/include/rclcpp/rclcpp/client.hpp:28[m[K,
[2.481s]                  from [01m[K/opt/ros/humble/include/rclcpp/rclcpp/callback_group.hpp:24[m[K,
[2.481s]                  from [01m[K/opt/ros/humble/include/rclcpp/rclcpp/any_executable.hpp:20[m[K,
[2.481s]                  from [01m[K/opt/ros/humble/include/rclcpp/rclcpp/memory_strategy.hpp:25[m[K,
[2.481s]                  from [01m[K/opt/ros/humble/include/rclcpp/rclcpp/memory_strategies.hpp:18[m[K,
[2.481s]                  from [01m[K/opt/ros/humble/include/rclcpp/rclcpp/executor_options.hpp:20[m[K,
[2.481s]                  from [01m[K/opt/ros/humble/include/rclcpp/rclcpp/executor.hpp:37[m[K,
[2.481s]                  from [01m[K/opt/ros/humble/include/rclcpp/rclcpp/executors/multi_threaded_executor.hpp:25[m[K,
[2.481s]                  from [01m[K/opt/ros/humble/include/rclcpp/rclcpp/executors.hpp:21[m[K,
[2.481s]                  from [01m[K/opt/ros/humble/include/rclcpp/rclcpp/rclcpp.hpp:155[m[K,
[2.481s]                  from [01m[K/home/user/ros2_teaching/src/homework/include/homework/service_hw.h:2[m[K,
[2.481s]                  from [01m[K/home/user/ros2_teaching/src/homework/src/service.cpp:1[m[K:
[2.481s] [01m[K/usr/include/c++/11/variant:1485:9:[m[K [01;36m[Knote: [m[Kcandidate: ‘[01m[Ktemplate<class _Tp, class ... _Args> std::enable_if_t<(is_constructible_v<_Tp, _Args ...> && __exactly_once<_Tp>), _Tp&> std::variant<_Types>::emplace(_Args&& ...) [with _Tp = _Tp; _Args = {_Args ...}; _Types = {std::monostate, std::function<void(std::shared_ptr<interfaces::srv::Distance_Request_<std::allocator<void> > >, std::shared_ptr<interfaces::srv::Distance_Response_<std::allocator<void> > >)>, std::function<void(std::shared_ptr<rmw_request_id_s>, std::shared_ptr<interfaces::srv::Distance_Request_<std::allocator<void> > >, std::shared_ptr<interfaces::srv::Distance_Response_<std::allocator<void> > >)>, std::function<void(std::shared_ptr<rmw_request_id_s>, std::shared_ptr<interfaces::srv::Distance_Request_<std::allocator<void> > >)>, std::function<void(std::shared_ptr<rclcpp::Service<interfaces::srv::Distance> >, std::shared_ptr<rmw_request_id_s>, std::shared_ptr<interfaces::srv::Distance_Request_<std::allocator<void> > >)>}][m[K’
[2.481s]  1485 |         [01;36m[Kemplace[m[K(_Args&&... __args)
[2.481s]       |         [01;36m[K^~~~~~~[m[K
[2.481s] [01m[K/usr/include/c++/11/variant:1485:9:[m[K [01;36m[Knote: [m[K  template argument deduction/substitution failed:
[2.481s] In file included from [01m[K/usr/include/c++/11/bits/move.h:57[m[K,
[2.481s]                  from [01m[K/usr/include/c++/11/bits/stl_pair.h:59[m[K,
[2.481s]                  from [01m[K/usr/include/c++/11/bits/stl_algobase.h:64[m[K,
[2.481s]                  from [01m[K/usr/include/c++/11/memory:63[m[K,
[2.481s]                  from [01m[K/opt/ros/humble/include/rclcpp/rclcpp/rclcpp.hpp:153[m[K,
[2.481s]                  from [01m[K/home/user/ros2_teaching/src/homework/include/homework/service_hw.h:2[m[K,
[2.481s]                  from [01m[K/home/user/ros2_teaching/src/homework/src/service.cpp:1[m[K:
[2.481s] /usr/include/c++/11/type_traits: In substitution of ‘[01m[Ktemplate<bool _Cond, class _Tp> using enable_if_t = typename std::enable_if::type [with bool _Cond = false; _Tp = std::function<void(std::shared_ptr<interfaces::srv::Distance_Request_<std::allocator<void> > >, std::shared_ptr<interfaces::srv::Distance_Response_<std::allocator<void> > >)>&][m[K’:
[2.481s] [01m[K/usr/include/c++/11/variant:1485:2:[m[K   required by substitution of ‘[01m[Ktemplate<class _Tp, class ... _Args> std::enable_if_t<(is_constructible_v<_Tp, _Args ...> && __exactly_once<_Tp>), _Tp&> std::variant<std::monostate, std::function<void(std::shared_ptr<interfaces::srv::Distance_Request_<std::allocator<void> > >, std::shared_ptr<interfaces::srv::Distance_Response_<std::allocator<void> > >)>, std::function<void(std::shared_ptr<rmw_request_id_s>, std::shared_ptr<interfaces::srv::Distance_Request_<std::allocator<void> > >, std::shared_ptr<interfaces::srv::Distance_Response_<std::allocator<void> > >)>, std::function<void(std::shared_ptr<rmw_request_id_s>, std::shared_ptr<interfaces::srv::Distance_Request_<std::allocator<void> > >)>, std::function<void(std::shared_ptr<rclcpp::Service<interfaces::srv::Distance> >, std::shared_ptr<rmw_request_id_s>, std::shared_ptr<interfaces::srv::Distance_Request_<std::allocator<void> > >)> >::emplace<_Tp, _Args ...>(_Args&& ...) [with _Tp = std::function<void(std::shared_ptr<interfaces::srv::Distance_Request_<std::allocator<void> > >, std::shared_ptr<interfaces::srv::Distance_Response_<std::allocator<void> > >)>; _Args = {std::_Bind<void (service::*(service*))(std::shared_ptr<interfaces::srv::Distance_Request_<std::allocator<void> > >, std::shared_ptr<interfaces::srv::Distance_Response_<std::allocator<void> > >)>&}][m[K’
[2.481s] [01m[K/opt/ros/humble/include/rclcpp/rclcpp/any_service_callback.hpp:78:52:[m[K   required from ‘[01m[Kvoid rclcpp::AnyServiceCallback<ServiceT>::set(CallbackT&&) [with CallbackT = std::_Bind<void (service::*(service*))(std::shared_ptr<interfaces::srv::Distance_Request_<std::allocator<void> > >, std::shared_ptr<interfaces::srv::Distance_Response_<std::allocator<void> > >)>; typename std::enable_if<(! rclcpp::detail::can_be_nullptr<CallbackT>::value), int>::type <anonymous> = 0; ServiceT = interfaces::srv::Distance][m[K’
[2.481s] [01m[K/opt/ros/humble/include/rclcpp/rclcpp/create_service.hpp:43:27:[m[K   required from ‘[01m[Ktypename rclcpp::Service<ServiceT>::SharedPtr rclcpp::create_service(std::shared_ptr<rclcpp::node_interfaces::NodeBaseInterface>, std::shared_ptr<rclcpp::node_interfaces::NodeServicesInterface>, const string&, CallbackT&&, const rmw_qos_profile_t&, rclcpp::CallbackGroup::SharedPtr) [with ServiceT = interfaces::srv::Distance; CallbackT = std::_Bind<void (service::*(service*))(std::shared_ptr<interfaces::srv::Distance_Request_<std::allocator<void> > >, std::shared_ptr<interfaces::srv::Distance_Response_<std::allocator<void> > >)>; typename rclcpp::Service<ServiceT>::SharedPtr = std::shared_ptr<rclcpp::Service<interfaces::srv::Distance> >; std::string = std::__cxx11::basic_string<char>; rmw_qos_profile_t = rmw_qos_profile_s; rclcpp::CallbackGroup::SharedPtr = std::shared_ptr<rclcpp::CallbackGroup>][m[K’
[2.482s] [01m[K/opt/ros/humble/include/rclcpp/rclcpp/node_impl.hpp:147:53:[m[K   required from ‘[01m[Ktypename rclcpp::Service<ServiceT>::SharedPtr rclcpp::Node::create_service(const string&, CallbackT&&, const rmw_qos_profile_t&, rclcpp::CallbackGroup::SharedPtr) [with ServiceT = interfaces::srv::Distance; CallbackT = std::_Bind<void (service::*(service*))(std::shared_ptr<interfaces::srv::Distance_Request_<std::allocator<void> > >, std::shared_ptr<interfaces::srv::Distance_Response_<std::allocator<void> > >)>; typename rclcpp::Service<ServiceT>::SharedPtr = std::shared_ptr<rclcpp::Service<interfaces::srv::Distance> >; std::string = std::__cxx11::basic_string<char>; rmw_qos_profile_t = rmw_qos_profile_s; rclcpp::CallbackGroup::SharedPtr = std::shared_ptr<rclcpp::CallbackGroup>][m[K’
[2.482s] [01m[K/home/user/ros2_teaching/src/homework/src/service.cpp:5:62:[m[K   required from here
[2.482s] [01m[K/usr/include/c++/11/type_traits:2579:11:[m[K [01;31m[Kerror: [m[Kno type named ‘[01m[Ktype[m[K’ in ‘[01m[Kstruct std::enable_if<false, std::function<void(std::shared_ptr<interfaces::srv::Distance_Request_<std::allocator<void> > >, std::shared_ptr<interfaces::srv::Distance_Response_<std::allocator<void> > >)>&>[m[K’
[2.482s]  2579 |     using [01;31m[Kenable_if_t[m[K = typename enable_if<_Cond, _Tp>::type;
[2.482s]       |           [01;31m[K^~~~~~~~~~~[m[K
[2.482s] In file included from [01m[K/opt/ros/humble/include/rclcpp/rclcpp/client.hpp:28[m[K,
[2.482s]                  from [01m[K/opt/ros/humble/include/rclcpp/rclcpp/callback_group.hpp:24[m[K,
[2.482s]                  from [01m[K/opt/ros/humble/include/rclcpp/rclcpp/any_executable.hpp:20[m[K,
[2.482s]                  from [01m[K/opt/ros/humble/include/rclcpp/rclcpp/memory_strategy.hpp:25[m[K,
[2.482s]                  from [01m[K/opt/ros/humble/include/rclcpp/rclcpp/memory_strategies.hpp:18[m[K,
[2.482s]                  from [01m[K/opt/ros/humble/include/rclcpp/rclcpp/executor_options.hpp:20[m[K,
[2.482s]                  from [01m[K/opt/ros/humble/include/rclcpp/rclcpp/executor.hpp:37[m[K,
[2.482s]                  from [01m[K/opt/ros/humble/include/rclcpp/rclcpp/executors/multi_threaded_executor.hpp:25[m[K,
[2.482s]                  from [01m[K/opt/ros/humble/include/rclcpp/rclcpp/executors.hpp:21[m[K,
[2.482s]                  from [01m[K/opt/ros/humble/include/rclcpp/rclcpp/rclcpp.hpp:155[m[K,
[2.482s]                  from [01m[K/home/user/ros2_teaching/src/homework/include/homework/service_hw.h:2[m[K,
[2.482s]                  from [01m[K/home/user/ros2_teaching/src/homework/src/service.cpp:1[m[K:
[2.482s] /opt/ros/humble/include/rclcpp/rclcpp/any_service_callback.hpp: In instantiation of ‘[01m[Kvoid rclcpp::AnyServiceCallback<ServiceT>::set(CallbackT&&) [with CallbackT = std::_Bind<void (service::*(service*))(std::shared_ptr<interfaces::srv::Distance_Request_<std::allocator<void> > >, std::shared_ptr<interfaces::srv::Distance_Response_<std::allocator<void> > >)>; typename std::enable_if<(! rclcpp::detail::can_be_nullptr<CallbackT>::value), int>::type <anonymous> = 0; ServiceT = interfaces::srv::Distance][m[K’:
[2.482s] [01m[K/opt/ros/humble/include/rclcpp/rclcpp/create_service.hpp:43:27:[m[K   required from ‘[01m[Ktypename rclcpp::Service<ServiceT>::SharedPtr rclcpp::create_service(std::shared_ptr<rclcpp::node_interfaces::NodeBaseInterface>, std::shared_ptr<rclcpp::node_interfaces::NodeServicesInterface>, const string&, CallbackT&&, const rmw_qos_profile_t&, rclcpp::CallbackGroup::SharedPtr) [with ServiceT = interfaces::srv::Distance; CallbackT = std::_Bind<void (service::*(service*))(std::shared_ptr<interfaces::srv::Distance_Request_<std::allocator<void> > >, std::shared_ptr<interfaces::srv::Distance_Response_<std::allocator<void> > >)>; typename rclcpp::Service<ServiceT>::SharedPtr = std::shared_ptr<rclcpp::Service<interfaces::srv::Distance> >; std::string = std::__cxx11::basic_string<char>; rmw_qos_profile_t = rmw_qos_profile_s; rclcpp::CallbackGroup::SharedPtr = std::shared_ptr<rclcpp::CallbackGroup>][m[K’
[2.482s] [01m[K/opt/ros/humble/include/rclcpp/rclcpp/node_impl.hpp:147:53:[m[K   required from ‘[01m[Ktypename rclcpp::Service<ServiceT>::SharedPtr rclcpp::Node::create_service(const string&, CallbackT&&, const rmw_qos_profile_t&, rclcpp::CallbackGroup::SharedPtr) [with ServiceT = interfaces::srv::Distance; CallbackT = std::_Bind<void (service::*(service*))(std::shared_ptr<interfaces::srv::Distance_Request_<std::allocator<void> > >, std::shared_ptr<interfaces::srv::Distance_Response_<std::allocator<void> > >)>; typename rclcpp::Service<ServiceT>::SharedPtr = std::shared_ptr<rclcpp::Service<interfaces::srv::Distance> >; std::string = std::__cxx11::basic_string<char>; rmw_qos_profile_t = rmw_qos_profile_s; rclcpp::CallbackGroup::SharedPtr = std::shared_ptr<rclcpp::CallbackGroup>][m[K’
[2.482s] [01m[K/home/user/ros2_teaching/src/homework/src/service.cpp:5:62:[m[K   required from here
[2.482s] [01m[K/usr/include/c++/11/variant:1495:9:[m[K [01;36m[Knote: [m[Kcandidate: ‘[01m[Ktemplate<class _Tp, class _Up, class ... _Args> std::enable_if_t<(is_constructible_v<_Tp, std::initializer_list<_Up>&, _Args ...> && __exactly_once<_Tp>), _Tp&> std::variant<_Types>::emplace(std::initializer_list<_Up>, _Args&& ...) [with _Tp = _Tp; _Up = _Up; _Args = {_Args ...}; _Types = {std::monostate, std::function<void(std::shared_ptr<interfaces::srv::Distance_Request_<std::allocator<void> > >, std::shared_ptr<interfaces::srv::Distance_Response_<std::allocator<void> > >)>, std::function<void(std::shared_ptr<rmw_request_id_s>, std::shared_ptr<interfaces::srv::Distance_Request_<std::allocator<void> > >, std::shared_ptr<interfaces::srv::Distance_Response_<std::allocator<void> > >)>, std::function<void(std::shared_ptr<rmw_request_id_s>, std::shared_ptr<interfaces::srv::Distance_Request_<std::allocator<void> > >)>, std::function<void(std::shared_ptr<rclcpp::Service<interfaces::srv::Distance> >, std::shared_ptr<rmw_request_id_s>, std::shared_ptr<interfaces::srv::Distance_Request_<std::allocator<void> > >)>}][m[K’
[2.482s]  1495 |         [01;36m[Kemplace[m[K(initializer_list<_Up> __il, _Args&&... __args)
[2.482s]       |         [01;36m[K^~~~~~~[m[K
[2.482s] [01m[K/usr/include/c++/11/variant:1495:9:[m[K [01;36m[Knote: [m[K  template argument deduction/substitution failed:
[2.482s] In file included from [01m[K/opt/ros/humble/include/rclcpp/rclcpp/service.hpp:36[m[K,
[2.482s]                  from [01m[K/opt/ros/humble/include/rclcpp/rclcpp/callback_group.hpp:28[m[K,
[2.483s]                  from [01m[K/opt/ros/humble/include/rclcpp/rclcpp/any_executable.hpp:20[m[K,
[2.483s]                  from [01m[K/opt/ros/humble/include/rclcpp/rclcpp/memory_strategy.hpp:25[m[K,
[2.483s]                  from [01m[K/opt/ros/humble/include/rclcpp/rclcpp/memory_strategies.hpp:18[m[K,
[2.483s]                  from [01m[K/opt/ros/humble/include/rclcpp/rclcpp/executor_options.hpp:20[m[K,
[2.483s]                  from [01m[K/opt/ros/humble/include/rclcpp/rclcpp/executor.hpp:37[m[K,
[2.483s]                  from [01m[K/opt/ros/humble/include/rclcpp/rclcpp/executors/multi_threaded_executor.hpp:25[m[K,
[2.483s]                  from [01m[K/opt/ros/humble/include/rclcpp/rclcpp/executors.hpp:21[m[K,
[2.483s]                  from [01m[K/opt/ros/humble/include/rclcpp/rclcpp/rclcpp.hpp:155[m[K,
[2.483s]                  from [01m[K/home/user/ros2_teaching/src/homework/include/homework/service_hw.h:2[m[K,
[2.483s]                  from [01m[K/home/user/ros2_teaching/src/homework/src/service.cpp:1[m[K:
[2.483s] [01m[K/opt/ros/humble/include/rclcpp/rclcpp/any_service_callback.hpp:78:52:[m[K [01;36m[Knote: [m[K  ‘[01m[Kstd::_Bind<void (service::*(service*))(std::shared_ptr<interfaces::srv::Distance_Request_<std::allocator<void> > >, std::shared_ptr<interfaces::srv::Distance_Response_<std::allocator<void> > >)>[m[K’ is not derived from ‘[01m[Kstd::initializer_list<_Value>[m[K’
[2.483s]    78 |       [01;36m[Kcallback_.template emplace<SharedPtrCallback>(callback)[m[K;
[2.483s]       |       [01;36m[K~~~~~~~~~~~~~~~~~~~~~~~~~~~~~~~~~~~~~~~~~~~~~^~~~~~~~~~[m[K
[2.483s] In file included from [01m[K/opt/ros/humble/include/rclcpp/rclcpp/client.hpp:28[m[K,
[2.483s]                  from [01m[K/opt/ros/humble/include/rclcpp/rclcpp/callback_group.hpp:24[m[K,
[2.483s]                  from [01m[K/opt/ros/humble/include/rclcpp/rclcpp/any_executable.hpp:20[m[K,
[2.483s]                  from [01m[K/opt/ros/humble/include/rclcpp/rclcpp/memory_strategy.hpp:25[m[K,
[2.483s]                  from [01m[K/opt/ros/humble/include/rclcpp/rclcpp/memory_strategies.hpp:18[m[K,
[2.483s]                  from [01m[K/opt/ros/humble/include/rclcpp/rclcpp/executor_options.hpp:20[m[K,
[2.483s]                  from [01m[K/opt/ros/humble/include/rclcpp/rclcpp/executor.hpp:37[m[K,
[2.483s]                  from [01m[K/opt/ros/humble/include/rclcpp/rclcpp/executors/multi_threaded_executor.hpp:25[m[K,
[2.483s]                  from [01m[K/opt/ros/humble/include/rclcpp/rclcpp/executors.hpp:21[m[K,
[2.483s]                  from [01m[K/opt/ros/humble/include/rclcpp/rclcpp/rclcpp.hpp:155[m[K,
[2.483s]                  from [01m[K/home/user/ros2_teaching/src/homework/include/homework/service_hw.h:2[m[K,
[2.483s]                  from [01m[K/home/user/ros2_teaching/src/homework/src/service.cpp:1[m[K:
[2.483s] [01m[K/usr/include/c++/11/variant:1505:9:[m[K [01;36m[Knote: [m[Kcandidate: ‘[01m[Ktemplate<long unsigned int _Np, class ... _Args> std::enable_if_t<is_constructible_v<typename std::variant_alternative<_Np, std::variant<_Types> >::type, _Args ...>, typename std::variant_alternative<_Np, std::variant<_Types> >::type&> std::variant<_Types>::emplace(_Args&& ...) [with long unsigned int _Np = _Np; _Args = {_Args ...}; _Types = {std::monostate, std::function<void(std::shared_ptr<interfaces::srv::Distance_Request_<std::allocator<void> > >, std::shared_ptr<interfaces::srv::Distance_Response_<std::allocator<void> > >)>, std::function<void(std::shared_ptr<rmw_request_id_s>, std::shared_ptr<interfaces::srv::Distance_Request_<std::allocator<void> > >, std::shared_ptr<interfaces::srv::Distance_Response_<std::allocator<void> > >)>, std::function<void(std::shared_ptr<rmw_request_id_s>, std::shared_ptr<interfaces::srv::Distance_Request_<std::allocator<void> > >)>, std::function<void(std::shared_ptr<rclcpp::Service<interfaces::srv::Distance> >, std::shared_ptr<rmw_request_id_s>, std::shared_ptr<interfaces::srv::Distance_Request_<std::allocator<void> > >)>}][m[K’
[2.483s]  1505 |         [01;36m[Kemplace[m[K(_Args&&... __args)
[2.484s]       |         [01;36m[K^~~~~~~[m[K
[2.484s] [01m[K/usr/include/c++/11/variant:1505:9:[m[K [01;36m[Knote: [m[K  template argument deduction/substitution failed:
[2.484s] In file included from [01m[K/opt/ros/humble/include/rclcpp/rclcpp/service.hpp:36[m[K,
[2.484s]                  from [01m[K/opt/ros/humble/include/rclcpp/rclcpp/callback_group.hpp:28[m[K,
[2.484s]                  from [01m[K/opt/ros/humble/include/rclcpp/rclcpp/any_executable.hpp:20[m[K,
[2.484s]                  from [01m[K/opt/ros/humble/include/rclcpp/rclcpp/memory_strategy.hpp:25[m[K,
[2.484s]                  from [01m[K/opt/ros/humble/include/rclcpp/rclcpp/memory_strategies.hpp:18[m[K,
[2.484s]                  from [01m[K/opt/ros/humble/include/rclcpp/rclcpp/executor_options.hpp:20[m[K,
[2.484s]                  from [01m[K/opt/ros/humble/include/rclcpp/rclcpp/executor.hpp:37[m[K,
[2.484s]                  from [01m[K/opt/ros/humble/include/rclcpp/rclcpp/executors/multi_threaded_executor.hpp:25[m[K,
[2.484s]                  from [01m[K/opt/ros/humble/include/rclcpp/rclcpp/executors.hpp:21[m[K,
[2.484s]                  from [01m[K/opt/ros/humble/include/rclcpp/rclcpp/rclcpp.hpp:155[m[K,
[2.484s]                  from [01m[K/home/user/ros2_teaching/src/homework/include/homework/service_hw.h:2[m[K,
[2.484s]                  from [01m[K/home/user/ros2_teaching/src/homework/src/service.cpp:1[m[K:
[2.484s] [01m[K/opt/ros/humble/include/rclcpp/rclcpp/any_service_callback.hpp:78:52:[m[K [01;31m[Kerror: [m[Ktype/value mismatch at argument 1 in template parameter list for ‘[01m[Ktemplate<long unsigned int _Np, class ... _Args> std::enable_if_t<is_constructible_v<typename std::variant_alternative<_Np, std::variant<_Types> >::type, _Args ...>, typename std::variant_alternative<_Np, std::variant<_Types> >::type&> std::variant<_Types>::emplace(_Args&& ...) [with long unsigned int _Np = _Np; _Args = {_Args ...}; _Types = {std::monostate, std::function<void(std::shared_ptr<interfaces::srv::Distance_Request_<std::allocator<void> > >, std::shared_ptr<interfaces::srv::Distance_Response_<std::allocator<void> > >)>, std::function<void(std::shared_ptr<rmw_request_id_s>, std::shared_ptr<interfaces::srv::Distance_Request_<std::allocator<void> > >, std::shared_ptr<interfaces::srv::Distance_Response_<std::allocator<void> > >)>, std::function<void(std::shared_ptr<rmw_request_id_s>, std::shared_ptr<interfaces::srv::Distance_Request_<std::allocator<void> > >)>, std::function<void(std::shared_ptr<rclcpp::Service<interfaces::srv::Distance> >, std::shared_ptr<rmw_request_id_s>, std::shared_ptr<interfaces::srv::Distance_Request_<std::allocator<void> > >)>}][m[K’
[2.484s]    78 |       [01;31m[Kcallback_.template emplace<SharedPtrCallback>(callback)[m[K;
[2.484s]       |       [01;31m[K~~~~~~~~~~~~~~~~~~~~~~~~~~~~~~~~~~~~~~~~~~~~~^~~~~~~~~~[m[K
[2.484s] [01m[K/opt/ros/humble/include/rclcpp/rclcpp/any_service_callback.hpp:78:52:[m[K [01;36m[Knote: [m[K  expected a constant of type ‘[01m[Klong unsigned int[m[K’, got ‘[01m[Krclcpp::AnyServiceCallback<interfaces::srv::Distance>::SharedPtrCallback[m[K’ {aka ‘[01m[Kstd::function<void(std::shared_ptr<interfaces::srv::Distance_Request_<std::allocator<void> > >, std::shared_ptr<interfaces::srv::Distance_Response_<std::allocator<void> > >)>[m[K’}
[2.484s] In file included from [01m[K/opt/ros/humble/include/rclcpp/rclcpp/client.hpp:28[m[K,
[2.484s]                  from [01m[K/opt/ros/humble/include/rclcpp/rclcpp/callback_group.hpp:24[m[K,
[2.484s]                  from [01m[K/opt/ros/humble/include/rclcpp/rclcpp/any_executable.hpp:20[m[K,
[2.484s]                  from [01m[K/opt/ros/humble/include/rclcpp/rclcpp/memory_strategy.hpp:25[m[K,
[2.484s]                  from [01m[K/opt/ros/humble/include/rclcpp/rclcpp/memory_strategies.hpp:18[m[K,
[2.484s]                  from [01m[K/opt/ros/humble/include/rclcpp/rclcpp/executor_options.hpp:20[m[K,
[2.484s]                  from [01m[K/opt/ros/humble/include/rclcpp/rclcpp/executor.hpp:37[m[K,
[2.484s]                  from [01m[K/opt/ros/humble/include/rclcpp/rclcpp/executors/multi_threaded_executor.hpp:25[m[K,
[2.484s]                  from [01m[K/opt/ros/humble/include/rclcpp/rclcpp/executors.hpp:21[m[K,
[2.484s]                  from [01m[K/opt/ros/humble/include/rclcpp/rclcpp/rclcpp.hpp:155[m[K,
[2.485s]                  from [01m[K/home/user/ros2_teaching/src/homework/include/homework/service_hw.h:2[m[K,
[2.485s]                  from [01m[K/home/user/ros2_teaching/src/homework/src/service.cpp:1[m[K:
[2.485s] [01m[K/usr/include/c++/11/variant:1551:9:[m[K [01;36m[Knote: [m[Kcandidate: ‘[01m[Ktemplate<long unsigned int _Np, class _Up, class ... _Args> std::enable_if_t<is_constructible_v<typename std::variant_alternative<_Np, std::variant<_Types> >::type, std::initializer_list<_Up>&, _Args ...>, typename std::variant_alternative<_Np, std::variant<_Types> >::type&> std::variant<_Types>::emplace(std::initializer_list<_Up>, _Args&& ...) [with long unsigned int _Np = _Np; _Up = _Up; _Args = {_Args ...}; _Types = {std::monostate, std::function<void(std::shared_ptr<interfaces::srv::Distance_Request_<std::allocator<void> > >, std::shared_ptr<interfaces::srv::Distance_Response_<std::allocator<void> > >)>, std::function<void(std::shared_ptr<rmw_request_id_s>, std::shared_ptr<interfaces::srv::Distance_Request_<std::allocator<void> > >, std::shared_ptr<interfaces::srv::Distance_Response_<std::allocator<void> > >)>, std::function<void(std::shared_ptr<rmw_request_id_s>, std::shared_ptr<interfaces::srv::Distance_Request_<std::allocator<void> > >)>, std::function<void(std::shared_ptr<rclcpp::Service<interfaces::srv::Distance> >, std::shared_ptr<rmw_request_id_s>, std::shared_ptr<interfaces::srv::Distance_Request_<std::allocator<void> > >)>}][m[K’
[2.485s]  1551 |         [01;36m[Kemplace[m[K(initializer_list<_Up> __il, _Args&&... __args)
[2.485s]       |         [01;36m[K^~~~~~~[m[K
[2.485s] [01m[K/usr/include/c++/11/variant:1551:9:[m[K [01;36m[Knote: [m[K  template argument deduction/substitution failed:
[2.485s] In file included from [01m[K/opt/ros/humble/include/rclcpp/rclcpp/service.hpp:36[m[K,
[2.485s]                  from [01m[K/opt/ros/humble/include/rclcpp/rclcpp/callback_group.hpp:28[m[K,
[2.485s]                  from [01m[K/opt/ros/humble/include/rclcpp/rclcpp/any_executable.hpp:20[m[K,
[2.485s]                  from [01m[K/opt/ros/humble/include/rclcpp/rclcpp/memory_strategy.hpp:25[m[K,
[2.485s]                  from [01m[K/opt/ros/humble/include/rclcpp/rclcpp/memory_strategies.hpp:18[m[K,
[2.485s]                  from [01m[K/opt/ros/humble/include/rclcpp/rclcpp/executor_options.hpp:20[m[K,
[2.485s]                  from [01m[K/opt/ros/humble/include/rclcpp/rclcpp/executor.hpp:37[m[K,
[2.485s]                  from [01m[K/opt/ros/humble/include/rclcpp/rclcpp/executors/multi_threaded_executor.hpp:25[m[K,
[2.485s]                  from [01m[K/opt/ros/humble/include/rclcpp/rclcpp/executors.hpp:21[m[K,
[2.485s]                  from [01m[K/opt/ros/humble/include/rclcpp/rclcpp/rclcpp.hpp:155[m[K,
[2.485s]                  from [01m[K/home/user/ros2_teaching/src/homework/include/homework/service_hw.h:2[m[K,
[2.485s]                  from [01m[K/home/user/ros2_teaching/src/homework/src/service.cpp:1[m[K:
[2.485s] [01m[K/opt/ros/humble/include/rclcpp/rclcpp/any_service_callback.hpp:78:52:[m[K [01;31m[Kerror: [m[Ktype/value mismatch at argument 1 in template parameter list for ‘[01m[Ktemplate<long unsigned int _Np, class _Up, class ... _Args> std::enable_if_t<is_constructible_v<typename std::variant_alternative<_Np, std::variant<_Types> >::type, std::initializer_list<_Up>&, _Args ...>, typename std::variant_alternative<_Np, std::variant<_Types> >::type&> std::variant<_Types>::emplace(std::initializer_list<_Up>, _Args&& ...) [with long unsigned int _Np = _Np; _Up = _Up; _Args = {_Args ...}; _Types = {std::monostate, std::function<void(std::shared_ptr<interfaces::srv::Distance_Request_<std::allocator<void> > >, std::shared_ptr<interfaces::srv::Distance_Response_<std::allocator<void> > >)>, std::function<void(std::shared_ptr<rmw_request_id_s>, std::shared_ptr<interfaces::srv::Distance_Request_<std::allocator<void> > >, std::shared_ptr<interfaces::srv::Distance_Response_<std::allocator<void> > >)>, std::function<void(std::shared_ptr<rmw_request_id_s>, std::shared_ptr<interfaces::srv::Distance_Request_<std::allocator<void> > >)>, std::function<void(std::shared_ptr<rclcpp::Service<interfaces::srv::Distance> >, std::shared_ptr<rmw_request_id_s>, std::shared_ptr<interfaces::srv::Distance_Request_<std::allocator<void> > >)>}][m[K’
[2.485s]    78 |       [01;31m[Kcallback_.template emplace<SharedPtrCallback>(callback)[m[K;
[2.485s]       |       [01;31m[K~~~~~~~~~~~~~~~~~~~~~~~~~~~~~~~~~~~~~~~~~~~~~^~~~~~~~~~[m[K
[2.485s] [01m[K/opt/ros/humble/include/rclcpp/rclcpp/any_service_callback.hpp:78:52:[m[K [01;36m[Knote: [m[K  expected a constant of type ‘[01m[Klong unsigned int[m[K’, got ‘[01m[Krclcpp::AnyServiceCallback<interfaces::srv::Distance>::SharedPtrCallback[m[K’ {aka ‘[01m[Kstd::function<void(std::shared_ptr<interfaces::srv::Distance_Request_<std::allocator<void> > >, std::shared_ptr<interfaces::srv::Distance_Response_<std::allocator<void> > >)>[m[K’}
[2.752s] gmake[2]: *** [CMakeFiles/Client.dir/build.make:76: CMakeFiles/Client.dir/src/client.cpp.o] Error 1
[2.752s] gmake[1]: *** [CMakeFiles/Makefile2:221: CMakeFiles/Client.dir/all] Error 2
[2.752s] gmake[1]: *** Waiting for unfinished jobs....
[2.769s] gmake[2]: *** [CMakeFiles/Service.dir/build.make:76: CMakeFiles/Service.dir/src/service.cpp.o] Error 1
[2.769s] gmake[1]: *** [CMakeFiles/Makefile2:195: CMakeFiles/Service.dir/all] Error 2
[2.769s] gmake: *** [Makefile:146: all] Error 2
[2.771s] Invoked command in '/home/user/ros2_teaching/build/homework' returned '2': CMAKE_PREFIX_PATH=${CMAKE_PREFIX_PATH}:/opt/ros/humble /usr/bin/cmake --build /home/user/ros2_teaching/build/homework -- -j8 -l8
