[0.020s] Invoking command in '/home/user/ros2_teaching/build/interfaces': CMAKE_PREFIX_PATH=${CMAKE_PREFIX_PATH}:/opt/ros/humble /usr/bin/cmake --build /home/user/ros2_teaching/build/interfaces -- -j8 -l8
[0.155s] [  3%] Built target interfaces__cpp
[0.176s] [  6%] Built target ament_cmake_python_copy_interfaces
[0.177s] [ 12%] Built target interfaces__rosidl_generator_c
[0.217s] [ 32%] Built target interfaces__rosidl_typesupport_cpp
[0.217s] [ 32%] Built target interfaces__rosidl_typesupport_introspection_cpp
[0.224s] [ 41%] Built target interfaces__rosidl_typesupport_fastrtps_cpp
[0.234s] [ 51%] Built target interfaces__rosidl_typesupport_introspection_c
[0.240s] [ 61%] Built target interfaces__rosidl_typesupport_c
[0.242s] [ 70%] Built target interfaces__rosidl_typesupport_fastrtps_c
[0.267s] [ 70%] Built target interfaces
[0.288s] [ 74%] Built target interfaces__py
[0.326s] [ 80%] Built target interfaces__rosidl_generator_py
[0.355s] [ 87%] Built target interfaces__rosidl_typesupport_c__pyext
[0.358s] [100%] Built target interfaces__rosidl_typesupport_fastrtps_c__pyext
[0.358s] [100%] Built target interfaces__rosidl_typesupport_introspection_c__pyext
[0.467s] running egg_info
[0.469s] writing interfaces.egg-info/PKG-INFO
[0.469s] writing dependency_links to interfaces.egg-info/dependency_links.txt
[0.470s] writing top-level names to interfaces.egg-info/top_level.txt
[0.473s] reading manifest file 'interfaces.egg-info/SOURCES.txt'
[0.473s] writing manifest file 'interfaces.egg-info/SOURCES.txt'
[0.508s] [100%] Built target ament_cmake_python_build_interfaces_egg
[0.524s] Invoked command in '/home/user/ros2_teaching/build/interfaces' returned '0': CMAKE_PREFIX_PATH=${CMAKE_PREFIX_PATH}:/opt/ros/humble /usr/bin/cmake --build /home/user/ros2_teaching/build/interfaces -- -j8 -l8
[0.539s] Invoking command in '/home/user/ros2_teaching/build/interfaces': CMAKE_PREFIX_PATH=${CMAKE_PREFIX_PATH}:/opt/ros/humble /usr/bin/cmake --install /home/user/ros2_teaching/build/interfaces
[0.550s] -- Install configuration: ""
[0.550s] -- Up-to-date: /home/user/ros2_teaching/install/interfaces/share/ament_index/resource_index/rosidl_interfaces/interfaces
[0.551s] -- Up-to-date: /home/user/ros2_teaching/install/interfaces/include/interfaces/interfaces
[0.551s] -- Up-to-date: /home/user/ros2_teaching/install/interfaces/include/interfaces/interfaces/msg
[0.551s] -- Up-to-date: /home/user/ros2_teaching/install/interfaces/include/interfaces/interfaces/msg/rosidl_generator_c__visibility_control.h
[0.551s] -- Up-to-date: /home/user/ros2_teaching/install/interfaces/include/interfaces/interfaces/srv
[0.551s] -- Up-to-date: /home/user/ros2_teaching/install/interfaces/include/interfaces/interfaces/srv/distance.h
[0.551s] -- Up-to-date: /home/user/ros2_teaching/install/interfaces/include/interfaces/interfaces/srv/detail
[0.551s] -- Up-to-date: /home/user/ros2_teaching/install/interfaces/include/interfaces/interfaces/srv/detail/distance__functions.c
[0.551s] -- Up-to-date: /home/user/ros2_teaching/install/interfaces/include/interfaces/interfaces/srv/detail/distance__struct.h
[0.551s] -- Up-to-date: /home/user/ros2_teaching/install/interfaces/include/interfaces/interfaces/srv/detail/distance__functions.h
[0.552s] -- Up-to-date: /home/user/ros2_teaching/install/interfaces/include/interfaces/interfaces/srv/detail/distance__type_support.h
[0.552s] -- Up-to-date: /home/user/ros2_teaching/install/interfaces/share/interfaces/environment/library_path.sh
[0.552s] -- Up-to-date: /home/user/ros2_teaching/install/interfaces/share/interfaces/environment/library_path.dsv
[0.552s] -- Up-to-date: /home/user/ros2_teaching/install/interfaces/lib/libinterfaces__rosidl_generator_c.so
[0.552s] -- Up-to-date: /home/user/ros2_teaching/install/interfaces/include/interfaces/interfaces
[0.553s] -- Up-to-date: /home/user/ros2_teaching/install/interfaces/include/interfaces/interfaces/msg
[0.553s] -- Up-to-date: /home/user/ros2_teaching/install/interfaces/include/interfaces/interfaces/msg/rosidl_typesupport_fastrtps_c__visibility_control.h
[0.553s] -- Up-to-date: /home/user/ros2_teaching/install/interfaces/include/interfaces/interfaces/srv
[0.553s] -- Up-to-date: /home/user/ros2_teaching/install/interfaces/include/interfaces/interfaces/srv/detail
[0.553s] -- Up-to-date: /home/user/ros2_teaching/install/interfaces/include/interfaces/interfaces/srv/detail/distance__rosidl_typesupport_fastrtps_c.h
[0.553s] -- Up-to-date: /home/user/ros2_teaching/install/interfaces/lib/libinterfaces__rosidl_typesupport_fastrtps_c.so
[0.554s] -- Up-to-date: /home/user/ros2_teaching/install/interfaces/include/interfaces/interfaces
[0.554s] -- Up-to-date: /home/user/ros2_teaching/install/interfaces/include/interfaces/interfaces/msg
[0.554s] -- Up-to-date: /home/user/ros2_teaching/install/interfaces/include/interfaces/interfaces/msg/rosidl_generator_cpp__visibility_control.hpp
[0.554s] -- Up-to-date: /home/user/ros2_teaching/install/interfaces/include/interfaces/interfaces/srv
[0.554s] -- Up-to-date: /home/user/ros2_teaching/install/interfaces/include/interfaces/interfaces/srv/detail
[0.554s] -- Up-to-date: /home/user/ros2_teaching/install/interfaces/include/interfaces/interfaces/srv/detail/distance__traits.hpp
[0.554s] -- Up-to-date: /home/user/ros2_teaching/install/interfaces/include/interfaces/interfaces/srv/detail/distance__struct.hpp
[0.555s] -- Up-to-date: /home/user/ros2_teaching/install/interfaces/include/interfaces/interfaces/srv/detail/distance__type_support.hpp
[0.555s] -- Up-to-date: /home/user/ros2_teaching/install/interfaces/include/interfaces/interfaces/srv/detail/distance__builder.hpp
[0.555s] -- Up-to-date: /home/user/ros2_teaching/install/interfaces/include/interfaces/interfaces/srv/distance.hpp
[0.555s] -- Up-to-date: /home/user/ros2_teaching/install/interfaces/include/interfaces/interfaces
[0.555s] -- Up-to-date: /home/user/ros2_teaching/install/interfaces/include/interfaces/interfaces/msg
[0.555s] -- Up-to-date: /home/user/ros2_teaching/install/interfaces/include/interfaces/interfaces/msg/rosidl_typesupport_fastrtps_cpp__visibility_control.h
[0.555s] -- Up-to-date: /home/user/ros2_teaching/install/interfaces/include/interfaces/interfaces/srv
[0.555s] -- Up-to-date: /home/user/ros2_teaching/install/interfaces/include/interfaces/interfaces/srv/detail
[0.555s] -- Up-to-date: /home/user/ros2_teaching/install/interfaces/include/interfaces/interfaces/srv/detail/dds_fastrtps
[0.555s] -- Up-to-date: /home/user/ros2_teaching/install/interfaces/include/interfaces/interfaces/srv/detail/distance__rosidl_typesupport_fastrtps_cpp.hpp
[0.555s] -- Up-to-date: /home/user/ros2_teaching/install/interfaces/lib/libinterfaces__rosidl_typesupport_fastrtps_cpp.so
[0.556s] -- Up-to-date: /home/user/ros2_teaching/install/interfaces/include/interfaces/interfaces
[0.556s] -- Up-to-date: /home/user/ros2_teaching/install/interfaces/include/interfaces/interfaces/msg
[0.556s] -- Up-to-date: /home/user/ros2_teaching/install/interfaces/include/interfaces/interfaces/msg/rosidl_typesupport_introspection_c__visibility_control.h
[0.556s] -- Up-to-date: /home/user/ros2_teaching/install/interfaces/include/interfaces/interfaces/srv
[0.556s] -- Up-to-date: /home/user/ros2_teaching/install/interfaces/include/interfaces/interfaces/srv/detail
[0.556s] -- Up-to-date: /home/user/ros2_teaching/install/interfaces/include/interfaces/interfaces/srv/detail/distance__rosidl_typesupport_introspection_c.h
[0.556s] -- Up-to-date: /home/user/ros2_teaching/install/interfaces/include/interfaces/interfaces/srv/detail/distance__type_support.c
[0.557s] -- Up-to-date: /home/user/ros2_teaching/install/interfaces/lib/libinterfaces__rosidl_typesupport_introspection_c.so
[0.557s] -- Up-to-date: /home/user/ros2_teaching/install/interfaces/lib/libinterfaces__rosidl_typesupport_c.so
[0.558s] -- Up-to-date: /home/user/ros2_teaching/install/interfaces/include/interfaces/interfaces
[0.558s] -- Up-to-date: /home/user/ros2_teaching/install/interfaces/include/interfaces/interfaces/srv
[0.558s] -- Up-to-date: /home/user/ros2_teaching/install/interfaces/include/interfaces/interfaces/srv/detail
[0.558s] -- Up-to-date: /home/user/ros2_teaching/install/interfaces/include/interfaces/interfaces/srv/detail/distance__type_support.cpp
[0.558s] -- Up-to-date: /home/user/ros2_teaching/install/interfaces/include/interfaces/interfaces/srv/detail/distance__rosidl_typesupport_introspection_cpp.hpp
[0.559s] -- Up-to-date: /home/user/ros2_teaching/install/interfaces/lib/libinterfaces__rosidl_typesupport_introspection_cpp.so
[0.560s] -- Up-to-date: /home/user/ros2_teaching/install/interfaces/lib/libinterfaces__rosidl_typesupport_cpp.so
[0.560s] -- Up-to-date: /home/user/ros2_teaching/install/interfaces/share/interfaces/environment/pythonpath.sh
[0.560s] -- Up-to-date: /home/user/ros2_teaching/install/interfaces/share/interfaces/environment/pythonpath.dsv
[0.560s] -- Up-to-date: /home/user/ros2_teaching/install/interfaces/local/lib/python3.10/dist-packages/interfaces-0.0.0-py3.10.egg-info
[0.560s] -- Installing: /home/user/ros2_teaching/install/interfaces/local/lib/python3.10/dist-packages/interfaces-0.0.0-py3.10.egg-info/SOURCES.txt
[0.561s] -- Installing: /home/user/ros2_teaching/install/interfaces/local/lib/python3.10/dist-packages/interfaces-0.0.0-py3.10.egg-info/dependency_links.txt
[0.561s] -- Installing: /home/user/ros2_teaching/install/interfaces/local/lib/python3.10/dist-packages/interfaces-0.0.0-py3.10.egg-info/PKG-INFO
[0.561s] -- Installing: /home/user/ros2_teaching/install/interfaces/local/lib/python3.10/dist-packages/interfaces-0.0.0-py3.10.egg-info/top_level.txt
[0.561s] -- Up-to-date: /home/user/ros2_teaching/install/interfaces/local/lib/python3.10/dist-packages/interfaces
[0.561s] -- Up-to-date: /home/user/ros2_teaching/install/interfaces/local/lib/python3.10/dist-packages/interfaces/libinterfaces__rosidl_generator_py.so
[0.562s] -- Up-to-date: /home/user/ros2_teaching/install/interfaces/local/lib/python3.10/dist-packages/interfaces/interfaces_s__rosidl_typesupport_introspection_c.cpython-310-x86_64-linux-gnu.so
[0.562s] -- Up-to-date: /home/user/ros2_teaching/install/interfaces/local/lib/python3.10/dist-packages/interfaces/__init__.py
[0.562s] -- Up-to-date: /home/user/ros2_teaching/install/interfaces/local/lib/python3.10/dist-packages/interfaces/_interfaces_s.ep.rosidl_typesupport_c.c
[0.562s] -- Up-to-date: /home/user/ros2_teaching/install/interfaces/local/lib/python3.10/dist-packages/interfaces/_interfaces_s.ep.rosidl_typesupport_introspection_c.c
[0.562s] -- Up-to-date: /home/user/ros2_teaching/install/interfaces/local/lib/python3.10/dist-packages/interfaces/interfaces_s__rosidl_typesupport_fastrtps_c.cpython-310-x86_64-linux-gnu.so
[0.562s] -- Up-to-date: /home/user/ros2_teaching/install/interfaces/local/lib/python3.10/dist-packages/interfaces/_interfaces_s.ep.rosidl_typesupport_fastrtps_c.c
[0.562s] -- Up-to-date: /home/user/ros2_teaching/install/interfaces/local/lib/python3.10/dist-packages/interfaces/srv
[0.562s] -- Up-to-date: /home/user/ros2_teaching/install/interfaces/local/lib/python3.10/dist-packages/interfaces/srv/__init__.py
[0.562s] -- Up-to-date: /home/user/ros2_teaching/install/interfaces/local/lib/python3.10/dist-packages/interfaces/srv/_distance.py
[0.562s] -- Up-to-date: /home/user/ros2_teaching/install/interfaces/local/lib/python3.10/dist-packages/interfaces/srv/_distance_s.c
[0.562s] -- Up-to-date: /home/user/ros2_teaching/install/interfaces/local/lib/python3.10/dist-packages/interfaces/interfaces_s__rosidl_typesupport_c.cpython-310-x86_64-linux-gnu.so
[0.614s] Listing '/home/user/ros2_teaching/install/interfaces/local/lib/python3.10/dist-packages/interfaces'...
[0.614s] Listing '/home/user/ros2_teaching/install/interfaces/local/lib/python3.10/dist-packages/interfaces/srv'...
[0.627s] -- Up-to-date: /home/user/ros2_teaching/install/interfaces/local/lib/python3.10/dist-packages/interfaces/interfaces_s__rosidl_typesupport_fastrtps_c.cpython-310-x86_64-linux-gnu.so
[0.627s] -- Up-to-date: /home/user/ros2_teaching/install/interfaces/local/lib/python3.10/dist-packages/interfaces/interfaces_s__rosidl_typesupport_introspection_c.cpython-310-x86_64-linux-gnu.so
[0.628s] -- Up-to-date: /home/user/ros2_teaching/install/interfaces/local/lib/python3.10/dist-packages/interfaces/interfaces_s__rosidl_typesupport_c.cpython-310-x86_64-linux-gnu.so
[0.628s] -- Up-to-date: /home/user/ros2_teaching/install/interfaces/lib/libinterfaces__rosidl_generator_py.so
[0.628s] -- Up-to-date: /home/user/ros2_teaching/install/interfaces/share/interfaces/srv/Distance.idl
[0.629s] -- Up-to-date: /home/user/ros2_teaching/install/interfaces/share/interfaces/srv/Distance.srv
[0.629s] -- Up-to-date: /home/user/ros2_teaching/install/interfaces/share/interfaces/srv/Distance_Request.msg
[0.629s] -- Up-to-date: /home/user/ros2_teaching/install/interfaces/share/interfaces/srv/Distance_Response.msg
[0.629s] -- Up-to-date: /home/user/ros2_teaching/install/interfaces/share/ament_index/resource_index/package_run_dependencies/interfaces
[0.629s] -- Up-to-date: /home/user/ros2_teaching/install/interfaces/share/ament_index/resource_index/parent_prefix_path/interfaces
[0.629s] -- Up-to-date: /home/user/ros2_teaching/install/interfaces/share/interfaces/environment/ament_prefix_path.sh
[0.629s] -- Up-to-date: /home/user/ros2_teaching/install/interfaces/share/interfaces/environment/ament_prefix_path.dsv
[0.629s] -- Up-to-date: /home/user/ros2_teaching/install/interfaces/share/interfaces/environment/path.sh
[0.629s] -- Up-to-date: /home/user/ros2_teaching/install/interfaces/share/interfaces/environment/path.dsv
[0.629s] -- Up-to-date: /home/user/ros2_teaching/install/interfaces/share/interfaces/local_setup.bash
[0.629s] -- Up-to-date: /home/user/ros2_teaching/install/interfaces/share/interfaces/local_setup.sh
[0.630s] -- Up-to-date: /home/user/ros2_teaching/install/interfaces/share/interfaces/local_setup.zsh
[0.630s] -- Up-to-date: /home/user/ros2_teaching/install/interfaces/share/interfaces/local_setup.dsv
[0.630s] -- Installing: /home/user/ros2_teaching/install/interfaces/share/interfaces/package.dsv
[0.630s] -- Up-to-date: /home/user/ros2_teaching/install/interfaces/share/ament_index/resource_index/packages/interfaces
[0.630s] -- Up-to-date: /home/user/ros2_teaching/install/interfaces/share/interfaces/cmake/export_interfaces__rosidl_generator_cExport.cmake
[0.630s] -- Up-to-date: /home/user/ros2_teaching/install/interfaces/share/interfaces/cmake/export_interfaces__rosidl_generator_cExport-noconfig.cmake
[0.630s] -- Up-to-date: /home/user/ros2_teaching/install/interfaces/share/interfaces/cmake/export_interfaces__rosidl_typesupport_fastrtps_cExport.cmake
[0.630s] -- Up-to-date: /home/user/ros2_teaching/install/interfaces/share/interfaces/cmake/export_interfaces__rosidl_typesupport_fastrtps_cExport-noconfig.cmake
[0.630s] -- Up-to-date: /home/user/ros2_teaching/install/interfaces/share/interfaces/cmake/export_interfaces__rosidl_generator_cppExport.cmake
[0.631s] -- Up-to-date: /home/user/ros2_teaching/install/interfaces/share/interfaces/cmake/export_interfaces__rosidl_typesupport_fastrtps_cppExport.cmake
[0.631s] -- Up-to-date: /home/user/ros2_teaching/install/interfaces/share/interfaces/cmake/export_interfaces__rosidl_typesupport_fastrtps_cppExport-noconfig.cmake
[0.631s] -- Up-to-date: /home/user/ros2_teaching/install/interfaces/share/interfaces/cmake/interfaces__rosidl_typesupport_introspection_cExport.cmake
[0.631s] -- Up-to-date: /home/user/ros2_teaching/install/interfaces/share/interfaces/cmake/interfaces__rosidl_typesupport_introspection_cExport-noconfig.cmake
[0.631s] -- Up-to-date: /home/user/ros2_teaching/install/interfaces/share/interfaces/cmake/interfaces__rosidl_typesupport_cExport.cmake
[0.631s] -- Up-to-date: /home/user/ros2_teaching/install/interfaces/share/interfaces/cmake/interfaces__rosidl_typesupport_cExport-noconfig.cmake
[0.631s] -- Up-to-date: /home/user/ros2_teaching/install/interfaces/share/interfaces/cmake/interfaces__rosidl_typesupport_introspection_cppExport.cmake
[0.632s] -- Up-to-date: /home/user/ros2_teaching/install/interfaces/share/interfaces/cmake/interfaces__rosidl_typesupport_introspection_cppExport-noconfig.cmake
[0.632s] -- Up-to-date: /home/user/ros2_teaching/install/interfaces/share/interfaces/cmake/interfaces__rosidl_typesupport_cppExport.cmake
[0.632s] -- Up-to-date: /home/user/ros2_teaching/install/interfaces/share/interfaces/cmake/interfaces__rosidl_typesupport_cppExport-noconfig.cmake
[0.632s] -- Up-to-date: /home/user/ros2_teaching/install/interfaces/share/interfaces/cmake/export_interfaces__rosidl_generator_pyExport.cmake
[0.632s] -- Up-to-date: /home/user/ros2_teaching/install/interfaces/share/interfaces/cmake/export_interfaces__rosidl_generator_pyExport-noconfig.cmake
[0.632s] -- Up-to-date: /home/user/ros2_teaching/install/interfaces/share/interfaces/cmake/rosidl_cmake-extras.cmake
[0.632s] -- Up-to-date: /home/user/ros2_teaching/install/interfaces/share/interfaces/cmake/ament_cmake_export_dependencies-extras.cmake
[0.633s] -- Up-to-date: /home/user/ros2_teaching/install/interfaces/share/interfaces/cmake/ament_cmake_export_include_directories-extras.cmake
[0.633s] -- Up-to-date: /home/user/ros2_teaching/install/interfaces/share/interfaces/cmake/ament_cmake_export_libraries-extras.cmake
[0.633s] -- Up-to-date: /home/user/ros2_teaching/install/interfaces/share/interfaces/cmake/ament_cmake_export_targets-extras.cmake
[0.633s] -- Up-to-date: /home/user/ros2_teaching/install/interfaces/share/interfaces/cmake/rosidl_cmake_export_typesupport_targets-extras.cmake
[0.633s] -- Up-to-date: /home/user/ros2_teaching/install/interfaces/share/interfaces/cmake/rosidl_cmake_export_typesupport_libraries-extras.cmake
[0.633s] -- Up-to-date: /home/user/ros2_teaching/install/interfaces/share/interfaces/cmake/interfacesConfig.cmake
[0.633s] -- Up-to-date: /home/user/ros2_teaching/install/interfaces/share/interfaces/cmake/interfacesConfig-version.cmake
[0.633s] -- Up-to-date: /home/user/ros2_teaching/install/interfaces/share/interfaces/package.xml
[0.636s] Invoked command in '/home/user/ros2_teaching/build/interfaces' returned '0': CMAKE_PREFIX_PATH=${CMAKE_PREFIX_PATH}:/opt/ros/humble /usr/bin/cmake --install /home/user/ros2_teaching/build/interfaces
