[ 25%] Built target Server
[ 50%] Built target Subscriber
[ 75%] Built target Publisher
[100%] Built target Client
-- Install configuration: ""
-- Up-to-date: /home/user/ros2_teaching/install/homework/lib/homework/Publisher
-- Up-to-date: /home/user/ros2_teaching/install/homework/lib/homework/Subscriber
-- Up-to-date: /home/user/ros2_teaching/install/homework/lib/homework/Server
-- Up-to-date: /home/user/ros2_teaching/install/homework/lib/homework/Client
-- Up-to-date: /home/user/ros2_teaching/install/homework/share/homework/launch
-- Installing: /home/user/ros2_teaching/install/homework/share/homework/launch/launch_hw.launch
-- Up-to-date: /home/user/ros2_teaching/install/homework/share/ament_index/resource_index/package_run_dependencies/homework
-- Up-to-date: /home/user/ros2_teaching/install/homework/share/ament_index/resource_index/parent_prefix_path/homework
-- Up-to-date: /home/user/ros2_teaching/install/homework/share/homework/environment/ament_prefix_path.sh
-- Up-to-date: /home/user/ros2_teaching/install/homework/share/homework/environment/ament_prefix_path.dsv
-- Up-to-date: /home/user/ros2_teaching/install/homework/share/homework/environment/path.sh
-- Up-to-date: /home/user/ros2_teaching/install/homework/share/homework/environment/path.dsv
-- Up-to-date: /home/user/ros2_teaching/install/homework/share/homework/local_setup.bash
-- Up-to-date: /home/user/ros2_teaching/install/homework/share/homework/local_setup.sh
-- Up-to-date: /home/user/ros2_teaching/install/homework/share/homework/local_setup.zsh
-- Up-to-date: /home/user/ros2_teaching/install/homework/share/homework/local_setup.dsv
-- Installing: /home/user/ros2_teaching/install/homework/share/homework/package.dsv
-- Up-to-date: /home/user/ros2_teaching/install/homework/share/ament_index/resource_index/packages/homework
-- Up-to-date: /home/user/ros2_teaching/install/homework/share/homework/cmake/homeworkConfig.cmake
-- Up-to-date: /home/user/ros2_teaching/install/homework/share/homework/cmake/homeworkConfig-version.cmake
-- Up-to-date: /home/user/ros2_teaching/install/homework/share/homework/package.xml
