-- Found ament_cmake: 1.3.11 (/opt/ros/humble/share/ament_cmake/cmake)
-- Found std_msgs: 4.9.0 (/opt/ros/humble/share/std_msgs/cmake)
-- Found rosidl_generator_c: 3.1.6 (/opt/ros/humble/share/rosidl_generator_c/cmake)
-- Found rosidl_adapter: 3.1.6 (/opt/ros/humble/share/rosidl_adapter/cmake)
-- Found rosidl_generator_cpp: 3.1.6 (/opt/ros/humble/share/rosidl_generator_cpp/cmake)
-- Using all available rosidl_typesupport_c: rosidl_typesupport_fastrtps_c;rosidl_typesupport_introspection_c
-- Using all available rosidl_typesupport_cpp: rosidl_typesupport_fastrtps_cpp;rosidl_typesupport_introspection_cpp
-- Found geometry_msgs: 4.9.0 (/opt/ros/humble/share/geometry_msgs/cmake)
-- Found rclcpp: 16.0.12 (/opt/ros/humble/share/rclcpp/cmake)
-- Found rmw_implementation_cmake: 6.1.2 (/opt/ros/humble/share/rmw_implementation_cmake/cmake)
-- Found rmw_fastrtps_cpp: 6.2.7 (/opt/ros/humble/share/rmw_fastrtps_cpp/cmake)
-- Using RMW implementation 'rmw_fastrtps_cpp' as default
-- Found interfaces: 0.0.0 (/home/user/ros2_teaching/install/interfaces/share/interfaces/cmake)
-- Found ament_lint_auto: 0.12.12 (/opt/ros/humble/share/ament_lint_auto/cmake)
-- Added test 'cppcheck' to perform static code analysis on C / C++ code
-- Configured cppcheck include dirs: /home/user/ros2_teaching/src/homework/include
-- Configured cppcheck exclude dirs and/or files: 
-- Added test 'lint_cmake' to check CMake code style
-- Added test 'uncrustify' to check C / C++ code style
-- Configured uncrustify additional arguments: 
-- Added test 'xmllint' to check XML markup files
-- Configuring done
-- Generating done
-- Build files have been written to: /home/user/ros2_teaching/build/homework
[35m[1mConsolidate compiler generated dependencies of target Subscriber[0m
[35m[1mConsolidate compiler generated dependencies of target Publisher[0m
[ 12%] [32mBuilding CXX object CMakeFiles/Service.dir/src/service.cpp.o[0m
[ 25%] [32mBuilding CXX object CMakeFiles/Client.dir/src/client.cpp.o[0m
[ 37%] [32mBuilding CXX object CMakeFiles/Publisher.dir/src/publisher.cpp.o[0m
[ 50%] [32mBuilding CXX object CMakeFiles/Subscriber.dir/src/subscription.cpp.o[0m
[ 62%] [32m[1mLinking CXX executable Publisher[0m
[ 62%] Built target Publisher
[ 75%] [32m[1mLinking CXX executable Subscriber[0m
[ 75%] Built target Subscriber
