[0.011s] Invoking command in '/home/user/ros2_teaching/build/homework': CMAKE_PREFIX_PATH=${CMAKE_PREFIX_PATH}:/opt/ros/humble /usr/bin/cmake --build /home/user/ros2_teaching/build/homework -- -j8 -l8
[0.040s] -- Found ament_cmake: 1.3.11 (/opt/ros/humble/share/ament_cmake/cmake)
[0.142s] -- Found std_msgs: 4.9.0 (/opt/ros/humble/share/std_msgs/cmake)
[0.159s] -- Found rosidl_generator_c: 3.1.6 (/opt/ros/humble/share/rosidl_generator_c/cmake)
[0.160s] -- Found rosidl_adapter: 3.1.6 (/opt/ros/humble/share/rosidl_adapter/cmake)
[0.165s] -- Found rosidl_generator_cpp: 3.1.6 (/opt/ros/humble/share/rosidl_generator_cpp/cmake)
[0.173s] -- Using all available rosidl_typesupport_c: rosidl_typesupport_fastrtps_c;rosidl_typesupport_introspection_c
[0.182s] -- Using all available rosidl_typesupport_cpp: rosidl_typesupport_fastrtps_cpp;rosidl_typesupport_introspection_cpp
[0.197s] -- Found geometry_msgs: 4.9.0 (/opt/ros/humble/share/geometry_msgs/cmake)
[0.206s] -- Found rclcpp: 16.0.12 (/opt/ros/humble/share/rclcpp/cmake)
[0.228s] -- Found rmw_implementation_cmake: 6.1.2 (/opt/ros/humble/share/rmw_implementation_cmake/cmake)
[0.229s] -- Found rmw_fastrtps_cpp: 6.2.7 (/opt/ros/humble/share/rmw_fastrtps_cpp/cmake)
[0.325s] -- Using RMW implementation 'rmw_fastrtps_cpp' as default
[0.353s] -- Found interfaces: 0.0.0 (/home/user/ros2_teaching/install/interfaces/share/interfaces/cmake)
[0.367s] -- Found ament_lint_auto: 0.12.12 (/opt/ros/humble/share/ament_lint_auto/cmake)
[0.430s] -- Added test 'cppcheck' to perform static code analysis on C / C++ code
[0.430s] -- Configured cppcheck include dirs: /home/user/ros2_teaching/src/homework/include
[0.430s] -- Configured cppcheck exclude dirs and/or files: 
[0.431s] -- Added test 'lint_cmake' to check CMake code style
[0.431s] -- Added test 'uncrustify' to check C / C++ code style
[0.431s] -- Configured uncrustify additional arguments: 
[0.432s] -- Added test 'xmllint' to check XML markup files
[0.432s] -- Configuring done
[0.450s] -- Generating done
[0.456s] -- Build files have been written to: /home/user/ros2_teaching/build/homework
[0.481s] [35m[1mConsolidate compiler generated dependencies of target Subscriber[0m
[0.481s] [35m[1mConsolidate compiler generated dependencies of target Publisher[0m
[0.491s] [ 12%] [32mBuilding CXX object CMakeFiles/Service.dir/src/service.cpp.o[0m
[0.491s] [ 25%] [32mBuilding CXX object CMakeFiles/Client.dir/src/client.cpp.o[0m
[0.501s] [ 37%] [32mBuilding CXX object CMakeFiles/Publisher.dir/src/publisher.cpp.o[0m
[0.504s] [ 50%] [32mBuilding CXX object CMakeFiles/Subscriber.dir/src/subscription.cpp.o[0m
[0.504s] [01m[K/home/user/ros2_teaching/src/homework/src/client.cpp:1:10:[m[K [01;31m[Kfatal error: [m[Khomework/server_hw.h: No such file or directory
[0.504s]     1 | #include [01;31m[K"homework/server_hw.h"[m[K
[0.505s]       |          [01;31m[K^~~~~~~~~~~~~~~~~~~~~~[m[K
[0.505s] [01m[K/home/user/ros2_teaching/src/homework/src/service.cpp:1:10:[m[K [01;31m[Kfatal error: [m[Khomework/server_hw.h: No such file or directory
[0.505s]     1 | #include [01;31m[K"homework/server_hw.h"[m[K
[0.505s]       |          [01;31m[K^~~~~~~~~~~~~~~~~~~~~~[m[K
[0.505s] compilation terminated.
[0.505s] compilation terminated.
[0.505s] gmake[2]: *** [CMakeFiles/Client.dir/build.make:76: CMakeFiles/Client.dir/src/client.cpp.o] Error 1
[0.505s] gmake[2]: *** [CMakeFiles/Service.dir/build.make:76: CMakeFiles/Service.dir/src/service.cpp.o] Error 1
[0.505s] gmake[1]: *** [CMakeFiles/Makefile2:221: CMakeFiles/Client.dir/all] Error 2
[0.505s] gmake[1]: *** Waiting for unfinished jobs....
[0.505s] gmake[1]: *** [CMakeFiles/Makefile2:195: CMakeFiles/Service.dir/all] Error 2
[4.462s] [ 62%] [32m[1mLinking CXX executable Publisher[0m
[4.715s] [ 62%] Built target Publisher
[7.673s] [ 75%] [32m[1mLinking CXX executable Subscriber[0m
[8.010s] [ 75%] Built target Subscriber
[8.011s] gmake: *** [Makefile:146: all] Error 2
[8.014s] Invoked command in '/home/user/ros2_teaching/build/homework' returned '2': CMAKE_PREFIX_PATH=${CMAKE_PREFIX_PATH}:/opt/ros/humble /usr/bin/cmake --build /home/user/ros2_teaching/build/homework -- -j8 -l8
