[35m[1mConsolidate compiler generated dependencies of target Subscriber[0m
[35m[1mConsolidate compiler generated dependencies of target Publisher[0m
[ 25%] [32mBuilding CXX object CMakeFiles/Subscriber.dir/src/subscription.cpp.o[0m
[ 50%] [32mBuilding CXX object CMakeFiles/Publisher.dir/src/publisher.cpp.o[0m
[ 75%] [32m[1mLinking CXX executable Publisher[0m
[ 75%] Built target Publisher
[100%] [32m[1mLinking CXX executable Subscriber[0m
[100%] Built target Subscriber
-- Install configuration: ""
-- Installing: /home/user/ros2_teaching/install/homework/lib/homework/Publisher
-- Set runtime path of "/home/user/ros2_teaching/install/homework/lib/homework/Publisher" to ""
-- Installing: /home/user/ros2_teaching/install/homework/lib/homework/Subscriber
-- Set runtime path of "/home/user/ros2_teaching/install/homework/lib/homework/Subscriber" to ""
-- Installing: /home/user/ros2_teaching/install/homework/share/ament_index/resource_index/package_run_dependencies/homework
-- Installing: /home/user/ros2_teaching/install/homework/share/ament_index/resource_index/parent_prefix_path/homework
-- Installing: /home/user/ros2_teaching/install/homework/share/homework/environment/ament_prefix_path.sh
-- Installing: /home/user/ros2_teaching/install/homework/share/homework/environment/ament_prefix_path.dsv
-- Installing: /home/user/ros2_teaching/install/homework/share/homework/environment/path.sh
-- Installing: /home/user/ros2_teaching/install/homework/share/homework/environment/path.dsv
-- Installing: /home/user/ros2_teaching/install/homework/share/homework/local_setup.bash
-- Installing: /home/user/ros2_teaching/install/homework/share/homework/local_setup.sh
-- Installing: /home/user/ros2_teaching/install/homework/share/homework/local_setup.zsh
-- Installing: /home/user/ros2_teaching/install/homework/share/homework/local_setup.dsv
-- Installing: /home/user/ros2_teaching/install/homework/share/homework/package.dsv
-- Installing: /home/user/ros2_teaching/install/homework/share/ament_index/resource_index/packages/homework
-- Installing: /home/user/ros2_teaching/install/homework/share/homework/cmake/homeworkConfig.cmake
-- Installing: /home/user/ros2_teaching/install/homework/share/homework/cmake/homeworkConfig-version.cmake
-- Installing: /home/user/ros2_teaching/install/homework/share/homework/package.xml
