[0.011s] Invoking command in '/home/user/ros2_teaching/build/homework': CMAKE_PREFIX_PATH=/opt/ros/humble /usr/bin/cmake --build /home/user/ros2_teaching/build/homework -- -j8 -l8
[0.055s] [35m[1mConsolidate compiler generated dependencies of target Subscriber[0m
[0.055s] [35m[1mConsolidate compiler generated dependencies of target Publisher[0m
[0.071s] [ 25%] [32mBuilding CXX object CMakeFiles/Subscriber.dir/src/subscription.cpp.o[0m
[0.071s] [ 50%] [32mBuilding CXX object CMakeFiles/Publisher.dir/src/publisher.cpp.o[0m
[4.097s] [ 75%] [32m[1mLinking CXX executable Publisher[0m
[4.276s] [ 75%] Built target Publisher
[7.191s] [100%] [32m[1mLinking CXX executable Subscriber[0m
[7.526s] [100%] Built target Subscriber
[7.536s] Invoked command in '/home/user/ros2_teaching/build/homework' returned '0': CMAKE_PREFIX_PATH=/opt/ros/humble /usr/bin/cmake --build /home/user/ros2_teaching/build/homework -- -j8 -l8
[7.549s] Invoking command in '/home/user/ros2_teaching/build/homework': CMAKE_PREFIX_PATH=/opt/ros/humble /usr/bin/cmake --install /home/user/ros2_teaching/build/homework
[7.555s] -- Install configuration: ""
[7.555s] -- Installing: /home/user/ros2_teaching/install/homework/lib/homework/Publisher
[7.556s] -- Set runtime path of "/home/user/ros2_teaching/install/homework/lib/homework/Publisher" to ""
[7.556s] -- Installing: /home/user/ros2_teaching/install/homework/lib/homework/Subscriber
[7.557s] -- Set runtime path of "/home/user/ros2_teaching/install/homework/lib/homework/Subscriber" to ""
[7.558s] -- Installing: /home/user/ros2_teaching/install/homework/share/ament_index/resource_index/package_run_dependencies/homework
[7.558s] -- Installing: /home/user/ros2_teaching/install/homework/share/ament_index/resource_index/parent_prefix_path/homework
[7.558s] -- Installing: /home/user/ros2_teaching/install/homework/share/homework/environment/ament_prefix_path.sh
[7.558s] -- Installing: /home/user/ros2_teaching/install/homework/share/homework/environment/ament_prefix_path.dsv
[7.558s] -- Installing: /home/user/ros2_teaching/install/homework/share/homework/environment/path.sh
[7.558s] -- Installing: /home/user/ros2_teaching/install/homework/share/homework/environment/path.dsv
[7.558s] -- Installing: /home/user/ros2_teaching/install/homework/share/homework/local_setup.bash
[7.558s] -- Installing: /home/user/ros2_teaching/install/homework/share/homework/local_setup.sh
[7.558s] -- Installing: /home/user/ros2_teaching/install/homework/share/homework/local_setup.zsh
[7.558s] -- Installing: /home/user/ros2_teaching/install/homework/share/homework/local_setup.dsv
[7.558s] -- Installing: /home/user/ros2_teaching/install/homework/share/homework/package.dsv
[7.559s] -- Installing: /home/user/ros2_teaching/install/homework/share/ament_index/resource_index/packages/homework
[7.559s] -- Installing: /home/user/ros2_teaching/install/homework/share/homework/cmake/homeworkConfig.cmake
[7.559s] -- Installing: /home/user/ros2_teaching/install/homework/share/homework/cmake/homeworkConfig-version.cmake
[7.559s] -- Installing: /home/user/ros2_teaching/install/homework/share/homework/package.xml
[7.560s] Invoked command in '/home/user/ros2_teaching/build/homework' returned '0': CMAKE_PREFIX_PATH=/opt/ros/humble /usr/bin/cmake --install /home/user/ros2_teaching/build/homework
