[ 25%] Built target Publisher
[ 37%] [32mBuilding CXX object CMakeFiles/Client.dir/src/client.cpp.o[0m
[ 75%] Built target Server
[ 87%] Built target Subscriber
[100%] [32m[1mLinking CXX executable Client[0m
[100%] Built target Client
-- Install configuration: ""
-- Up-to-date: /home/user/ros2_teaching/install/homework/lib/homework/Publisher
-- Up-to-date: /home/user/ros2_teaching/install/homework/lib/homework/Subscriber
-- Up-to-date: /home/user/ros2_teaching/install/homework/lib/homework/Server
-- Installing: /home/user/ros2_teaching/install/homework/lib/homework/Client
-- Set runtime path of "/home/user/ros2_teaching/install/homework/lib/homework/Client" to ""
-- Up-to-date: /home/user/ros2_teaching/install/homework/share/ament_index/resource_index/package_run_dependencies/homework
-- Up-to-date: /home/user/ros2_teaching/install/homework/share/ament_index/resource_index/parent_prefix_path/homework
-- Up-to-date: /home/user/ros2_teaching/install/homework/share/homework/environment/ament_prefix_path.sh
-- Up-to-date: /home/user/ros2_teaching/install/homework/share/homework/environment/ament_prefix_path.dsv
-- Up-to-date: /home/user/ros2_teaching/install/homework/share/homework/environment/path.sh
-- Up-to-date: /home/user/ros2_teaching/install/homework/share/homework/environment/path.dsv
-- Up-to-date: /home/user/ros2_teaching/install/homework/share/homework/local_setup.bash
-- Up-to-date: /home/user/ros2_teaching/install/homework/share/homework/local_setup.sh
-- Up-to-date: /home/user/ros2_teaching/install/homework/share/homework/local_setup.zsh
-- Up-to-date: /home/user/ros2_teaching/install/homework/share/homework/local_setup.dsv
-- Installing: /home/user/ros2_teaching/install/homework/share/homework/package.dsv
-- Up-to-date: /home/user/ros2_teaching/install/homework/share/ament_index/resource_index/packages/homework
-- Up-to-date: /home/user/ros2_teaching/install/homework/share/homework/cmake/homeworkConfig.cmake
-- Up-to-date: /home/user/ros2_teaching/install/homework/share/homework/cmake/homeworkConfig-version.cmake
-- Up-to-date: /home/user/ros2_teaching/install/homework/share/homework/package.xml
