[0.008s] Invoking command in '/home/user/ros2_teaching/build/homework': CMAKE_PREFIX_PATH=/home/user/ros2_teaching/install/interfaces:/home/user/ros2_teaching/install/homework:/opt/ros/humble /usr/bin/cmake --build /home/user/ros2_teaching/build/homework -- -j8 -l8
[0.064s] [ 25%] Built target Publisher
[0.065s] [ 37%] [32mBuilding CXX object CMakeFiles/Client.dir/src/client.cpp.o[0m
[0.065s] [ 75%] Built target Server
[0.065s] [ 87%] Built target Subscriber
[3.059s] [100%] [32m[1mLinking CXX executable Client[0m
[3.200s] [100%] Built target Client
[3.210s] Invoked command in '/home/user/ros2_teaching/build/homework' returned '0': CMAKE_PREFIX_PATH=/home/user/ros2_teaching/install/interfaces:/home/user/ros2_teaching/install/homework:/opt/ros/humble /usr/bin/cmake --build /home/user/ros2_teaching/build/homework -- -j8 -l8
[3.212s] Invoking command in '/home/user/ros2_teaching/build/homework': CMAKE_PREFIX_PATH=/home/user/ros2_teaching/install/interfaces:/home/user/ros2_teaching/install/homework:/opt/ros/humble /usr/bin/cmake --install /home/user/ros2_teaching/build/homework
[3.218s] -- Install configuration: ""
[3.218s] -- Up-to-date: /home/user/ros2_teaching/install/homework/lib/homework/Publisher
[3.218s] -- Up-to-date: /home/user/ros2_teaching/install/homework/lib/homework/Subscriber
[3.218s] -- Up-to-date: /home/user/ros2_teaching/install/homework/lib/homework/Server
[3.218s] -- Installing: /home/user/ros2_teaching/install/homework/lib/homework/Client
[3.219s] -- Set runtime path of "/home/user/ros2_teaching/install/homework/lib/homework/Client" to ""
[3.219s] -- Up-to-date: /home/user/ros2_teaching/install/homework/share/ament_index/resource_index/package_run_dependencies/homework
[3.219s] -- Up-to-date: /home/user/ros2_teaching/install/homework/share/ament_index/resource_index/parent_prefix_path/homework
[3.219s] -- Up-to-date: /home/user/ros2_teaching/install/homework/share/homework/environment/ament_prefix_path.sh
[3.219s] -- Up-to-date: /home/user/ros2_teaching/install/homework/share/homework/environment/ament_prefix_path.dsv
[3.220s] -- Up-to-date: /home/user/ros2_teaching/install/homework/share/homework/environment/path.sh
[3.220s] -- Up-to-date: /home/user/ros2_teaching/install/homework/share/homework/environment/path.dsv
[3.220s] -- Up-to-date: /home/user/ros2_teaching/install/homework/share/homework/local_setup.bash
[3.220s] -- Up-to-date: /home/user/ros2_teaching/install/homework/share/homework/local_setup.sh
[3.220s] -- Up-to-date: /home/user/ros2_teaching/install/homework/share/homework/local_setup.zsh
[3.220s] -- Up-to-date: /home/user/ros2_teaching/install/homework/share/homework/local_setup.dsv
[3.220s] -- Installing: /home/user/ros2_teaching/install/homework/share/homework/package.dsv
[3.220s] -- Up-to-date: /home/user/ros2_teaching/install/homework/share/ament_index/resource_index/packages/homework
[3.220s] -- Up-to-date: /home/user/ros2_teaching/install/homework/share/homework/cmake/homeworkConfig.cmake
[3.220s] -- Up-to-date: /home/user/ros2_teaching/install/homework/share/homework/cmake/homeworkConfig-version.cmake
[3.220s] -- Up-to-date: /home/user/ros2_teaching/install/homework/share/homework/package.xml
[3.222s] Invoked command in '/home/user/ros2_teaching/build/homework' returned '0': CMAKE_PREFIX_PATH=/home/user/ros2_teaching/install/interfaces:/home/user/ros2_teaching/install/homework:/opt/ros/humble /usr/bin/cmake --install /home/user/ros2_teaching/build/homework
