[0.013s] Invoking command in '/home/user/ros2_teaching/build/homework': CMAKE_PREFIX_PATH=/home/user/ros2_teaching/install/interfaces:/home/user/ros2_teaching/install/homework:/opt/ros/humble /usr/bin/cmake --build /home/user/ros2_teaching/build/homework -- -j8 -l8
[0.081s] [ 50%] Built target Publisher
[0.081s] [ 50%] Built target Subscriber
[0.081s] [ 75%] Built target Client
[0.082s] [100%] Built target Server
[0.097s] Invoked command in '/home/user/ros2_teaching/build/homework' returned '0': CMAKE_PREFIX_PATH=/home/user/ros2_teaching/install/interfaces:/home/user/ros2_teaching/install/homework:/opt/ros/humble /usr/bin/cmake --build /home/user/ros2_teaching/build/homework -- -j8 -l8
[0.099s] Invoking command in '/home/user/ros2_teaching/build/homework': CMAKE_PREFIX_PATH=/home/user/ros2_teaching/install/interfaces:/home/user/ros2_teaching/install/homework:/opt/ros/humble /usr/bin/cmake --install /home/user/ros2_teaching/build/homework
[0.110s] -- Install configuration: ""
[0.110s] -- Up-to-date: /home/user/ros2_teaching/install/homework/lib/homework/Publisher
[0.111s] -- Up-to-date: /home/user/ros2_teaching/install/homework/lib/homework/Subscriber
[0.111s] -- Up-to-date: /home/user/ros2_teaching/install/homework/lib/homework/Server
[0.112s] -- Up-to-date: /home/user/ros2_teaching/install/homework/lib/homework/Client
[0.112s] -- Up-to-date: /home/user/ros2_teaching/install/homework/share/homework/launch
[0.112s] -- Installing: /home/user/ros2_teaching/install/homework/share/homework/launch/launch_hw.launch
[0.113s] -- Up-to-date: /home/user/ros2_teaching/install/homework/share/ament_index/resource_index/package_run_dependencies/homework
[0.113s] -- Up-to-date: /home/user/ros2_teaching/install/homework/share/ament_index/resource_index/parent_prefix_path/homework
[0.113s] -- Up-to-date: /home/user/ros2_teaching/install/homework/share/homework/environment/ament_prefix_path.sh
[0.113s] -- Up-to-date: /home/user/ros2_teaching/install/homework/share/homework/environment/ament_prefix_path.dsv
[0.113s] -- Up-to-date: /home/user/ros2_teaching/install/homework/share/homework/environment/path.sh
[0.114s] -- Up-to-date: /home/user/ros2_teaching/install/homework/share/homework/environment/path.dsv
[0.114s] -- Up-to-date: /home/user/ros2_teaching/install/homework/share/homework/local_setup.bash
[0.114s] -- Up-to-date: /home/user/ros2_teaching/install/homework/share/homework/local_setup.sh
[0.114s] -- Up-to-date: /home/user/ros2_teaching/install/homework/share/homework/local_setup.zsh
[0.114s] -- Up-to-date: /home/user/ros2_teaching/install/homework/share/homework/local_setup.dsv
[0.114s] -- Installing: /home/user/ros2_teaching/install/homework/share/homework/package.dsv
[0.114s] -- Up-to-date: /home/user/ros2_teaching/install/homework/share/ament_index/resource_index/packages/homework
[0.114s] -- Up-to-date: /home/user/ros2_teaching/install/homework/share/homework/cmake/homeworkConfig.cmake
[0.115s] -- Up-to-date: /home/user/ros2_teaching/install/homework/share/homework/cmake/homeworkConfig-version.cmake
[0.115s] -- Up-to-date: /home/user/ros2_teaching/install/homework/share/homework/package.xml
[0.120s] Invoked command in '/home/user/ros2_teaching/build/homework' returned '0': CMAKE_PREFIX_PATH=/home/user/ros2_teaching/install/interfaces:/home/user/ros2_teaching/install/homework:/opt/ros/humble /usr/bin/cmake --install /home/user/ros2_teaching/build/homework
