In file included from [01m[K/home/user/ros2_teaching/src/homework/src/client.cpp:1[m[K:
[01m[K/home/user/ros2_teaching/src/homework/include/homework/service_hw.h:57:7:[m[K [01;31m[Kerror: [m[Kredefinition of ‘[01m[Kclass client[m[K’
   57 | class [01;31m[Kclient[m[K : public rclcpp::Node{
      |       [01;31m[K^~~~~~[m[K
[01m[K/home/user/ros2_teaching/src/homework/include/homework/service_hw.h:29:7:[m[K [01;36m[Knote: [m[Kprevious definition of ‘[01m[Kclass client[m[K’
   29 | class [01;36m[Kclient[m[K : public rclcpp::Node{
      |       [01;36m[K^~~~~~[m[K
In file included from [01m[K/home/user/ros2_teaching/src/homework/src/server.cpp:1[m[K:
[01m[K/home/user/ros2_teaching/src/homework/include/homework/service_hw.h:57:7:[m[K [01;31m[Kerror: [m[Kredefinition of ‘[01m[Kclass client[m[K’
   57 | class [01;31m[Kclient[m[K : public rclcpp::Node{
      |       [01;31m[K^~~~~~[m[K
[01m[K/home/user/ros2_teaching/src/homework/include/homework/service_hw.h:29:7:[m[K [01;36m[Knote: [m[Kprevious definition of ‘[01m[Kclass client[m[K’
   29 | class [01;36m[Kclient[m[K : public rclcpp::Node{
      |       [01;36m[K^~~~~~[m[K
[01m[K/home/user/ros2_teaching/src/homework/src/server.cpp:15:5:[m[K [01;31m[Kerror: [m[Kredefinition of ‘[01m[Kint main(int, char**)[m[K’
   15 | int [01;31m[Kmain[m[K(int argc, char **argv){
      |     [01;31m[K^~~~[m[K
In file included from [01m[K/home/user/ros2_teaching/src/homework/src/server.cpp:1[m[K:
[01m[K/home/user/ros2_teaching/src/homework/include/homework/service_hw.h:98:5:[m[K [01;36m[Knote: [m[K‘[01m[Kint main(int, char**)[m[K’ previously defined here
   98 | int [01;36m[Kmain[m[K(int argc, char **argv){
      |     [01;36m[K^~~~[m[K
[01m[K/home/user/ros2_teaching/src/homework/src/client.cpp:37:5:[m[K [01;31m[Kerror: [m[Kredefinition of ‘[01m[Kint main(int, char**)[m[K’
   37 | int [01;31m[Kmain[m[K(int argc, char **argv){
      |     [01;31m[K^~~~[m[K
In file included from [01m[K/home/user/ros2_teaching/src/homework/src/client.cpp:1[m[K:
[01m[K/home/user/ros2_teaching/src/homework/include/homework/service_hw.h:98:5:[m[K [01;36m[Knote: [m[K‘[01m[Kint main(int, char**)[m[K’ previously defined here
   98 | int [01;36m[Kmain[m[K(int argc, char **argv){
      |     [01;36m[K^~~~[m[K
gmake[2]: *** [CMakeFiles/Server.dir/build.make:76: CMakeFiles/Server.dir/src/server.cpp.o] Error 1
gmake[1]: *** [CMakeFiles/Makefile2:195: CMakeFiles/Server.dir/all] Error 2
gmake[1]: *** Waiting for unfinished jobs....
gmake[2]: *** [CMakeFiles/Client.dir/build.make:76: CMakeFiles/Client.dir/src/client.cpp.o] Error 1
gmake[1]: *** [CMakeFiles/Makefile2:221: CMakeFiles/Client.dir/all] Error 2
gmake: *** [Makefile:146: all] Error 2
