[0.015s] Invoking command in '/home/user/ros2_teaching/build/homework': CMAKE_PREFIX_PATH=/home/user/ros2_teaching/install/interfaces:/home/user/ros2_teaching/install/homework:/opt/ros/humble /usr/bin/cmake --build /home/user/ros2_teaching/build/homework -- -j8 -l8
[0.086s] -- Found ament_cmake: 1.3.11 (/opt/ros/humble/share/ament_cmake/cmake)
[0.295s] -- Found std_msgs: 4.9.0 (/opt/ros/humble/share/std_msgs/cmake)
[0.359s] -- Found rosidl_generator_c: 3.1.6 (/opt/ros/humble/share/rosidl_generator_c/cmake)
[0.366s] -- Found rosidl_adapter: 3.1.6 (/opt/ros/humble/share/rosidl_adapter/cmake)
[0.383s] -- Found rosidl_generator_cpp: 3.1.6 (/opt/ros/humble/share/rosidl_generator_cpp/cmake)
[0.406s] -- Using all available rosidl_typesupport_c: rosidl_typesupport_fastrtps_c;rosidl_typesupport_introspection_c
[0.423s] -- Using all available rosidl_typesupport_cpp: rosidl_typesupport_fastrtps_cpp;rosidl_typesupport_introspection_cpp
[0.456s] -- Found geometry_msgs: 4.9.0 (/opt/ros/humble/share/geometry_msgs/cmake)
[0.470s] -- Found rclcpp: 16.0.12 (/opt/ros/humble/share/rclcpp/cmake)
[0.509s] -- Found rmw_implementation_cmake: 6.1.2 (/opt/ros/humble/share/rmw_implementation_cmake/cmake)
[0.512s] -- Found rmw_fastrtps_cpp: 6.2.7 (/opt/ros/humble/share/rmw_fastrtps_cpp/cmake)
[0.702s] -- Using RMW implementation 'rmw_fastrtps_cpp' as default
[0.753s] -- Found interfaces: 0.0.0 (/home/user/ros2_teaching/install/interfaces/share/interfaces/cmake)
[0.769s] -- Found ament_lint_auto: 0.12.12 (/opt/ros/humble/share/ament_lint_auto/cmake)
[0.867s] -- Added test 'cppcheck' to perform static code analysis on C / C++ code
[0.867s] -- Configured cppcheck include dirs: /home/user/ros2_teaching/src/homework/include
[0.867s] -- Configured cppcheck exclude dirs and/or files: 
[0.868s] -- Added test 'lint_cmake' to check CMake code style
[0.870s] -- Added test 'uncrustify' to check C / C++ code style
[0.870s] -- Configured uncrustify additional arguments: 
[0.870s] -- Added test 'xmllint' to check XML markup files
[0.872s] -- Configuring done
[0.911s] -- Generating done
[0.921s] -- Build files have been written to: /home/user/ros2_teaching/build/homework
[0.959s] [35m[1mConsolidate compiler generated dependencies of target Subscriber[0m
[0.959s] [35m[1mConsolidate compiler generated dependencies of target Publisher[0m
[0.959s] [35m[1mConsolidate compiler generated dependencies of target Client[0m
[0.959s] [35m[1mConsolidate compiler generated dependencies of target Server[0m
[0.999s] [ 25%] Built target Publisher
[0.999s] [ 62%] Built target Subscriber
[0.999s] [ 62%] [32mBuilding CXX object CMakeFiles/Server.dir/src/server.cpp.o[0m
[0.999s] [ 75%] [32mBuilding CXX object CMakeFiles/Client.dir/src/client.cpp.o[0m
[4.006s] In file included from [01m[K/home/user/ros2_teaching/src/homework/src/client.cpp:1[m[K:
[4.007s] [01m[K/home/user/ros2_teaching/src/homework/include/homework/service_hw.h:57:7:[m[K [01;31m[Kerror: [m[Kredefinition of ‘[01m[Kclass client[m[K’
[4.007s]    57 | class [01;31m[Kclient[m[K : public rclcpp::Node{
[4.007s]       |       [01;31m[K^~~~~~[m[K
[4.007s] [01m[K/home/user/ros2_teaching/src/homework/include/homework/service_hw.h:29:7:[m[K [01;36m[Knote: [m[Kprevious definition of ‘[01m[Kclass client[m[K’
[4.007s]    29 | class [01;36m[Kclient[m[K : public rclcpp::Node{
[4.007s]       |       [01;36m[K^~~~~~[m[K
[4.013s] In file included from [01m[K/home/user/ros2_teaching/src/homework/src/server.cpp:1[m[K:
[4.014s] [01m[K/home/user/ros2_teaching/src/homework/include/homework/service_hw.h:57:7:[m[K [01;31m[Kerror: [m[Kredefinition of ‘[01m[Kclass client[m[K’
[4.014s]    57 | class [01;31m[Kclient[m[K : public rclcpp::Node{
[4.014s]       |       [01;31m[K^~~~~~[m[K
[4.014s] [01m[K/home/user/ros2_teaching/src/homework/include/homework/service_hw.h:29:7:[m[K [01;36m[Knote: [m[Kprevious definition of ‘[01m[Kclass client[m[K’
[4.014s]    29 | class [01;36m[Kclient[m[K : public rclcpp::Node{
[4.014s]       |       [01;36m[K^~~~~~[m[K
[4.025s] [01m[K/home/user/ros2_teaching/src/homework/src/server.cpp:15:5:[m[K [01;31m[Kerror: [m[Kredefinition of ‘[01m[Kint main(int, char**)[m[K’
[4.025s]    15 | int [01;31m[Kmain[m[K(int argc, char **argv){
[4.025s]       |     [01;31m[K^~~~[m[K
[4.025s] In file included from [01m[K/home/user/ros2_teaching/src/homework/src/server.cpp:1[m[K:
[4.025s] [01m[K/home/user/ros2_teaching/src/homework/include/homework/service_hw.h:98:5:[m[K [01;36m[Knote: [m[K‘[01m[Kint main(int, char**)[m[K’ previously defined here
[4.026s]    98 | int [01;36m[Kmain[m[K(int argc, char **argv){
[4.026s]       |     [01;36m[K^~~~[m[K
[4.029s] [01m[K/home/user/ros2_teaching/src/homework/src/client.cpp:37:5:[m[K [01;31m[Kerror: [m[Kredefinition of ‘[01m[Kint main(int, char**)[m[K’
[4.029s]    37 | int [01;31m[Kmain[m[K(int argc, char **argv){
[4.029s]       |     [01;31m[K^~~~[m[K
[4.029s] In file included from [01m[K/home/user/ros2_teaching/src/homework/src/client.cpp:1[m[K:
[4.029s] [01m[K/home/user/ros2_teaching/src/homework/include/homework/service_hw.h:98:5:[m[K [01;36m[Knote: [m[K‘[01m[Kint main(int, char**)[m[K’ previously defined here
[4.029s]    98 | int [01;36m[Kmain[m[K(int argc, char **argv){
[4.030s]       |     [01;36m[K^~~~[m[K
[4.799s] gmake[2]: *** [CMakeFiles/Server.dir/build.make:76: CMakeFiles/Server.dir/src/server.cpp.o] Error 1
[4.799s] gmake[1]: *** [CMakeFiles/Makefile2:195: CMakeFiles/Server.dir/all] Error 2
[4.799s] gmake[1]: *** Waiting for unfinished jobs....
[4.844s] gmake[2]: *** [CMakeFiles/Client.dir/build.make:76: CMakeFiles/Client.dir/src/client.cpp.o] Error 1
[4.845s] gmake[1]: *** [CMakeFiles/Makefile2:221: CMakeFiles/Client.dir/all] Error 2
[4.847s] gmake: *** [Makefile:146: all] Error 2
[4.854s] Invoked command in '/home/user/ros2_teaching/build/homework' returned '2': CMAKE_PREFIX_PATH=/home/user/ros2_teaching/install/interfaces:/home/user/ros2_teaching/install/homework:/opt/ros/humble /usr/bin/cmake --build /home/user/ros2_teaching/build/homework -- -j8 -l8
