[0.017s] Invoking command in '/home/user/ros2_teaching/build/interfaces': CMAKE_PREFIX_PATH=${CMAKE_PREFIX_PATH}:/opt/ros/humble /usr/bin/cmake /home/user/ros2_teaching/src/interfaces -DCMAKE_INSTALL_PREFIX=/home/user/ros2_teaching/install/interfaces
[0.073s] -- The C compiler identification is GNU 11.4.0
[0.127s] -- The CXX compiler identification is GNU 11.4.0
[0.134s] -- Detecting C compiler ABI info
[0.185s] -- Detecting C compiler ABI info - done
[0.191s] -- Check for working C compiler: /usr/bin/cc - skipped
[0.191s] -- Detecting C compile features
[0.192s] -- Detecting C compile features - done
[0.194s] -- Detecting CXX compiler ABI info
[0.261s] -- Detecting CXX compiler ABI info - done
[0.266s] -- Check for working CXX compiler: /usr/bin/c++ - skipped
[0.267s] -- Detecting CXX compile features
[0.267s] -- Detecting CXX compile features - done
[0.272s] -- Found ament_cmake: 1.3.11 (/opt/ros/humble/share/ament_cmake/cmake)
[0.392s] -- Found Python3: /usr/bin/python3 (found version "3.10.12") found components: Interpreter 
[0.492s] -- Found ament_lint_auto: 0.12.12 (/opt/ros/humble/share/ament_lint_auto/cmake)
[0.568s] -- Added test 'lint_cmake' to check CMake code style
[0.569s] -- Added test 'xmllint' to check XML markup files
[0.570s] -- Configuring done
[0.572s] -- Generating done
[0.573s] -- Build files have been written to: /home/user/ros2_teaching/build/interfaces
[0.576s] Invoked command in '/home/user/ros2_teaching/build/interfaces' returned '0': CMAKE_PREFIX_PATH=${CMAKE_PREFIX_PATH}:/opt/ros/humble /usr/bin/cmake /home/user/ros2_teaching/src/interfaces -DCMAKE_INSTALL_PREFIX=/home/user/ros2_teaching/install/interfaces
[0.578s] Invoking command in '/home/user/ros2_teaching/build/interfaces': CMAKE_PREFIX_PATH=${CMAKE_PREFIX_PATH}:/opt/ros/humble /usr/bin/cmake --build /home/user/ros2_teaching/build/interfaces -- -j8 -l8
[0.605s] Invoked command in '/home/user/ros2_teaching/build/interfaces' returned '0': CMAKE_PREFIX_PATH=${CMAKE_PREFIX_PATH}:/opt/ros/humble /usr/bin/cmake --build /home/user/ros2_teaching/build/interfaces -- -j8 -l8
[0.615s] Invoking command in '/home/user/ros2_teaching/build/interfaces': CMAKE_PREFIX_PATH=${CMAKE_PREFIX_PATH}:/opt/ros/humble /usr/bin/cmake --install /home/user/ros2_teaching/build/interfaces
[0.625s] -- Install configuration: ""
[0.625s] -- Installing: /home/user/ros2_teaching/install/interfaces/share/ament_index/resource_index/package_run_dependencies/interfaces
[0.625s] -- Installing: /home/user/ros2_teaching/install/interfaces/share/ament_index/resource_index/parent_prefix_path/interfaces
[0.625s] -- Installing: /home/user/ros2_teaching/install/interfaces/share/interfaces/environment/ament_prefix_path.sh
[0.625s] -- Installing: /home/user/ros2_teaching/install/interfaces/share/interfaces/environment/ament_prefix_path.dsv
[0.625s] -- Installing: /home/user/ros2_teaching/install/interfaces/share/interfaces/environment/path.sh
[0.625s] -- Installing: /home/user/ros2_teaching/install/interfaces/share/interfaces/environment/path.dsv
[0.625s] -- Installing: /home/user/ros2_teaching/install/interfaces/share/interfaces/local_setup.bash
[0.625s] -- Installing: /home/user/ros2_teaching/install/interfaces/share/interfaces/local_setup.sh
[0.625s] -- Installing: /home/user/ros2_teaching/install/interfaces/share/interfaces/local_setup.zsh
[0.626s] -- Installing: /home/user/ros2_teaching/install/interfaces/share/interfaces/local_setup.dsv
[0.626s] -- Installing: /home/user/ros2_teaching/install/interfaces/share/interfaces/package.dsv
[0.626s] -- Installing: /home/user/ros2_teaching/install/interfaces/share/ament_index/resource_index/packages/interfaces
[0.626s] -- Installing: /home/user/ros2_teaching/install/interfaces/share/interfaces/cmake/interfacesConfig.cmake
[0.626s] -- Installing: /home/user/ros2_teaching/install/interfaces/share/interfaces/cmake/interfacesConfig-version.cmake
[0.626s] -- Installing: /home/user/ros2_teaching/install/interfaces/share/interfaces/package.xml
[0.627s] Invoked command in '/home/user/ros2_teaching/build/interfaces' returned '0': CMAKE_PREFIX_PATH=${CMAKE_PREFIX_PATH}:/opt/ros/humble /usr/bin/cmake --install /home/user/ros2_teaching/build/interfaces
