[0.009s] Invoking command in '/home/user/ros2_teaching/build/interfaces': CMAKE_PREFIX_PATH=${CMAKE_PREFIX_PATH}:/opt/ros/humble /usr/bin/cmake --build /home/user/ros2_teaching/build/interfaces -- -j8 -l8
[0.033s] -- Found ament_cmake: 1.3.11 (/opt/ros/humble/share/ament_cmake/cmake)
[0.133s] -- Found geometry_msgs: 4.9.0 (/opt/ros/humble/share/geometry_msgs/cmake)
[0.151s] -- Found rosidl_generator_c: 3.1.6 (/opt/ros/humble/share/rosidl_generator_c/cmake)
[0.153s] -- Found rosidl_adapter: 3.1.6 (/opt/ros/humble/share/rosidl_adapter/cmake)
[0.157s] -- Found rosidl_generator_cpp: 3.1.6 (/opt/ros/humble/share/rosidl_generator_cpp/cmake)
[0.166s] -- Using all available rosidl_typesupport_c: rosidl_typesupport_fastrtps_c;rosidl_typesupport_introspection_c
[0.175s] -- Using all available rosidl_typesupport_cpp: rosidl_typesupport_fastrtps_cpp;rosidl_typesupport_introspection_cpp
[0.201s] -- Found rosidl_default_generators: 1.2.0 (/opt/ros/humble/share/rosidl_default_generators/cmake)
[0.439s] -- Found ament_cmake_ros: 0.10.0 (/opt/ros/humble/share/ament_cmake_ros/cmake)
[0.773s] -- Using all available rosidl_typesupport_c: rosidl_typesupport_fastrtps_c;rosidl_typesupport_introspection_c
[0.916s] -- Using all available rosidl_typesupport_cpp: rosidl_typesupport_fastrtps_cpp;rosidl_typesupport_introspection_cpp
[0.940s] -- Found PythonInterp: /usr/bin/python3 (found suitable version "3.10.12", minimum required is "3.6") 
[0.943s] -- Found python_cmake_module: 0.10.0 (/opt/ros/humble/share/python_cmake_module/cmake)
[0.968s] -- Found PythonLibs: /usr/lib/x86_64-linux-gnu/libpython3.10.so (found suitable version "3.10.12", minimum required is "3.5") 
[0.968s] -- Using PYTHON_EXECUTABLE: /usr/bin/python3
[0.968s] -- Using PYTHON_INCLUDE_DIRS: /usr/include/python3.10
[0.968s] -- Using PYTHON_LIBRARIES: /usr/lib/x86_64-linux-gnu/libpython3.10.so
[0.985s] -- Found PythonExtra: .so  
[1.037s] -- Found ament_lint_auto: 0.12.12 (/opt/ros/humble/share/ament_lint_auto/cmake)
[1.046s] -- Added test 'lint_cmake' to check CMake code style
[1.046s] -- Added test 'xmllint' to check XML markup files
[1.048s] -- Configuring done
[1.071s] -- Generating done
[1.081s] -- Build files have been written to: /home/user/ros2_teaching/build/interfaces
[1.100s] [  3%] [34m[1mGenerating C code for ROS interfaces[0m
[1.107s] [  6%] [34m[1mGenerating C++ code for ROS interfaces[0m
[1.117s] [  6%] Built target ament_cmake_python_copy_interfaces
[1.322s] running egg_info
[1.323s] creating interfaces.egg-info
[1.323s] writing interfaces.egg-info/PKG-INFO
[1.324s] writing dependency_links to interfaces.egg-info/dependency_links.txt
[1.324s] writing top-level names to interfaces.egg-info/top_level.txt
[1.324s] writing manifest file 'interfaces.egg-info/SOURCES.txt'
[1.333s] reading manifest file 'interfaces.egg-info/SOURCES.txt'
[1.334s] writing manifest file 'interfaces.egg-info/SOURCES.txt'
[1.414s] [  6%] Built target ament_cmake_python_build_interfaces_egg
[1.415s] [  9%] [32mBuilding C object CMakeFiles/interfaces__rosidl_generator_c.dir/rosidl_generator_c/interfaces/srv/detail/distance__functions.c.o[0m
[1.419s] [  9%] Built target interfaces__cpp
[1.431s] [ 12%] [34m[1mGenerating C++ type support dispatch for ROS interfaces[0m
[1.432s] [ 16%] [34m[1mGenerating C++ introspection for ROS interfaces[0m
[1.432s] [ 19%] [34m[1mGenerating C++ type support for eProsima Fast-RTPS[0m
[1.492s] [ 22%] [32m[1mLinking C shared library libinterfaces__rosidl_generator_c.so[0m
[1.531s] [ 22%] Built target interfaces__rosidl_generator_c
[1.545s] [ 29%] [34m[1mGenerating C type support dispatch for ROS interfaces[0m
[1.545s] [ 29%] [34m[1mGenerating C introspection for ROS interfaces[0m
[1.545s] [ 32%] [34m[1mGenerating C type support for eProsima Fast-RTPS[0m
[1.729s] [ 35%] [32mBuilding CXX object CMakeFiles/interfaces__rosidl_typesupport_cpp.dir/rosidl_typesupport_cpp/interfaces/srv/distance__type_support.cpp.o[0m
[1.797s] [ 38%] [32mBuilding CXX object CMakeFiles/interfaces__rosidl_typesupport_introspection_cpp.dir/rosidl_typesupport_introspection_cpp/interfaces/srv/detail/distance__type_support.cpp.o[0m
[1.812s] [ 41%] [32mBuilding CXX object CMakeFiles/interfaces__rosidl_typesupport_fastrtps_cpp.dir/rosidl_typesupport_fastrtps_cpp/interfaces/srv/detail/dds_fastrtps/distance__type_support.cpp.o[0m
[1.909s] [ 45%] [32mBuilding C object CMakeFiles/interfaces__rosidl_typesupport_introspection_c.dir/rosidl_typesupport_introspection_c/interfaces/srv/detail/distance__type_support.c.o[0m
[1.931s] [ 48%] [32mBuilding CXX object CMakeFiles/interfaces__rosidl_typesupport_c.dir/rosidl_typesupport_c/interfaces/srv/distance__type_support.cpp.o[0m
[1.987s] [ 51%] [32m[1mLinking C shared library libinterfaces__rosidl_typesupport_introspection_c.so[0m
[1.992s] [ 54%] [32m[1mLinking CXX shared library libinterfaces__rosidl_typesupport_c.so[0m
[1.999s] [ 58%] [32mBuilding CXX object CMakeFiles/interfaces__rosidl_typesupport_fastrtps_c.dir/rosidl_typesupport_fastrtps_c/interfaces/srv/detail/distance__type_support_c.cpp.o[0m
[2.049s] [ 58%] Built target interfaces__rosidl_typesupport_introspection_c
[2.060s] [ 58%] Built target interfaces__rosidl_typesupport_c
[2.141s] [ 61%] [32m[1mLinking CXX shared library libinterfaces__rosidl_typesupport_cpp.so[0m
[2.189s] [ 61%] Built target interfaces__rosidl_typesupport_cpp
[2.302s] [ 64%] [32m[1mLinking CXX shared library libinterfaces__rosidl_typesupport_introspection_cpp.so[0m
[2.351s] [ 67%] [32m[1mLinking CXX shared library libinterfaces__rosidl_typesupport_fastrtps_cpp.so[0m
[2.452s] [ 67%] Built target interfaces__rosidl_typesupport_introspection_cpp
[2.487s] [ 70%] [32m[1mLinking CXX shared library libinterfaces__rosidl_typesupport_fastrtps_c.so[0m
[2.512s] [ 70%] Built target interfaces__rosidl_typesupport_fastrtps_cpp
[2.589s] [ 70%] Built target interfaces__rosidl_typesupport_fastrtps_c
[2.608s] [ 70%] Built target interfaces
[2.629s] [ 74%] [34m[1mGenerating Python code for ROS interfaces[0m
[2.962s] [ 74%] Built target interfaces__py
[2.982s] [ 77%] [32mBuilding C object CMakeFiles/interfaces__rosidl_generator_py.dir/rosidl_generator_py/interfaces/srv/_distance_s.c.o[0m
[3.112s] [ 80%] [32m[1mLinking C shared library rosidl_generator_py/interfaces/libinterfaces__rosidl_generator_py.so[0m
[3.160s] [ 80%] Built target interfaces__rosidl_generator_py
[3.180s] [ 90%] [32mBuilding C object CMakeFiles/interfaces__rosidl_typesupport_c__pyext.dir/rosidl_generator_py/interfaces/_interfaces_s.ep.rosidl_typesupport_c.c.o[0m
[3.180s] [ 90%] [32mBuilding C object CMakeFiles/interfaces__rosidl_typesupport_fastrtps_c__pyext.dir/rosidl_generator_py/interfaces/_interfaces_s.ep.rosidl_typesupport_fastrtps_c.c.o[0m
[3.180s] [ 90%] [32mBuilding C object CMakeFiles/interfaces__rosidl_typesupport_introspection_c__pyext.dir/rosidl_generator_py/interfaces/_interfaces_s.ep.rosidl_typesupport_introspection_c.c.o[0m
[3.279s] [100%] [32m[1mLinking C shared library rosidl_generator_py/interfaces/interfaces_s__rosidl_typesupport_c.cpython-310-x86_64-linux-gnu.so[0m
[3.279s] [100%] [32m[1mLinking C shared library rosidl_generator_py/interfaces/interfaces_s__rosidl_typesupport_fastrtps_c.cpython-310-x86_64-linux-gnu.so[0m
[3.279s] [100%] [32m[1mLinking C shared library rosidl_generator_py/interfaces/interfaces_s__rosidl_typesupport_introspection_c.cpython-310-x86_64-linux-gnu.so[0m
[3.311s] [100%] Built target interfaces__rosidl_typesupport_fastrtps_c__pyext
[3.312s] [100%] Built target interfaces__rosidl_typesupport_introspection_c__pyext
[3.312s] [100%] Built target interfaces__rosidl_typesupport_c__pyext
[3.321s] Invoked command in '/home/user/ros2_teaching/build/interfaces' returned '0': CMAKE_PREFIX_PATH=${CMAKE_PREFIX_PATH}:/opt/ros/humble /usr/bin/cmake --build /home/user/ros2_teaching/build/interfaces -- -j8 -l8
[3.330s] Invoking command in '/home/user/ros2_teaching/build/interfaces': CMAKE_PREFIX_PATH=${CMAKE_PREFIX_PATH}:/opt/ros/humble /usr/bin/cmake --install /home/user/ros2_teaching/build/interfaces
[3.338s] -- Install configuration: ""
[3.338s] -- Installing: /home/user/ros2_teaching/install/interfaces/share/ament_index/resource_index/rosidl_interfaces/interfaces
[3.338s] -- Installing: /home/user/ros2_teaching/install/interfaces/include/interfaces/interfaces
[3.338s] -- Installing: /home/user/ros2_teaching/install/interfaces/include/interfaces/interfaces/msg
[3.338s] -- Installing: /home/user/ros2_teaching/install/interfaces/include/interfaces/interfaces/msg/rosidl_generator_c__visibility_control.h
[3.338s] -- Installing: /home/user/ros2_teaching/install/interfaces/include/interfaces/interfaces/srv
[3.338s] -- Installing: /home/user/ros2_teaching/install/interfaces/include/interfaces/interfaces/srv/distance.h
[3.338s] -- Installing: /home/user/ros2_teaching/install/interfaces/include/interfaces/interfaces/srv/detail
[3.339s] -- Installing: /home/user/ros2_teaching/install/interfaces/include/interfaces/interfaces/srv/detail/distance__functions.c
[3.340s] -- Installing: /home/user/ros2_teaching/install/interfaces/include/interfaces/interfaces/srv/detail/distance__struct.h
[3.340s] -- Installing: /home/user/ros2_teaching/install/interfaces/include/interfaces/interfaces/srv/detail/distance__functions.h
[3.340s] -- Installing: /home/user/ros2_teaching/install/interfaces/include/interfaces/interfaces/srv/detail/distance__type_support.h
[3.340s] -- Installing: /home/user/ros2_teaching/install/interfaces/share/interfaces/environment/library_path.sh
[3.340s] -- Installing: /home/user/ros2_teaching/install/interfaces/share/interfaces/environment/library_path.dsv
[3.340s] -- Installing: /home/user/ros2_teaching/install/interfaces/lib/libinterfaces__rosidl_generator_c.so
[3.342s] -- Set runtime path of "/home/user/ros2_teaching/install/interfaces/lib/libinterfaces__rosidl_generator_c.so" to ""
[3.342s] -- Up-to-date: /home/user/ros2_teaching/install/interfaces/include/interfaces/interfaces
[3.342s] -- Up-to-date: /home/user/ros2_teaching/install/interfaces/include/interfaces/interfaces/msg
[3.342s] -- Installing: /home/user/ros2_teaching/install/interfaces/include/interfaces/interfaces/msg/rosidl_typesupport_fastrtps_c__visibility_control.h
[3.342s] -- Up-to-date: /home/user/ros2_teaching/install/interfaces/include/interfaces/interfaces/srv
[3.342s] -- Up-to-date: /home/user/ros2_teaching/install/interfaces/include/interfaces/interfaces/srv/detail
[3.342s] -- Installing: /home/user/ros2_teaching/install/interfaces/include/interfaces/interfaces/srv/detail/distance__rosidl_typesupport_fastrtps_c.h
[3.342s] -- Installing: /home/user/ros2_teaching/install/interfaces/lib/libinterfaces__rosidl_typesupport_fastrtps_c.so
[3.342s] -- Set runtime path of "/home/user/ros2_teaching/install/interfaces/lib/libinterfaces__rosidl_typesupport_fastrtps_c.so" to ""
[3.343s] -- Up-to-date: /home/user/ros2_teaching/install/interfaces/include/interfaces/interfaces
[3.343s] -- Up-to-date: /home/user/ros2_teaching/install/interfaces/include/interfaces/interfaces/msg
[3.343s] -- Installing: /home/user/ros2_teaching/install/interfaces/include/interfaces/interfaces/msg/rosidl_generator_cpp__visibility_control.hpp
[3.343s] -- Up-to-date: /home/user/ros2_teaching/install/interfaces/include/interfaces/interfaces/srv
[3.343s] -- Up-to-date: /home/user/ros2_teaching/install/interfaces/include/interfaces/interfaces/srv/detail
[3.343s] -- Installing: /home/user/ros2_teaching/install/interfaces/include/interfaces/interfaces/srv/detail/distance__traits.hpp
[3.343s] -- Installing: /home/user/ros2_teaching/install/interfaces/include/interfaces/interfaces/srv/detail/distance__struct.hpp
[3.343s] -- Installing: /home/user/ros2_teaching/install/interfaces/include/interfaces/interfaces/srv/detail/distance__type_support.hpp
[3.343s] -- Installing: /home/user/ros2_teaching/install/interfaces/include/interfaces/interfaces/srv/detail/distance__builder.hpp
[3.343s] -- Installing: /home/user/ros2_teaching/install/interfaces/include/interfaces/interfaces/srv/distance.hpp
[3.344s] -- Up-to-date: /home/user/ros2_teaching/install/interfaces/include/interfaces/interfaces
[3.344s] -- Up-to-date: /home/user/ros2_teaching/install/interfaces/include/interfaces/interfaces/msg
[3.344s] -- Installing: /home/user/ros2_teaching/install/interfaces/include/interfaces/interfaces/msg/rosidl_typesupport_fastrtps_cpp__visibility_control.h
[3.344s] -- Up-to-date: /home/user/ros2_teaching/install/interfaces/include/interfaces/interfaces/srv
[3.344s] -- Up-to-date: /home/user/ros2_teaching/install/interfaces/include/interfaces/interfaces/srv/detail
[3.344s] -- Installing: /home/user/ros2_teaching/install/interfaces/include/interfaces/interfaces/srv/detail/dds_fastrtps
[3.344s] -- Installing: /home/user/ros2_teaching/install/interfaces/include/interfaces/interfaces/srv/detail/distance__rosidl_typesupport_fastrtps_cpp.hpp
[3.344s] -- Installing: /home/user/ros2_teaching/install/interfaces/lib/libinterfaces__rosidl_typesupport_fastrtps_cpp.so
[3.345s] -- Set runtime path of "/home/user/ros2_teaching/install/interfaces/lib/libinterfaces__rosidl_typesupport_fastrtps_cpp.so" to ""
[3.345s] -- Up-to-date: /home/user/ros2_teaching/install/interfaces/include/interfaces/interfaces
[3.345s] -- Up-to-date: /home/user/ros2_teaching/install/interfaces/include/interfaces/interfaces/msg
[3.345s] -- Installing: /home/user/ros2_teaching/install/interfaces/include/interfaces/interfaces/msg/rosidl_typesupport_introspection_c__visibility_control.h
[3.345s] -- Up-to-date: /home/user/ros2_teaching/install/interfaces/include/interfaces/interfaces/srv
[3.345s] -- Up-to-date: /home/user/ros2_teaching/install/interfaces/include/interfaces/interfaces/srv/detail
[3.345s] -- Installing: /home/user/ros2_teaching/install/interfaces/include/interfaces/interfaces/srv/detail/distance__rosidl_typesupport_introspection_c.h
[3.345s] -- Installing: /home/user/ros2_teaching/install/interfaces/include/interfaces/interfaces/srv/detail/distance__type_support.c
[3.345s] -- Installing: /home/user/ros2_teaching/install/interfaces/lib/libinterfaces__rosidl_typesupport_introspection_c.so
[3.345s] -- Set runtime path of "/home/user/ros2_teaching/install/interfaces/lib/libinterfaces__rosidl_typesupport_introspection_c.so" to ""
[3.345s] -- Installing: /home/user/ros2_teaching/install/interfaces/lib/libinterfaces__rosidl_typesupport_c.so
[3.346s] -- Set runtime path of "/home/user/ros2_teaching/install/interfaces/lib/libinterfaces__rosidl_typesupport_c.so" to ""
[3.346s] -- Up-to-date: /home/user/ros2_teaching/install/interfaces/include/interfaces/interfaces
[3.346s] -- Up-to-date: /home/user/ros2_teaching/install/interfaces/include/interfaces/interfaces/srv
[3.346s] -- Up-to-date: /home/user/ros2_teaching/install/interfaces/include/interfaces/interfaces/srv/detail
[3.346s] -- Installing: /home/user/ros2_teaching/install/interfaces/include/interfaces/interfaces/srv/detail/distance__type_support.cpp
[3.346s] -- Installing: /home/user/ros2_teaching/install/interfaces/include/interfaces/interfaces/srv/detail/distance__rosidl_typesupport_introspection_cpp.hpp
[3.346s] -- Installing: /home/user/ros2_teaching/install/interfaces/lib/libinterfaces__rosidl_typesupport_introspection_cpp.so
[3.346s] -- Set runtime path of "/home/user/ros2_teaching/install/interfaces/lib/libinterfaces__rosidl_typesupport_introspection_cpp.so" to ""
[3.346s] -- Installing: /home/user/ros2_teaching/install/interfaces/lib/libinterfaces__rosidl_typesupport_cpp.so
[3.346s] -- Set runtime path of "/home/user/ros2_teaching/install/interfaces/lib/libinterfaces__rosidl_typesupport_cpp.so" to ""
[3.346s] -- Installing: /home/user/ros2_teaching/install/interfaces/share/interfaces/environment/pythonpath.sh
[3.347s] -- Installing: /home/user/ros2_teaching/install/interfaces/share/interfaces/environment/pythonpath.dsv
[3.347s] -- Installing: /home/user/ros2_teaching/install/interfaces/local/lib/python3.10/dist-packages/interfaces-0.0.0-py3.10.egg-info
[3.347s] -- Installing: /home/user/ros2_teaching/install/interfaces/local/lib/python3.10/dist-packages/interfaces-0.0.0-py3.10.egg-info/SOURCES.txt
[3.347s] -- Installing: /home/user/ros2_teaching/install/interfaces/local/lib/python3.10/dist-packages/interfaces-0.0.0-py3.10.egg-info/dependency_links.txt
[3.347s] -- Installing: /home/user/ros2_teaching/install/interfaces/local/lib/python3.10/dist-packages/interfaces-0.0.0-py3.10.egg-info/PKG-INFO
[3.347s] -- Installing: /home/user/ros2_teaching/install/interfaces/local/lib/python3.10/dist-packages/interfaces-0.0.0-py3.10.egg-info/top_level.txt
[3.347s] -- Installing: /home/user/ros2_teaching/install/interfaces/local/lib/python3.10/dist-packages/interfaces
[3.347s] -- Installing: /home/user/ros2_teaching/install/interfaces/local/lib/python3.10/dist-packages/interfaces/libinterfaces__rosidl_generator_py.so
[3.347s] -- Installing: /home/user/ros2_teaching/install/interfaces/local/lib/python3.10/dist-packages/interfaces/interfaces_s__rosidl_typesupport_introspection_c.cpython-310-x86_64-linux-gnu.so
[3.347s] -- Installing: /home/user/ros2_teaching/install/interfaces/local/lib/python3.10/dist-packages/interfaces/__init__.py
[3.347s] -- Installing: /home/user/ros2_teaching/install/interfaces/local/lib/python3.10/dist-packages/interfaces/_interfaces_s.ep.rosidl_typesupport_c.c
[3.347s] -- Installing: /home/user/ros2_teaching/install/interfaces/local/lib/python3.10/dist-packages/interfaces/_interfaces_s.ep.rosidl_typesupport_introspection_c.c
[3.348s] -- Installing: /home/user/ros2_teaching/install/interfaces/local/lib/python3.10/dist-packages/interfaces/interfaces_s__rosidl_typesupport_fastrtps_c.cpython-310-x86_64-linux-gnu.so
[3.348s] -- Installing: /home/user/ros2_teaching/install/interfaces/local/lib/python3.10/dist-packages/interfaces/_interfaces_s.ep.rosidl_typesupport_fastrtps_c.c
[3.348s] -- Installing: /home/user/ros2_teaching/install/interfaces/local/lib/python3.10/dist-packages/interfaces/srv
[3.348s] -- Installing: /home/user/ros2_teaching/install/interfaces/local/lib/python3.10/dist-packages/interfaces/srv/__init__.py
[3.348s] -- Installing: /home/user/ros2_teaching/install/interfaces/local/lib/python3.10/dist-packages/interfaces/srv/_distance.py
[3.348s] -- Installing: /home/user/ros2_teaching/install/interfaces/local/lib/python3.10/dist-packages/interfaces/srv/_distance_s.c
[3.348s] -- Installing: /home/user/ros2_teaching/install/interfaces/local/lib/python3.10/dist-packages/interfaces/interfaces_s__rosidl_typesupport_c.cpython-310-x86_64-linux-gnu.so
[3.380s] Listing '/home/user/ros2_teaching/install/interfaces/local/lib/python3.10/dist-packages/interfaces'...
[3.380s] Compiling '/home/user/ros2_teaching/install/interfaces/local/lib/python3.10/dist-packages/interfaces/__init__.py'...
[3.380s] Listing '/home/user/ros2_teaching/install/interfaces/local/lib/python3.10/dist-packages/interfaces/srv'...
[3.380s] Compiling '/home/user/ros2_teaching/install/interfaces/local/lib/python3.10/dist-packages/interfaces/srv/__init__.py'...
[3.381s] Compiling '/home/user/ros2_teaching/install/interfaces/local/lib/python3.10/dist-packages/interfaces/srv/_distance.py'...
[3.385s] -- Installing: /home/user/ros2_teaching/install/interfaces/local/lib/python3.10/dist-packages/interfaces/interfaces_s__rosidl_typesupport_fastrtps_c.cpython-310-x86_64-linux-gnu.so
[3.385s] -- Set runtime path of "/home/user/ros2_teaching/install/interfaces/local/lib/python3.10/dist-packages/interfaces/interfaces_s__rosidl_typesupport_fastrtps_c.cpython-310-x86_64-linux-gnu.so" to ""
[3.385s] -- Installing: /home/user/ros2_teaching/install/interfaces/local/lib/python3.10/dist-packages/interfaces/interfaces_s__rosidl_typesupport_introspection_c.cpython-310-x86_64-linux-gnu.so
[3.385s] -- Set runtime path of "/home/user/ros2_teaching/install/interfaces/local/lib/python3.10/dist-packages/interfaces/interfaces_s__rosidl_typesupport_introspection_c.cpython-310-x86_64-linux-gnu.so" to ""
[3.385s] -- Installing: /home/user/ros2_teaching/install/interfaces/local/lib/python3.10/dist-packages/interfaces/interfaces_s__rosidl_typesupport_c.cpython-310-x86_64-linux-gnu.so
[3.386s] -- Set runtime path of "/home/user/ros2_teaching/install/interfaces/local/lib/python3.10/dist-packages/interfaces/interfaces_s__rosidl_typesupport_c.cpython-310-x86_64-linux-gnu.so" to ""
[3.386s] -- Installing: /home/user/ros2_teaching/install/interfaces/lib/libinterfaces__rosidl_generator_py.so
[3.386s] -- Set runtime path of "/home/user/ros2_teaching/install/interfaces/lib/libinterfaces__rosidl_generator_py.so" to ""
[3.386s] -- Installing: /home/user/ros2_teaching/install/interfaces/share/interfaces/srv/Distance.idl
[3.386s] -- Installing: /home/user/ros2_teaching/install/interfaces/share/interfaces/srv/Distance.srv
[3.386s] -- Installing: /home/user/ros2_teaching/install/interfaces/share/interfaces/srv/Distance_Request.msg
[3.386s] -- Installing: /home/user/ros2_teaching/install/interfaces/share/interfaces/srv/Distance_Response.msg
[3.386s] -- Installing: /home/user/ros2_teaching/install/interfaces/share/ament_index/resource_index/package_run_dependencies/interfaces
[3.386s] -- Up-to-date: /home/user/ros2_teaching/install/interfaces/share/ament_index/resource_index/parent_prefix_path/interfaces
[3.386s] -- Up-to-date: /home/user/ros2_teaching/install/interfaces/share/interfaces/environment/ament_prefix_path.sh
[3.387s] -- Installing: /home/user/ros2_teaching/install/interfaces/share/interfaces/environment/ament_prefix_path.dsv
[3.387s] -- Up-to-date: /home/user/ros2_teaching/install/interfaces/share/interfaces/environment/path.sh
[3.387s] -- Installing: /home/user/ros2_teaching/install/interfaces/share/interfaces/environment/path.dsv
[3.387s] -- Up-to-date: /home/user/ros2_teaching/install/interfaces/share/interfaces/local_setup.bash
[3.387s] -- Installing: /home/user/ros2_teaching/install/interfaces/share/interfaces/local_setup.sh
[3.387s] -- Up-to-date: /home/user/ros2_teaching/install/interfaces/share/interfaces/local_setup.zsh
[3.387s] -- Installing: /home/user/ros2_teaching/install/interfaces/share/interfaces/local_setup.dsv
[3.387s] -- Installing: /home/user/ros2_teaching/install/interfaces/share/interfaces/package.dsv
[3.387s] -- Up-to-date: /home/user/ros2_teaching/install/interfaces/share/ament_index/resource_index/packages/interfaces
[3.387s] -- Installing: /home/user/ros2_teaching/install/interfaces/share/interfaces/cmake/export_interfaces__rosidl_generator_cExport.cmake
[3.387s] -- Installing: /home/user/ros2_teaching/install/interfaces/share/interfaces/cmake/export_interfaces__rosidl_generator_cExport-noconfig.cmake
[3.387s] -- Installing: /home/user/ros2_teaching/install/interfaces/share/interfaces/cmake/export_interfaces__rosidl_typesupport_fastrtps_cExport.cmake
[3.387s] -- Installing: /home/user/ros2_teaching/install/interfaces/share/interfaces/cmake/export_interfaces__rosidl_typesupport_fastrtps_cExport-noconfig.cmake
[3.388s] -- Installing: /home/user/ros2_teaching/install/interfaces/share/interfaces/cmake/export_interfaces__rosidl_generator_cppExport.cmake
[3.388s] -- Installing: /home/user/ros2_teaching/install/interfaces/share/interfaces/cmake/export_interfaces__rosidl_typesupport_fastrtps_cppExport.cmake
[3.388s] -- Installing: /home/user/ros2_teaching/install/interfaces/share/interfaces/cmake/export_interfaces__rosidl_typesupport_fastrtps_cppExport-noconfig.cmake
[3.388s] -- Installing: /home/user/ros2_teaching/install/interfaces/share/interfaces/cmake/interfaces__rosidl_typesupport_introspection_cExport.cmake
[3.388s] -- Installing: /home/user/ros2_teaching/install/interfaces/share/interfaces/cmake/interfaces__rosidl_typesupport_introspection_cExport-noconfig.cmake
[3.388s] -- Installing: /home/user/ros2_teaching/install/interfaces/share/interfaces/cmake/interfaces__rosidl_typesupport_cExport.cmake
[3.388s] -- Installing: /home/user/ros2_teaching/install/interfaces/share/interfaces/cmake/interfaces__rosidl_typesupport_cExport-noconfig.cmake
[3.388s] -- Installing: /home/user/ros2_teaching/install/interfaces/share/interfaces/cmake/interfaces__rosidl_typesupport_introspection_cppExport.cmake
[3.388s] -- Installing: /home/user/ros2_teaching/install/interfaces/share/interfaces/cmake/interfaces__rosidl_typesupport_introspection_cppExport-noconfig.cmake
[3.388s] -- Installing: /home/user/ros2_teaching/install/interfaces/share/interfaces/cmake/interfaces__rosidl_typesupport_cppExport.cmake
[3.388s] -- Installing: /home/user/ros2_teaching/install/interfaces/share/interfaces/cmake/interfaces__rosidl_typesupport_cppExport-noconfig.cmake
[3.388s] -- Installing: /home/user/ros2_teaching/install/interfaces/share/interfaces/cmake/export_interfaces__rosidl_generator_pyExport.cmake
[3.388s] -- Installing: /home/user/ros2_teaching/install/interfaces/share/interfaces/cmake/export_interfaces__rosidl_generator_pyExport-noconfig.cmake
[3.389s] -- Installing: /home/user/ros2_teaching/install/interfaces/share/interfaces/cmake/rosidl_cmake-extras.cmake
[3.389s] -- Installing: /home/user/ros2_teaching/install/interfaces/share/interfaces/cmake/ament_cmake_export_dependencies-extras.cmake
[3.389s] -- Installing: /home/user/ros2_teaching/install/interfaces/share/interfaces/cmake/ament_cmake_export_include_directories-extras.cmake
[3.389s] -- Installing: /home/user/ros2_teaching/install/interfaces/share/interfaces/cmake/ament_cmake_export_libraries-extras.cmake
[3.389s] -- Installing: /home/user/ros2_teaching/install/interfaces/share/interfaces/cmake/ament_cmake_export_targets-extras.cmake
[3.389s] -- Installing: /home/user/ros2_teaching/install/interfaces/share/interfaces/cmake/rosidl_cmake_export_typesupport_targets-extras.cmake
[3.389s] -- Installing: /home/user/ros2_teaching/install/interfaces/share/interfaces/cmake/rosidl_cmake_export_typesupport_libraries-extras.cmake
[3.389s] -- Installing: /home/user/ros2_teaching/install/interfaces/share/interfaces/cmake/interfacesConfig.cmake
[3.389s] -- Up-to-date: /home/user/ros2_teaching/install/interfaces/share/interfaces/cmake/interfacesConfig-version.cmake
[3.389s] -- Installing: /home/user/ros2_teaching/install/interfaces/share/interfaces/package.xml
[3.391s] Invoked command in '/home/user/ros2_teaching/build/interfaces' returned '0': CMAKE_PREFIX_PATH=${CMAKE_PREFIX_PATH}:/opt/ros/humble /usr/bin/cmake --install /home/user/ros2_teaching/build/interfaces
