[0.011s] Invoking command in '/home/user/ros2_teaching/build/homework': CMAKE_PREFIX_PATH=${CMAKE_PREFIX_PATH}:/opt/ros/humble /usr/bin/cmake --build /home/user/ros2_teaching/build/homework -- -j8 -l8
[0.051s] [35m[1mConsolidate compiler generated dependencies of target Client[0m
[0.063s] [ 50%] Built target Subscriber
[0.063s] [ 50%] Built target Publisher
[0.063s] [ 75%] Built target Service
[0.067s] [ 87%] [32mBuilding CXX object CMakeFiles/Client.dir/src/client.cpp.o[0m
[3.004s] [100%] [32m[1mLinking CXX executable Client[0m
[3.149s] [100%] Built target Client
[3.158s] Invoked command in '/home/user/ros2_teaching/build/homework' returned '0': CMAKE_PREFIX_PATH=${CMAKE_PREFIX_PATH}:/opt/ros/humble /usr/bin/cmake --build /home/user/ros2_teaching/build/homework -- -j8 -l8
[3.165s] Invoking command in '/home/user/ros2_teaching/build/homework': CMAKE_PREFIX_PATH=${CMAKE_PREFIX_PATH}:/opt/ros/humble /usr/bin/cmake --install /home/user/ros2_teaching/build/homework
[3.171s] -- Install configuration: ""
[3.171s] -- Up-to-date: /home/user/ros2_teaching/install/homework/lib/homework/Publisher
[3.171s] -- Up-to-date: /home/user/ros2_teaching/install/homework/lib/homework/Subscriber
[3.171s] -- Up-to-date: /home/user/ros2_teaching/install/homework/lib/homework/Service
[3.171s] -- Installing: /home/user/ros2_teaching/install/homework/lib/homework/Client
[3.172s] -- Set runtime path of "/home/user/ros2_teaching/install/homework/lib/homework/Client" to ""
[3.172s] -- Up-to-date: /home/user/ros2_teaching/install/homework/share/ament_index/resource_index/package_run_dependencies/homework
[3.172s] -- Up-to-date: /home/user/ros2_teaching/install/homework/share/ament_index/resource_index/parent_prefix_path/homework
[3.172s] -- Up-to-date: /home/user/ros2_teaching/install/homework/share/homework/environment/ament_prefix_path.sh
[3.172s] -- Up-to-date: /home/user/ros2_teaching/install/homework/share/homework/environment/ament_prefix_path.dsv
[3.172s] -- Up-to-date: /home/user/ros2_teaching/install/homework/share/homework/environment/path.sh
[3.172s] -- Up-to-date: /home/user/ros2_teaching/install/homework/share/homework/environment/path.dsv
[3.172s] -- Up-to-date: /home/user/ros2_teaching/install/homework/share/homework/local_setup.bash
[3.173s] -- Up-to-date: /home/user/ros2_teaching/install/homework/share/homework/local_setup.sh
[3.173s] -- Up-to-date: /home/user/ros2_teaching/install/homework/share/homework/local_setup.zsh
[3.173s] -- Up-to-date: /home/user/ros2_teaching/install/homework/share/homework/local_setup.dsv
[3.173s] -- Installing: /home/user/ros2_teaching/install/homework/share/homework/package.dsv
[3.173s] -- Up-to-date: /home/user/ros2_teaching/install/homework/share/ament_index/resource_index/packages/homework
[3.173s] -- Up-to-date: /home/user/ros2_teaching/install/homework/share/homework/cmake/homeworkConfig.cmake
[3.173s] -- Up-to-date: /home/user/ros2_teaching/install/homework/share/homework/cmake/homeworkConfig-version.cmake
[3.173s] -- Up-to-date: /home/user/ros2_teaching/install/homework/share/homework/package.xml
[3.174s] Invoked command in '/home/user/ros2_teaching/build/homework' returned '0': CMAKE_PREFIX_PATH=${CMAKE_PREFIX_PATH}:/opt/ros/humble /usr/bin/cmake --install /home/user/ros2_teaching/build/homework
