[35m[1mConsolidate compiler generated dependencies of target Client[0m
[ 25%] Built target Publisher
[ 75%] Built target Subscriber
[ 75%] Built target Service
[ 87%] [32mBuilding CXX object CMakeFiles/Client.dir/src/client.cpp.o[0m
[100%] [32m[1mLinking CXX executable Client[0m
[100%] Built target Client
-- Install configuration: ""
-- Installing: /home/user/ros2_teaching/install/homework/lib/homework/Publisher
-- Set runtime path of "/home/user/ros2_teaching/install/homework/lib/homework/Publisher" to ""
-- Installing: /home/user/ros2_teaching/install/homework/lib/homework/Subscriber
-- Set runtime path of "/home/user/ros2_teaching/install/homework/lib/homework/Subscriber" to ""
-- Installing: /home/user/ros2_teaching/install/homework/lib/homework/Service
-- Set runtime path of "/home/user/ros2_teaching/install/homework/lib/homework/Service" to ""
-- Installing: /home/user/ros2_teaching/install/homework/lib/homework/Client
-- Set runtime path of "/home/user/ros2_teaching/install/homework/lib/homework/Client" to ""
-- Installing: /home/user/ros2_teaching/install/homework/share/ament_index/resource_index/package_run_dependencies/homework
-- Installing: /home/user/ros2_teaching/install/homework/share/ament_index/resource_index/parent_prefix_path/homework
-- Up-to-date: /home/user/ros2_teaching/install/homework/share/homework/environment/ament_prefix_path.sh
-- Installing: /home/user/ros2_teaching/install/homework/share/homework/environment/ament_prefix_path.dsv
-- Up-to-date: /home/user/ros2_teaching/install/homework/share/homework/environment/path.sh
-- Installing: /home/user/ros2_teaching/install/homework/share/homework/environment/path.dsv
-- Up-to-date: /home/user/ros2_teaching/install/homework/share/homework/local_setup.bash
-- Up-to-date: /home/user/ros2_teaching/install/homework/share/homework/local_setup.sh
-- Up-to-date: /home/user/ros2_teaching/install/homework/share/homework/local_setup.zsh
-- Installing: /home/user/ros2_teaching/install/homework/share/homework/local_setup.dsv
-- Installing: /home/user/ros2_teaching/install/homework/share/homework/package.dsv
-- Up-to-date: /home/user/ros2_teaching/install/homework/share/ament_index/resource_index/packages/homework
-- Up-to-date: /home/user/ros2_teaching/install/homework/share/homework/cmake/homeworkConfig.cmake
-- Up-to-date: /home/user/ros2_teaching/install/homework/share/homework/cmake/homeworkConfig-version.cmake
-- Installing: /home/user/ros2_teaching/install/homework/share/homework/package.xml
