[0.011s] Invoking command in '/home/user/ros2_teaching/build/homework': CMAKE_PREFIX_PATH=${CMAKE_PREFIX_PATH}:/opt/ros/humble /usr/bin/cmake --build /home/user/ros2_teaching/build/homework -- -j8 -l8
[0.050s] [35m[1mConsolidate compiler generated dependencies of target Client[0m
[0.061s] [ 25%] Built target Publisher
[0.062s] [ 75%] Built target Subscriber
[0.063s] [ 75%] Built target Service
[0.065s] [ 87%] [32mBuilding CXX object CMakeFiles/Client.dir/src/client.cpp.o[0m
[3.052s] [100%] [32m[1mLinking CXX executable Client[0m
[3.184s] [100%] Built target Client
[3.192s] Invoked command in '/home/user/ros2_teaching/build/homework' returned '0': CMAKE_PREFIX_PATH=${CMAKE_PREFIX_PATH}:/opt/ros/humble /usr/bin/cmake --build /home/user/ros2_teaching/build/homework -- -j8 -l8
[3.199s] Invoking command in '/home/user/ros2_teaching/build/homework': CMAKE_PREFIX_PATH=${CMAKE_PREFIX_PATH}:/opt/ros/humble /usr/bin/cmake --install /home/user/ros2_teaching/build/homework
[3.204s] -- Install configuration: ""
[3.205s] -- Installing: /home/user/ros2_teaching/install/homework/lib/homework/Publisher
[3.206s] -- Set runtime path of "/home/user/ros2_teaching/install/homework/lib/homework/Publisher" to ""
[3.206s] -- Installing: /home/user/ros2_teaching/install/homework/lib/homework/Subscriber
[3.208s] -- Set runtime path of "/home/user/ros2_teaching/install/homework/lib/homework/Subscriber" to ""
[3.208s] -- Installing: /home/user/ros2_teaching/install/homework/lib/homework/Service
[3.209s] -- Set runtime path of "/home/user/ros2_teaching/install/homework/lib/homework/Service" to ""
[3.209s] -- Installing: /home/user/ros2_teaching/install/homework/lib/homework/Client
[3.209s] -- Set runtime path of "/home/user/ros2_teaching/install/homework/lib/homework/Client" to ""
[3.209s] -- Installing: /home/user/ros2_teaching/install/homework/share/ament_index/resource_index/package_run_dependencies/homework
[3.209s] -- Installing: /home/user/ros2_teaching/install/homework/share/ament_index/resource_index/parent_prefix_path/homework
[3.209s] -- Up-to-date: /home/user/ros2_teaching/install/homework/share/homework/environment/ament_prefix_path.sh
[3.209s] -- Installing: /home/user/ros2_teaching/install/homework/share/homework/environment/ament_prefix_path.dsv
[3.210s] -- Up-to-date: /home/user/ros2_teaching/install/homework/share/homework/environment/path.sh
[3.210s] -- Installing: /home/user/ros2_teaching/install/homework/share/homework/environment/path.dsv
[3.210s] -- Up-to-date: /home/user/ros2_teaching/install/homework/share/homework/local_setup.bash
[3.210s] -- Up-to-date: /home/user/ros2_teaching/install/homework/share/homework/local_setup.sh
[3.210s] -- Up-to-date: /home/user/ros2_teaching/install/homework/share/homework/local_setup.zsh
[3.210s] -- Installing: /home/user/ros2_teaching/install/homework/share/homework/local_setup.dsv
[3.210s] -- Installing: /home/user/ros2_teaching/install/homework/share/homework/package.dsv
[3.210s] -- Up-to-date: /home/user/ros2_teaching/install/homework/share/ament_index/resource_index/packages/homework
[3.210s] -- Up-to-date: /home/user/ros2_teaching/install/homework/share/homework/cmake/homeworkConfig.cmake
[3.210s] -- Up-to-date: /home/user/ros2_teaching/install/homework/share/homework/cmake/homeworkConfig-version.cmake
[3.210s] -- Installing: /home/user/ros2_teaching/install/homework/share/homework/package.xml
[3.212s] Invoked command in '/home/user/ros2_teaching/build/homework' returned '0': CMAKE_PREFIX_PATH=${CMAKE_PREFIX_PATH}:/opt/ros/humble /usr/bin/cmake --install /home/user/ros2_teaching/build/homework
