[35m[1mConsolidate compiler generated dependencies of target Server[0m
[35m[1mConsolidate compiler generated dependencies of target Client[0m
[ 50%] Built target Subscriber
[ 50%] Built target Publisher
[ 75%] Built target Client
[ 87%] [32mBuilding CXX object CMakeFiles/Server.dir/src/server.cpp.o[0m
[100%] [32m[1mLinking CXX executable Server[0m
[100%] Built target Server
-- Install configuration: ""
-- Up-to-date: /home/user/ros2_teaching/install/homework/lib/homework/Publisher
-- Up-to-date: /home/user/ros2_teaching/install/homework/lib/homework/Subscriber
-- Installing: /home/user/ros2_teaching/install/homework/lib/homework/Server
-- Set runtime path of "/home/user/ros2_teaching/install/homework/lib/homework/Server" to ""
-- Up-to-date: /home/user/ros2_teaching/install/homework/lib/homework/Client
-- Up-to-date: /home/user/ros2_teaching/install/homework/share/ament_index/resource_index/package_run_dependencies/homework
-- Up-to-date: /home/user/ros2_teaching/install/homework/share/ament_index/resource_index/parent_prefix_path/homework
-- Up-to-date: /home/user/ros2_teaching/install/homework/share/homework/environment/ament_prefix_path.sh
-- Up-to-date: /home/user/ros2_teaching/install/homework/share/homework/environment/ament_prefix_path.dsv
-- Up-to-date: /home/user/ros2_teaching/install/homework/share/homework/environment/path.sh
-- Up-to-date: /home/user/ros2_teaching/install/homework/share/homework/environment/path.dsv
-- Up-to-date: /home/user/ros2_teaching/install/homework/share/homework/local_setup.bash
-- Up-to-date: /home/user/ros2_teaching/install/homework/share/homework/local_setup.sh
-- Up-to-date: /home/user/ros2_teaching/install/homework/share/homework/local_setup.zsh
-- Up-to-date: /home/user/ros2_teaching/install/homework/share/homework/local_setup.dsv
-- Installing: /home/user/ros2_teaching/install/homework/share/homework/package.dsv
-- Up-to-date: /home/user/ros2_teaching/install/homework/share/ament_index/resource_index/packages/homework
-- Up-to-date: /home/user/ros2_teaching/install/homework/share/homework/cmake/homeworkConfig.cmake
-- Up-to-date: /home/user/ros2_teaching/install/homework/share/homework/cmake/homeworkConfig-version.cmake
-- Up-to-date: /home/user/ros2_teaching/install/homework/share/homework/package.xml
