[0.011s] Invoking command in '/home/user/ros2_teaching/build/homework': CMAKE_PREFIX_PATH=/home/user/ros2_teaching/install/interfaces:/home/user/ros2_teaching/install/homework:/opt/ros/humble /usr/bin/cmake --build /home/user/ros2_teaching/build/homework -- -j8 -l8
[0.050s] [35m[1mConsolidate compiler generated dependencies of target Server[0m
[0.051s] [35m[1mConsolidate compiler generated dependencies of target Client[0m
[0.061s] [ 50%] Built target Subscriber
[0.062s] [ 50%] Built target Publisher
[0.065s] [ 75%] Built target Client
[0.068s] [ 87%] [32mBuilding CXX object CMakeFiles/Server.dir/src/server.cpp.o[0m
[2.949s] [100%] [32m[1mLinking CXX executable Server[0m
[3.087s] [100%] Built target Server
[3.097s] Invoked command in '/home/user/ros2_teaching/build/homework' returned '0': CMAKE_PREFIX_PATH=/home/user/ros2_teaching/install/interfaces:/home/user/ros2_teaching/install/homework:/opt/ros/humble /usr/bin/cmake --build /home/user/ros2_teaching/build/homework -- -j8 -l8
[3.104s] Invoking command in '/home/user/ros2_teaching/build/homework': CMAKE_PREFIX_PATH=/home/user/ros2_teaching/install/interfaces:/home/user/ros2_teaching/install/homework:/opt/ros/humble /usr/bin/cmake --install /home/user/ros2_teaching/build/homework
[3.109s] -- Install configuration: ""
[3.109s] -- Up-to-date: /home/user/ros2_teaching/install/homework/lib/homework/Publisher
[3.109s] -- Up-to-date: /home/user/ros2_teaching/install/homework/lib/homework/Subscriber
[3.109s] -- Installing: /home/user/ros2_teaching/install/homework/lib/homework/Server
[3.110s] -- Set runtime path of "/home/user/ros2_teaching/install/homework/lib/homework/Server" to ""
[3.110s] -- Up-to-date: /home/user/ros2_teaching/install/homework/lib/homework/Client
[3.110s] -- Up-to-date: /home/user/ros2_teaching/install/homework/share/ament_index/resource_index/package_run_dependencies/homework
[3.110s] -- Up-to-date: /home/user/ros2_teaching/install/homework/share/ament_index/resource_index/parent_prefix_path/homework
[3.110s] -- Up-to-date: /home/user/ros2_teaching/install/homework/share/homework/environment/ament_prefix_path.sh
[3.110s] -- Up-to-date: /home/user/ros2_teaching/install/homework/share/homework/environment/ament_prefix_path.dsv
[3.110s] -- Up-to-date: /home/user/ros2_teaching/install/homework/share/homework/environment/path.sh
[3.111s] -- Up-to-date: /home/user/ros2_teaching/install/homework/share/homework/environment/path.dsv
[3.111s] -- Up-to-date: /home/user/ros2_teaching/install/homework/share/homework/local_setup.bash
[3.111s] -- Up-to-date: /home/user/ros2_teaching/install/homework/share/homework/local_setup.sh
[3.111s] -- Up-to-date: /home/user/ros2_teaching/install/homework/share/homework/local_setup.zsh
[3.111s] -- Up-to-date: /home/user/ros2_teaching/install/homework/share/homework/local_setup.dsv
[3.111s] -- Installing: /home/user/ros2_teaching/install/homework/share/homework/package.dsv
[3.111s] -- Up-to-date: /home/user/ros2_teaching/install/homework/share/ament_index/resource_index/packages/homework
[3.111s] -- Up-to-date: /home/user/ros2_teaching/install/homework/share/homework/cmake/homeworkConfig.cmake
[3.111s] -- Up-to-date: /home/user/ros2_teaching/install/homework/share/homework/cmake/homeworkConfig-version.cmake
[3.111s] -- Up-to-date: /home/user/ros2_teaching/install/homework/share/homework/package.xml
[3.112s] Invoked command in '/home/user/ros2_teaching/build/homework' returned '0': CMAKE_PREFIX_PATH=/home/user/ros2_teaching/install/interfaces:/home/user/ros2_teaching/install/homework:/opt/ros/humble /usr/bin/cmake --install /home/user/ros2_teaching/build/homework
